<?xml version="1.0" encoding="utf-8"?>
<CoverageSession xmlns:xsd="http://www.w3.org/2001/XMLSchema" xmlns:xsi="http://www.w3.org/2001/XMLSchema-instance" Version="0.0.0.0">
  <Summary numSequencePoints="212" visitedSequencePoints="204" numBranchPoints="0" visitedBranchPoints="0" sequenceCoverage="96.23" branchCoverage="0.0" maxCyclomaticComplexity="0" minCyclomaticComplexity="0" maxCrapScore="0" minCrapScore="0" visitedClasses="20" numClasses="20" visitedMethods="37" numMethods="37" />
  <Modules>
    <Module>
      <Summary numSequencePoints="212" visitedSequencePoints="204" numBranchPoints="0" visitedBranchPoints="0" sequenceCoverage="96.23" branchCoverage="0.0" maxCyclomaticComplexity="0" minCyclomaticComplexity="0" maxCrapScore="0" minCrapScore="0" visitedClasses="20" numClasses="20" visitedMethods="37" numMethods="37" />
      <ModuleTime>0001-01-01T00:00:00</ModuleTime>
      <ModuleName>PlayModeTests</ModuleName>
      <Files>
        <File uid="47" fullPath="E:/Game_3D-Update/3D_Nang_Cao/Assets/Tests/PlayMode/PlayerAttack.cs" />
        <File uid="48" fullPath="E:/Game_3D-Update/3D_Nang_Cao/Assets/Tests/PlayMode/PlayerPlayModeTest.cs" />
      </Files>
      <Classes>
        <Class>
          <Summary numSequencePoints="97" visitedSequencePoints="91" numBranchPoints="0" visitedBranchPoints="0" sequenceCoverage="93.81" branchCoverage="0.0" maxCyclomaticComplexity="0" minCyclomaticComplexity="0" maxCrapScore="0" minCrapScore="0" visitedClasses="1" numClasses="1" visitedMethods="12" numMethods="12" />
          <FullName>PlayerAttack</FullName>
          <Methods>
            <Method visited="true" cyclomaticComplexity="0" nPathComplexity="0" sequenceCoverage="95.24" branchCoverage="0" crapScore="0" isConstructor="false" isStatic="false" isGetter="false" isSetter="false">
              <Summary numSequencePoints="21" visitedSequencePoints="20" numBranchPoints="0" visitedBranchPoints="0" sequenceCoverage="95.24" branchCoverage="0" maxCyclomaticComplexity="0" minCyclomaticComplexity="0" maxCrapScore="0" minCrapScore="0" visitedClasses="0" numClasses="0" visitedMethods="1" numMethods="1" />
              <MetadataToken>100663297</MetadataToken>
              <Name>System.Void PlayerAttack::SwitchAttack()</Name>
              <FileRef uid="47" />
              <SequencePoints>
                <SequencePoint vc="13" uspid="3058" ordinal="0" offset="0" sl="23" sc="2" el="23" ec="2" bec="0" bev="0" fileid="47" />
                <SequencePoint vc="13" uspid="3059" ordinal="0" offset="1" sl="25" sc="3" el="25" ec="3" bec="0" bev="0" fileid="47" />
                <SequencePoint vc="0" uspid="3060" ordinal="0" offset="14" sl="26" sc="4" el="26" ec="4" bec="0" bev="0" fileid="47" />
                <SequencePoint vc="13" uspid="3061" ordinal="0" offset="19" sl="28" sc="3" el="28" ec="3" bec="0" bev="0" fileid="47" />
                <SequencePoint vc="13" uspid="3062" ordinal="0" offset="33" sl="29" sc="3" el="29" ec="3" bec="0" bev="0" fileid="47" />
                <SequencePoint vc="1" uspid="3063" ordinal="0" offset="54" sl="30" sc="4" el="30" ec="4" bec="0" bev="0" fileid="47" />
                <SequencePoint vc="13" uspid="3064" ordinal="0" offset="61" sl="33" sc="3" el="33" ec="3" bec="0" bev="0" fileid="47" />
                <SequencePoint vc="13" uspid="3065" ordinal="0" offset="68" sl="37" sc="3" el="37" ec="3" bec="0" bev="0" fileid="47" />
                <SequencePoint vc="1" uspid="3066" ordinal="0" offset="104" sl="42" sc="5" el="42" ec="5" bec="0" bev="0" fileid="47" />
                <SequencePoint vc="1" uspid="3067" ordinal="0" offset="122" sl="43" sc="6" el="43" ec="6" bec="0" bev="0" fileid="47" />
                <SequencePoint vc="1" uspid="3068" ordinal="0" offset="140" sl="44" sc="5" el="44" ec="5" bec="0" bev="0" fileid="47" />
                <SequencePoint vc="7" uspid="3069" ordinal="0" offset="142" sl="48" sc="5" el="48" ec="5" bec="0" bev="0" fileid="47" />
                <SequencePoint vc="7" uspid="3070" ordinal="0" offset="160" sl="49" sc="6" el="49" ec="6" bec="0" bev="0" fileid="47" />
                <SequencePoint vc="7" uspid="3071" ordinal="0" offset="178" sl="50" sc="5" el="50" ec="5" bec="0" bev="0" fileid="47" />
                <SequencePoint vc="3" uspid="3072" ordinal="0" offset="180" sl="54" sc="5" el="54" ec="5" bec="0" bev="0" fileid="47" />
                <SequencePoint vc="3" uspid="3073" ordinal="0" offset="198" sl="55" sc="6" el="55" ec="6" bec="0" bev="0" fileid="47" />
                <SequencePoint vc="3" uspid="3074" ordinal="0" offset="216" sl="56" sc="5" el="56" ec="5" bec="0" bev="0" fileid="47" />
                <SequencePoint vc="2" uspid="3075" ordinal="0" offset="218" sl="60" sc="5" el="60" ec="5" bec="0" bev="0" fileid="47" />
                <SequencePoint vc="2" uspid="3076" ordinal="0" offset="236" sl="61" sc="6" el="61" ec="6" bec="0" bev="0" fileid="47" />
                <SequencePoint vc="2" uspid="3077" ordinal="0" offset="254" sl="62" sc="5" el="62" ec="5" bec="0" bev="0" fileid="47" />
                <SequencePoint vc="13" uspid="3078" ordinal="0" offset="256" sl="64" sc="2" el="64" ec="2" bec="0" bev="0" fileid="47" />
              </SequencePoints>
              <BranchPoints />
            </Method>
            <Method visited="true" cyclomaticComplexity="0" nPathComplexity="0" sequenceCoverage="100.0" branchCoverage="0" crapScore="0" isConstructor="false" isStatic="false" isGetter="false" isSetter="false">
              <Summary numSequencePoints="9" visitedSequencePoints="9" numBranchPoints="0" visitedBranchPoints="0" sequenceCoverage="100.0" branchCoverage="0" maxCyclomaticComplexity="0" minCyclomaticComplexity="0" maxCrapScore="0" minCrapScore="0" visitedClasses="0" numClasses="0" visitedMethods="1" numMethods="1" />
              <MetadataToken>100663298</MetadataToken>
              <Name>System.Void PlayerAttack::Fire()</Name>
              <FileRef uid="47" />
              <SequencePoints>
                <SequencePoint vc="7" uspid="3079" ordinal="0" offset="0" sl="68" sc="2" el="68" ec="2" bec="0" bev="0" fileid="47" />
                <SequencePoint vc="7" uspid="3080" ordinal="0" offset="1" sl="70" sc="3" el="70" ec="3" bec="0" bev="0" fileid="47" />
                <SequencePoint vc="2" uspid="3081" ordinal="0" offset="25" sl="71" sc="4" el="71" ec="4" bec="0" bev="0" fileid="47" />
                <SequencePoint vc="5" uspid="3082" ordinal="0" offset="27" sl="77" sc="3" el="77" ec="3" bec="0" bev="0" fileid="47" />
                <SequencePoint vc="3" uspid="3083" ordinal="0" offset="47" sl="81" sc="5" el="81" ec="5" bec="0" bev="0" fileid="47" />
                <SequencePoint vc="3" uspid="3084" ordinal="0" offset="54" sl="82" sc="5" el="82" ec="5" bec="0" bev="0" fileid="47" />
                <SequencePoint vc="2" uspid="3085" ordinal="0" offset="56" sl="85" sc="5" el="85" ec="5" bec="0" bev="0" fileid="47" />
                <SequencePoint vc="2" uspid="3086" ordinal="0" offset="64" sl="86" sc="5" el="86" ec="5" bec="0" bev="0" fileid="47" />
                <SequencePoint vc="7" uspid="3087" ordinal="0" offset="66" sl="88" sc="2" el="88" ec="2" bec="0" bev="0" fileid="47" />
              </SequencePoints>
              <BranchPoints />
            </Method>
            <Method visited="true" cyclomaticComplexity="0" nPathComplexity="0" sequenceCoverage="90.91" branchCoverage="0" crapScore="0" isConstructor="false" isStatic="false" isGetter="false" isSetter="false">
              <Summary numSequencePoints="11" visitedSequencePoints="10" numBranchPoints="0" visitedBranchPoints="0" sequenceCoverage="90.91" branchCoverage="0" maxCyclomaticComplexity="0" minCyclomaticComplexity="0" maxCrapScore="0" minCrapScore="0" visitedClasses="0" numClasses="0" visitedMethods="1" numMethods="1" />
              <MetadataToken>100663299</MetadataToken>
              <Name>System.Void PlayerAttack::StopFiring()</Name>
              <FileRef uid="47" />
              <SequencePoints>
                <SequencePoint vc="3" uspid="3088" ordinal="0" offset="0" sl="92" sc="2" el="92" ec="2" bec="0" bev="0" fileid="47" />
                <SequencePoint vc="3" uspid="3089" ordinal="0" offset="1" sl="94" sc="3" el="94" ec="3" bec="0" bev="0" fileid="47" />
                <SequencePoint vc="0" uspid="3090" ordinal="0" offset="25" sl="95" sc="4" el="95" ec="4" bec="0" bev="0" fileid="47" />
                <SequencePoint vc="3" uspid="3091" ordinal="0" offset="27" sl="98" sc="3" el="98" ec="3" bec="0" bev="0" fileid="47" />
                <SequencePoint vc="1" uspid="3092" ordinal="0" offset="58" sl="102" sc="5" el="102" ec="5" bec="0" bev="0" fileid="47" />
                <SequencePoint vc="1" uspid="3093" ordinal="0" offset="66" sl="103" sc="5" el="103" ec="5" bec="0" bev="0" fileid="47" />
                <SequencePoint vc="1" uspid="3094" ordinal="0" offset="68" sl="106" sc="5" el="106" ec="5" bec="0" bev="0" fileid="47" />
                <SequencePoint vc="1" uspid="3095" ordinal="0" offset="75" sl="107" sc="5" el="107" ec="5" bec="0" bev="0" fileid="47" />
                <SequencePoint vc="1" uspid="3096" ordinal="0" offset="77" sl="110" sc="5" el="110" ec="5" bec="0" bev="0" fileid="47" />
                <SequencePoint vc="1" uspid="3097" ordinal="0" offset="84" sl="111" sc="5" el="111" ec="5" bec="0" bev="0" fileid="47" />
                <SequencePoint vc="3" uspid="3098" ordinal="0" offset="86" sl="113" sc="2" el="113" ec="2" bec="0" bev="0" fileid="47" />
              </SequencePoints>
              <BranchPoints />
            </Method>
            <Method visited="true" cyclomaticComplexity="0" nPathComplexity="0" sequenceCoverage="85.71" branchCoverage="0" crapScore="0" isConstructor="false" isStatic="false" isGetter="false" isSetter="false">
              <Summary numSequencePoints="7" visitedSequencePoints="6" numBranchPoints="0" visitedBranchPoints="0" sequenceCoverage="85.71" branchCoverage="0" maxCyclomaticComplexity="0" minCyclomaticComplexity="0" maxCrapScore="0" minCrapScore="0" visitedClasses="0" numClasses="0" visitedMethods="1" numMethods="1" />
              <MetadataToken>100663300</MetadataToken>
              <Name>System.Void PlayerAttack::ShootLightning()</Name>
              <FileRef uid="47" />
              <SequencePoints>
                <SequencePoint vc="3" uspid="3099" ordinal="0" offset="0" sl="117" sc="2" el="117" ec="2" bec="0" bev="0" fileid="47" />
                <SequencePoint vc="3" uspid="3100" ordinal="0" offset="1" sl="119" sc="3" el="119" ec="3" bec="0" bev="0" fileid="47" />
                <SequencePoint vc="0" uspid="3101" ordinal="0" offset="17" sl="120" sc="4" el="120" ec="4" bec="0" bev="0" fileid="47" />
                <SequencePoint vc="3" uspid="3102" ordinal="0" offset="19" sl="123" sc="3" el="123" ec="3" bec="0" bev="0" fileid="47" />
                <SequencePoint vc="3" uspid="3103" ordinal="0" offset="31" sl="125" sc="3" el="125" ec="3" bec="0" bev="0" fileid="47" />
                <SequencePoint vc="3" uspid="3104" ordinal="0" offset="48" sl="127" sc="3" el="127" ec="3" bec="0" bev="0" fileid="47" />
                <SequencePoint vc="3" uspid="3105" ordinal="0" offset="55" sl="128" sc="2" el="128" ec="2" bec="0" bev="0" fileid="47" />
              </SequencePoints>
              <BranchPoints />
            </Method>
            <Method visited="true" cyclomaticComplexity="0" nPathComplexity="0" sequenceCoverage="85.71" branchCoverage="0" crapScore="0" isConstructor="false" isStatic="false" isGetter="false" isSetter="false">
              <Summary numSequencePoints="7" visitedSequencePoints="6" numBranchPoints="0" visitedBranchPoints="0" sequenceCoverage="85.71" branchCoverage="0" maxCyclomaticComplexity="0" minCyclomaticComplexity="0" maxCrapScore="0" minCrapScore="0" visitedClasses="0" numClasses="0" visitedMethods="1" numMethods="1" />
              <MetadataToken>100663301</MetadataToken>
              <Name>System.Void PlayerAttack::ToggleFrost(System.Boolean)</Name>
              <FileRef uid="47" />
              <SequencePoints>
                <SequencePoint vc="3" uspid="3106" ordinal="0" offset="0" sl="132" sc="2" el="132" ec="2" bec="0" bev="0" fileid="47" />
                <SequencePoint vc="3" uspid="3107" ordinal="0" offset="1" sl="134" sc="3" el="134" ec="3" bec="0" bev="0" fileid="47" />
                <SequencePoint vc="0" uspid="3108" ordinal="0" offset="17" sl="135" sc="4" el="135" ec="4" bec="0" bev="0" fileid="47" />
                <SequencePoint vc="3" uspid="3109" ordinal="0" offset="19" sl="137" sc="3" el="137" ec="3" bec="0" bev="0" fileid="47" />
                <SequencePoint vc="2" uspid="3110" ordinal="0" offset="24" sl="138" sc="4" el="138" ec="4" bec="0" bev="0" fileid="47" />
                <SequencePoint vc="1" uspid="3111" ordinal="0" offset="38" sl="141" sc="4" el="141" ec="4" bec="0" bev="0" fileid="47" />
                <SequencePoint vc="3" uspid="3112" ordinal="0" offset="50" sl="142" sc="2" el="142" ec="2" bec="0" bev="0" fileid="47" />
              </SequencePoints>
              <BranchPoints />
            </Method>
            <Method visited="true" cyclomaticComplexity="0" nPathComplexity="0" sequenceCoverage="85.71" branchCoverage="0" crapScore="0" isConstructor="false" isStatic="false" isGetter="false" isSetter="false">
              <Summary numSequencePoints="7" visitedSequencePoints="6" numBranchPoints="0" visitedBranchPoints="0" sequenceCoverage="85.71" branchCoverage="0" maxCyclomaticComplexity="0" minCyclomaticComplexity="0" maxCrapScore="0" minCrapScore="0" visitedClasses="0" numClasses="0" visitedMethods="1" numMethods="1" />
              <MetadataToken>100663302</MetadataToken>
              <Name>System.Void PlayerAttack::ShootStink()</Name>
              <FileRef uid="47" />
              <SequencePoints>
                <SequencePoint vc="1" uspid="3113" ordinal="0" offset="0" sl="146" sc="2" el="146" ec="2" bec="0" bev="0" fileid="47" />
                <SequencePoint vc="1" uspid="3114" ordinal="0" offset="1" sl="148" sc="3" el="148" ec="3" bec="0" bev="0" fileid="47" />
                <SequencePoint vc="0" uspid="3115" ordinal="0" offset="17" sl="149" sc="4" el="149" ec="4" bec="0" bev="0" fileid="47" />
                <SequencePoint vc="1" uspid="3116" ordinal="0" offset="19" sl="151" sc="3" el="151" ec="3" bec="0" bev="0" fileid="47" />
                <SequencePoint vc="1" uspid="3117" ordinal="0" offset="31" sl="153" sc="3" el="153" ec="3" bec="0" bev="0" fileid="47" />
                <SequencePoint vc="1" uspid="3118" ordinal="0" offset="48" sl="155" sc="3" el="155" ec="3" bec="0" bev="0" fileid="47" />
                <SequencePoint vc="1" uspid="3119" ordinal="0" offset="55" sl="156" sc="2" el="156" ec="2" bec="0" bev="0" fileid="47" />
              </SequencePoints>
              <BranchPoints />
            </Method>
            <Method visited="true" cyclomaticComplexity="0" nPathComplexity="0" sequenceCoverage="88.89" branchCoverage="0" crapScore="0" isConstructor="false" isStatic="false" isGetter="false" isSetter="false">
              <Summary numSequencePoints="9" visitedSequencePoints="8" numBranchPoints="0" visitedBranchPoints="0" sequenceCoverage="88.89" branchCoverage="0" maxCyclomaticComplexity="0" minCyclomaticComplexity="0" maxCrapScore="0" minCrapScore="0" visitedClasses="0" numClasses="0" visitedMethods="1" numMethods="1" />
              <MetadataToken>100663303</MetadataToken>
              <Name>System.Void PlayerAttack::ShootSlime()</Name>
              <FileRef uid="47" />
              <SequencePoints>
                <SequencePoint vc="1" uspid="3120" ordinal="0" offset="0" sl="160" sc="2" el="160" ec="2" bec="0" bev="0" fileid="47" />
                <SequencePoint vc="1" uspid="3121" ordinal="0" offset="1" sl="162" sc="3" el="162" ec="3" bec="0" bev="0" fileid="47" />
                <SequencePoint vc="0" uspid="3122" ordinal="0" offset="17" sl="163" sc="4" el="163" ec="4" bec="0" bev="0" fileid="47" />
                <SequencePoint vc="1" uspid="3123" ordinal="0" offset="19" sl="165" sc="3" el="165" ec="3" bec="0" bev="0" fileid="47" />
                <SequencePoint vc="1" uspid="3124" ordinal="0" offset="34" sl="166" sc="3" el="166" ec="3" bec="0" bev="0" fileid="47" />
                <SequencePoint vc="1" uspid="3125" ordinal="0" offset="35" sl="168" sc="4" el="168" ec="4" bec="0" bev="0" fileid="47" />
                <SequencePoint vc="1" uspid="3126" ordinal="0" offset="52" sl="170" sc="4" el="170" ec="4" bec="0" bev="0" fileid="47" />
                <SequencePoint vc="1" uspid="3127" ordinal="0" offset="59" sl="171" sc="3" el="171" ec="3" bec="0" bev="0" fileid="47" />
                <SequencePoint vc="1" uspid="3128" ordinal="0" offset="60" sl="172" sc="2" el="172" ec="2" bec="0" bev="0" fileid="47" />
              </SequencePoints>
              <BranchPoints />
            </Method>
            <Method visited="true" cyclomaticComplexity="0" nPathComplexity="0" sequenceCoverage="100.0" branchCoverage="0" crapScore="0" isConstructor="false" isStatic="false" isGetter="false" isSetter="false">
              <Summary numSequencePoints="3" visitedSequencePoints="3" numBranchPoints="0" visitedBranchPoints="0" sequenceCoverage="100.0" branchCoverage="0" maxCyclomaticComplexity="0" minCyclomaticComplexity="0" maxCrapScore="0" minCrapScore="0" visitedClasses="0" numClasses="0" visitedMethods="1" numMethods="1" />
              <MetadataToken>100663304</MetadataToken>
              <Name>System.Boolean PlayerAttack::ReadyToAttack()</Name>
              <FileRef uid="47" />
              <SequencePoints>
                <SequencePoint vc="10" uspid="3129" ordinal="0" offset="0" sl="175" sc="2" el="175" ec="2" bec="0" bev="0" fileid="47" />
                <SequencePoint vc="10" uspid="3130" ordinal="0" offset="1" sl="177" sc="3" el="177" ec="3" bec="0" bev="0" fileid="47" />
                <SequencePoint vc="10" uspid="3131" ordinal="0" offset="27" sl="178" sc="2" el="178" ec="2" bec="0" bev="0" fileid="47" />
              </SequencePoints>
              <BranchPoints />
            </Method>
            <Method visited="true" cyclomaticComplexity="0" nPathComplexity="0" sequenceCoverage="100.0" branchCoverage="0" crapScore="0" isConstructor="false" isStatic="false" isGetter="false" isSetter="false">
              <Summary numSequencePoints="4" visitedSequencePoints="4" numBranchPoints="0" visitedBranchPoints="0" sequenceCoverage="100.0" branchCoverage="0" maxCyclomaticComplexity="0" minCyclomaticComplexity="0" maxCrapScore="0" minCrapScore="0" visitedClasses="0" numClasses="0" visitedMethods="1" numMethods="1" />
              <MetadataToken>100663305</MetadataToken>
              <Name>System.Void PlayerAttack::Defeated()</Name>
              <FileRef uid="47" />
              <SequencePoints>
                <SequencePoint vc="2" uspid="3132" ordinal="0" offset="0" sl="182" sc="2" el="182" ec="2" bec="0" bev="0" fileid="47" />
                <SequencePoint vc="2" uspid="3133" ordinal="0" offset="1" sl="184" sc="3" el="184" ec="3" bec="0" bev="0" fileid="47" />
                <SequencePoint vc="2" uspid="3134" ordinal="0" offset="8" sl="186" sc="3" el="186" ec="3" bec="0" bev="0" fileid="47" />
                <SequencePoint vc="2" uspid="3135" ordinal="0" offset="15" sl="187" sc="2" el="187" ec="2" bec="0" bev="0" fileid="47" />
              </SequencePoints>
              <BranchPoints />
            </Method>
            <Method visited="true" cyclomaticComplexity="0" nPathComplexity="0" sequenceCoverage="100.0" branchCoverage="0" crapScore="0" isConstructor="false" isStatic="false" isGetter="false" isSetter="false">
              <Summary numSequencePoints="5" visitedSequencePoints="5" numBranchPoints="0" visitedBranchPoints="0" sequenceCoverage="100.0" branchCoverage="0" maxCyclomaticComplexity="0" minCyclomaticComplexity="0" maxCrapScore="0" minCrapScore="0" visitedClasses="0" numClasses="0" visitedMethods="1" numMethods="1" />
              <MetadataToken>100663306</MetadataToken>
              <Name>System.Void PlayerAttack::BeginCountdown()</Name>
              <FileRef uid="47" />
              <SequencePoints>
                <SequencePoint vc="5" uspid="3136" ordinal="0" offset="0" sl="191" sc="2" el="191" ec="2" bec="0" bev="0" fileid="47" />
                <SequencePoint vc="5" uspid="3137" ordinal="0" offset="1" sl="193" sc="3" el="193" ec="3" bec="0" bev="0" fileid="47" />
                <SequencePoint vc="5" uspid="3138" ordinal="0" offset="12" sl="195" sc="3" el="195" ec="3" bec="0" bev="0" fileid="47" />
                <SequencePoint vc="5" uspid="3139" ordinal="0" offset="28" sl="196" sc="4" el="196" ec="4" bec="0" bev="0" fileid="47" />
                <SequencePoint vc="5" uspid="3140" ordinal="0" offset="46" sl="197" sc="2" el="197" ec="2" bec="0" bev="0" fileid="47" />
              </SequencePoints>
              <BranchPoints />
            </Method>
            <Method visited="true" cyclomaticComplexity="0" nPathComplexity="0" sequenceCoverage="100.0" branchCoverage="0" crapScore="0" isConstructor="false" isStatic="false" isGetter="false" isSetter="false">
              <Summary numSequencePoints="10" visitedSequencePoints="10" numBranchPoints="0" visitedBranchPoints="0" sequenceCoverage="100.0" branchCoverage="0" maxCyclomaticComplexity="0" minCyclomaticComplexity="0" maxCrapScore="0" minCrapScore="0" visitedClasses="0" numClasses="0" visitedMethods="1" numMethods="1" />
              <MetadataToken>100663307</MetadataToken>
              <Name>System.Void PlayerAttack::DisableAttacks()</Name>
              <FileRef uid="47" />
              <SequencePoints>
                <SequencePoint vc="15" uspid="3141" ordinal="0" offset="0" sl="201" sc="2" el="201" ec="2" bec="0" bev="0" fileid="47" />
                <SequencePoint vc="15" uspid="3142" ordinal="0" offset="1" sl="203" sc="3" el="203" ec="3" bec="0" bev="0" fileid="47" />
                <SequencePoint vc="15" uspid="3143" ordinal="0" offset="17" sl="204" sc="4" el="204" ec="4" bec="0" bev="0" fileid="47" />
                <SequencePoint vc="15" uspid="3144" ordinal="0" offset="35" sl="206" sc="3" el="206" ec="3" bec="0" bev="0" fileid="47" />
                <SequencePoint vc="15" uspid="3145" ordinal="0" offset="51" sl="207" sc="4" el="207" ec="4" bec="0" bev="0" fileid="47" />
                <SequencePoint vc="15" uspid="3146" ordinal="0" offset="69" sl="209" sc="3" el="209" ec="3" bec="0" bev="0" fileid="47" />
                <SequencePoint vc="15" uspid="3147" ordinal="0" offset="85" sl="210" sc="4" el="210" ec="4" bec="0" bev="0" fileid="47" />
                <SequencePoint vc="15" uspid="3148" ordinal="0" offset="103" sl="212" sc="3" el="212" ec="3" bec="0" bev="0" fileid="47" />
                <SequencePoint vc="15" uspid="3149" ordinal="0" offset="119" sl="213" sc="4" el="213" ec="4" bec="0" bev="0" fileid="47" />
                <SequencePoint vc="15" uspid="3150" ordinal="0" offset="137" sl="214" sc="2" el="214" ec="2" bec="0" bev="0" fileid="47" />
              </SequencePoints>
              <BranchPoints />
            </Method>
            <Method visited="true" cyclomaticComplexity="0" nPathComplexity="0" sequenceCoverage="100.0" branchCoverage="0" crapScore="0" isConstructor="true" isStatic="false" isGetter="false" isSetter="false">
              <Summary numSequencePoints="4" visitedSequencePoints="4" numBranchPoints="0" visitedBranchPoints="0" sequenceCoverage="100.0" branchCoverage="0" maxCyclomaticComplexity="0" minCyclomaticComplexity="0" maxCrapScore="0" minCrapScore="0" visitedClasses="0" numClasses="0" visitedMethods="1" numMethods="1" />
              <MetadataToken>100663308</MetadataToken>
              <Name>PlayerAttack::PlayerAttack()</Name>
              <FileRef uid="47" />
              <SequencePoints>
                <SequencePoint vc="11" uspid="3151" ordinal="0" offset="0" sl="16" sc="2" el="16" ec="2" bec="0" bev="0" fileid="47" />
                <SequencePoint vc="11" uspid="3152" ordinal="0" offset="7" sl="17" sc="2" el="17" ec="2" bec="0" bev="0" fileid="47" />
                <SequencePoint vc="11" uspid="3153" ordinal="0" offset="18" sl="18" sc="2" el="18" ec="2" bec="0" bev="0" fileid="47" />
                <SequencePoint vc="11" uspid="3154" ordinal="0" offset="29" sl="19" sc="2" el="19" ec="2" bec="0" bev="0" fileid="47" />
              </SequencePoints>
              <BranchPoints />
            </Method>
          </Methods>
        </Class>
        <Class>
          <Summary numSequencePoints="3" visitedSequencePoints="3" numBranchPoints="0" visitedBranchPoints="0" sequenceCoverage="100.0" branchCoverage="0.0" maxCyclomaticComplexity="0" minCyclomaticComplexity="0" maxCrapScore="0" minCrapScore="0" visitedClasses="1" numClasses="1" visitedMethods="1" numMethods="1" />
          <FullName>PlayerAttackPlayModeTests</FullName>
          <Methods>
            <Method visited="true" cyclomaticComplexity="0" nPathComplexity="0" sequenceCoverage="100.0" branchCoverage="0" crapScore="0" isConstructor="false" isStatic="false" isGetter="false" isSetter="false">
              <Summary numSequencePoints="3" visitedSequencePoints="3" numBranchPoints="0" visitedBranchPoints="0" sequenceCoverage="100.0" branchCoverage="0" maxCyclomaticComplexity="0" minCyclomaticComplexity="0" maxCrapScore="0" minCrapScore="0" visitedClasses="0" numClasses="0" visitedMethods="1" numMethods="1" />
              <MetadataToken>100663310</MetadataToken>
              <Name>System.Void PlayerAttackPlayModeTests::SetPrivate(System.String, System.Object)</Name>
              <FileRef uid="48" />
              <SequencePoints>
                <SequencePoint vc="88" uspid="3155" ordinal="0" offset="0" sl="51" sc="5" el="51" ec="5" bec="0" bev="0" fileid="48" />
                <SequencePoint vc="88" uspid="3156" ordinal="0" offset="1" sl="52" sc="9" el="52" ec="9" bec="0" bev="0" fileid="48" />
                <SequencePoint vc="88" uspid="3157" ordinal="0" offset="32" sl="55" sc="5" el="55" ec="5" bec="0" bev="0" fileid="48" />
              </SequencePoints>
              <BranchPoints />
            </Method>
          </Methods>
        </Class>
        <Class>
          <Summary numSequencePoints="3" visitedSequencePoints="3" numBranchPoints="0" visitedBranchPoints="0" sequenceCoverage="100.0" branchCoverage="0.0" maxCyclomaticComplexity="0" minCyclomaticComplexity="0" maxCrapScore="0" minCrapScore="0" visitedClasses="1" numClasses="1" visitedMethods="2" numMethods="2" />
          <FullName>PlayerAttack/LightningAttack</FullName>
          <Methods>
            <Method visited="true" cyclomaticComplexity="0" nPathComplexity="0" sequenceCoverage="100.0" branchCoverage="0" crapScore="0" isConstructor="false" isStatic="false" isGetter="false" isSetter="false">
              <Summary numSequencePoints="1" visitedSequencePoints="1" numBranchPoints="0" visitedBranchPoints="0" sequenceCoverage="100.0" branchCoverage="0" maxCyclomaticComplexity="0" minCyclomaticComplexity="0" maxCrapScore="0" minCrapScore="0" visitedClasses="0" numClasses="0" visitedMethods="1" numMethods="1" />
              <MetadataToken>100663326</MetadataToken>
              <Name>System.Void PlayerAttack/LightningAttack::Fire()</Name>
              <FileRef uid="47" />
              <SequencePoints>
                <SequencePoint vc="3" uspid="3158" ordinal="0" offset="0" sl="222" sc="25" el="222" ec="25" bec="0" bev="0" fileid="47" />
              </SequencePoints>
              <BranchPoints />
            </Method>
            <Method visited="true" cyclomaticComplexity="0" nPathComplexity="0" sequenceCoverage="100.0" branchCoverage="0" crapScore="0" isConstructor="true" isStatic="false" isGetter="false" isSetter="false">
              <Summary numSequencePoints="2" visitedSequencePoints="2" numBranchPoints="0" visitedBranchPoints="0" sequenceCoverage="100.0" branchCoverage="0" maxCyclomaticComplexity="0" minCyclomaticComplexity="0" maxCrapScore="0" minCrapScore="0" visitedClasses="0" numClasses="0" visitedMethods="1" numMethods="1" />
              <MetadataToken>100663327</MetadataToken>
              <Name>PlayerAttack/LightningAttack::LightningAttack()</Name>
              <FileRef uid="47" />
              <SequencePoints>
                <SequencePoint vc="11" uspid="3159" ordinal="0" offset="0" sl="219" sc="3" el="219" ec="3" bec="0" bev="0" fileid="47" />
                <SequencePoint vc="11" uspid="3160" ordinal="0" offset="11" sl="220" sc="3" el="220" ec="3" bec="0" bev="0" fileid="47" />
              </SequencePoints>
              <BranchPoints />
            </Method>
          </Methods>
        </Class>
        <Class>
          <Summary numSequencePoints="3" visitedSequencePoints="3" numBranchPoints="0" visitedBranchPoints="0" sequenceCoverage="100.0" branchCoverage="0.0" maxCyclomaticComplexity="0" minCyclomaticComplexity="0" maxCrapScore="0" minCrapScore="0" visitedClasses="1" numClasses="1" visitedMethods="3" numMethods="3" />
          <FullName>PlayerAttack/FrostAttack</FullName>
          <Methods>
            <Method visited="true" cyclomaticComplexity="0" nPathComplexity="0" sequenceCoverage="100.0" branchCoverage="0" crapScore="0" isConstructor="false" isStatic="false" isGetter="false" isSetter="false">
              <Summary numSequencePoints="1" visitedSequencePoints="1" numBranchPoints="0" visitedBranchPoints="0" sequenceCoverage="100.0" branchCoverage="0" maxCyclomaticComplexity="0" minCyclomaticComplexity="0" maxCrapScore="0" minCrapScore="0" visitedClasses="0" numClasses="0" visitedMethods="1" numMethods="1" />
              <MetadataToken>100663328</MetadataToken>
              <Name>System.Void PlayerAttack/FrostAttack::Fire()</Name>
              <FileRef uid="47" />
              <SequencePoints>
                <SequencePoint vc="2" uspid="3161" ordinal="0" offset="0" sl="229" sc="25" el="229" ec="25" bec="0" bev="0" fileid="47" />
              </SequencePoints>
              <BranchPoints />
            </Method>
            <Method visited="true" cyclomaticComplexity="0" nPathComplexity="0" sequenceCoverage="100.0" branchCoverage="0" crapScore="0" isConstructor="false" isStatic="false" isGetter="false" isSetter="false">
              <Summary numSequencePoints="1" visitedSequencePoints="1" numBranchPoints="0" visitedBranchPoints="0" sequenceCoverage="100.0" branchCoverage="0" maxCyclomaticComplexity="0" minCyclomaticComplexity="0" maxCrapScore="0" minCrapScore="0" visitedClasses="0" numClasses="0" visitedMethods="1" numMethods="1" />
              <MetadataToken>100663329</MetadataToken>
              <Name>System.Void PlayerAttack/FrostAttack::StopFiring()</Name>
              <FileRef uid="47" />
              <SequencePoints>
                <SequencePoint vc="1" uspid="3162" ordinal="0" offset="0" sl="230" sc="31" el="230" ec="31" bec="0" bev="0" fileid="47" />
              </SequencePoints>
              <BranchPoints />
            </Method>
            <Method visited="true" cyclomaticComplexity="0" nPathComplexity="0" sequenceCoverage="100.0" branchCoverage="0" crapScore="0" isConstructor="true" isStatic="false" isGetter="false" isSetter="false">
              <Summary numSequencePoints="1" visitedSequencePoints="1" numBranchPoints="0" visitedBranchPoints="0" sequenceCoverage="100.0" branchCoverage="0" maxCyclomaticComplexity="0" minCyclomaticComplexity="0" maxCrapScore="0" minCrapScore="0" visitedClasses="0" numClasses="0" visitedMethods="1" numMethods="1" />
              <MetadataToken>100663330</MetadataToken>
              <Name>PlayerAttack/FrostAttack::FrostAttack()</Name>
              <FileRef uid="47" />
              <SequencePoints>
                <SequencePoint vc="11" uspid="3163" ordinal="0" offset="0" sl="227" sc="3" el="227" ec="3" bec="0" bev="0" fileid="47" />
              </SequencePoints>
              <BranchPoints />
            </Method>
          </Methods>
        </Class>
        <Class>
          <Summary numSequencePoints="3" visitedSequencePoints="3" numBranchPoints="0" visitedBranchPoints="0" sequenceCoverage="100.0" branchCoverage="0.0" maxCyclomaticComplexity="0" minCyclomaticComplexity="0" maxCrapScore="0" minCrapScore="0" visitedClasses="1" numClasses="1" visitedMethods="2" numMethods="2" />
          <FullName>PlayerAttack/StinkAttack</FullName>
          <Methods>
            <Method visited="true" cyclomaticComplexity="0" nPathComplexity="0" sequenceCoverage="100.0" branchCoverage="0" crapScore="0" isConstructor="false" isStatic="false" isGetter="false" isSetter="false">
              <Summary numSequencePoints="1" visitedSequencePoints="1" numBranchPoints="0" visitedBranchPoints="0" sequenceCoverage="100.0" branchCoverage="0" maxCyclomaticComplexity="0" minCyclomaticComplexity="0" maxCrapScore="0" minCrapScore="0" visitedClasses="0" numClasses="0" visitedMethods="1" numMethods="1" />
              <MetadataToken>100663331</MetadataToken>
              <Name>System.Void PlayerAttack/StinkAttack::Fire()</Name>
              <FileRef uid="47" />
              <SequencePoints>
                <SequencePoint vc="1" uspid="3164" ordinal="0" offset="0" sl="238" sc="25" el="238" ec="25" bec="0" bev="0" fileid="47" />
              </SequencePoints>
              <BranchPoints />
            </Method>
            <Method visited="true" cyclomaticComplexity="0" nPathComplexity="0" sequenceCoverage="100.0" branchCoverage="0" crapScore="0" isConstructor="true" isStatic="false" isGetter="false" isSetter="false">
              <Summary numSequencePoints="2" visitedSequencePoints="2" numBranchPoints="0" visitedBranchPoints="0" sequenceCoverage="100.0" branchCoverage="0" maxCyclomaticComplexity="0" minCyclomaticComplexity="0" maxCrapScore="0" minCrapScore="0" visitedClasses="0" numClasses="0" visitedMethods="1" numMethods="1" />
              <MetadataToken>100663332</MetadataToken>
              <Name>PlayerAttack/StinkAttack::StinkAttack()</Name>
              <FileRef uid="47" />
              <SequencePoints>
                <SequencePoint vc="11" uspid="3165" ordinal="0" offset="0" sl="235" sc="3" el="235" ec="3" bec="0" bev="0" fileid="47" />
                <SequencePoint vc="11" uspid="3166" ordinal="0" offset="11" sl="236" sc="3" el="236" ec="3" bec="0" bev="0" fileid="47" />
              </SequencePoints>
              <BranchPoints />
            </Method>
          </Methods>
        </Class>
        <Class>
          <Summary numSequencePoints="6" visitedSequencePoints="6" numBranchPoints="0" visitedBranchPoints="0" sequenceCoverage="100.0" branchCoverage="0.0" maxCyclomaticComplexity="0" minCyclomaticComplexity="0" maxCrapScore="0" minCrapScore="0" visitedClasses="1" numClasses="1" visitedMethods="2" numMethods="2" />
          <FullName>PlayerAttack/SlimeAttack</FullName>
          <Methods>
            <Method visited="true" cyclomaticComplexity="0" nPathComplexity="0" sequenceCoverage="100.0" branchCoverage="0" crapScore="0" isConstructor="false" isStatic="false" isGetter="false" isSetter="false">
              <Summary numSequencePoints="4" visitedSequencePoints="4" numBranchPoints="0" visitedBranchPoints="0" sequenceCoverage="100.0" branchCoverage="0" maxCyclomaticComplexity="0" minCyclomaticComplexity="0" maxCrapScore="0" minCrapScore="0" visitedClasses="0" numClasses="0" visitedMethods="1" numMethods="1" />
              <MetadataToken>100663333</MetadataToken>
              <Name>System.Boolean PlayerAttack/SlimeAttack::Fire()</Name>
              <FileRef uid="47" />
              <SequencePoints>
                <SequencePoint vc="1" uspid="3167" ordinal="0" offset="0" sl="247" sc="3" el="247" ec="3" bec="0" bev="0" fileid="47" />
                <SequencePoint vc="1" uspid="3168" ordinal="0" offset="1" sl="248" sc="4" el="248" ec="4" bec="0" bev="0" fileid="47" />
                <SequencePoint vc="1" uspid="3169" ordinal="0" offset="8" sl="249" sc="4" el="249" ec="4" bec="0" bev="0" fileid="47" />
                <SequencePoint vc="1" uspid="3170" ordinal="0" offset="12" sl="250" sc="3" el="250" ec="3" bec="0" bev="0" fileid="47" />
              </SequencePoints>
              <BranchPoints />
            </Method>
            <Method visited="true" cyclomaticComplexity="0" nPathComplexity="0" sequenceCoverage="100.0" branchCoverage="0" crapScore="0" isConstructor="true" isStatic="false" isGetter="false" isSetter="false">
              <Summary numSequencePoints="2" visitedSequencePoints="2" numBranchPoints="0" visitedBranchPoints="0" sequenceCoverage="100.0" branchCoverage="0" maxCyclomaticComplexity="0" minCyclomaticComplexity="0" maxCrapScore="0" minCrapScore="0" visitedClasses="0" numClasses="0" visitedMethods="1" numMethods="1" />
              <MetadataToken>100663334</MetadataToken>
              <Name>PlayerAttack/SlimeAttack::SlimeAttack()</Name>
              <FileRef uid="47" />
              <SequencePoints>
                <SequencePoint vc="11" uspid="3171" ordinal="0" offset="0" sl="243" sc="3" el="243" ec="3" bec="0" bev="0" fileid="47" />
                <SequencePoint vc="11" uspid="3172" ordinal="0" offset="11" sl="244" sc="3" el="244" ec="3" bec="0" bev="0" fileid="47" />
              </SequencePoints>
              <BranchPoints />
            </Method>
          </Methods>
        </Class>
        <Class>
          <Summary numSequencePoints="2" visitedSequencePoints="2" numBranchPoints="0" visitedBranchPoints="0" sequenceCoverage="100.0" branchCoverage="0.0" maxCyclomaticComplexity="0" minCyclomaticComplexity="0" maxCrapScore="0" minCrapScore="0" visitedClasses="1" numClasses="1" visitedMethods="2" numMethods="2" />
          <FullName>PlayerAttack/Countdown</FullName>
          <Methods>
            <Method visited="true" cyclomaticComplexity="0" nPathComplexity="0" sequenceCoverage="100.0" branchCoverage="0" crapScore="0" isConstructor="false" isStatic="false" isGetter="false" isSetter="false">
              <Summary numSequencePoints="1" visitedSequencePoints="1" numBranchPoints="0" visitedBranchPoints="0" sequenceCoverage="100.0" branchCoverage="0" maxCyclomaticComplexity="0" minCyclomaticComplexity="0" maxCrapScore="0" minCrapScore="0" visitedClasses="0" numClasses="0" visitedMethods="1" numMethods="1" />
              <MetadataToken>100663335</MetadataToken>
              <Name>System.Void PlayerAttack/Countdown::BeginCountdown(System.Single)</Name>
              <FileRef uid="47" />
              <SequencePoints>
                <SequencePoint vc="5" uspid="3173" ordinal="0" offset="0" sl="257" sc="42" el="257" ec="42" bec="0" bev="0" fileid="47" />
              </SequencePoints>
              <BranchPoints />
            </Method>
            <Method visited="true" cyclomaticComplexity="0" nPathComplexity="0" sequenceCoverage="100.0" branchCoverage="0" crapScore="0" isConstructor="true" isStatic="false" isGetter="false" isSetter="false">
              <Summary numSequencePoints="1" visitedSequencePoints="1" numBranchPoints="0" visitedBranchPoints="0" sequenceCoverage="100.0" branchCoverage="0" maxCyclomaticComplexity="0" minCyclomaticComplexity="0" maxCrapScore="0" minCrapScore="0" visitedClasses="0" numClasses="0" visitedMethods="1" numMethods="1" />
              <MetadataToken>100663336</MetadataToken>
              <Name>PlayerAttack/Countdown::Countdown()</Name>
              <FileRef uid="47" />
              <SequencePoints>
                <SequencePoint vc="11" uspid="3174" ordinal="0" offset="0" sl="255" sc="3" el="255" ec="3" bec="0" bev="0" fileid="47" />
              </SequencePoints>
              <BranchPoints />
            </Method>
          </Methods>
        </Class>
        <Class>
          <Summary numSequencePoints="19" visitedSequencePoints="19" numBranchPoints="0" visitedBranchPoints="0" sequenceCoverage="100.0" branchCoverage="0.0" maxCyclomaticComplexity="0" minCyclomaticComplexity="0" maxCrapScore="0" minCrapScore="0" visitedClasses="1" numClasses="1" visitedMethods="1" numMethods="1" />
          <FullName>PlayerAttackPlayModeTests/&lt;Setup&gt;d__7</FullName>
          <Methods>
            <Method visited="true" cyclomaticComplexity="0" nPathComplexity="0" sequenceCoverage="100.0" branchCoverage="0" crapScore="0" isConstructor="false" isStatic="false" isGetter="false" isSetter="false">
              <Summary numSequencePoints="19" visitedSequencePoints="19" numBranchPoints="0" visitedBranchPoints="0" sequenceCoverage="100.0" branchCoverage="0" maxCyclomaticComplexity="0" minCyclomaticComplexity="0" maxCrapScore="0" minCrapScore="0" visitedClasses="0" numClasses="0" visitedMethods="1" numMethods="1" />
              <MetadataToken>100663339</MetadataToken>
              <Name>System.Boolean PlayerAttackPlayModeTests/&lt;Setup&gt;d__7::MoveNext()</Name>
              <FileRef uid="48" />
              <SequencePoints>
                <SequencePoint vc="11" uspid="3175" ordinal="0" offset="34" sl="21" sc="5" el="21" ec="5" bec="0" bev="0" fileid="48" />
                <SequencePoint vc="11" uspid="3176" ordinal="0" offset="35" sl="22" sc="9" el="22" ec="9" bec="0" bev="0" fileid="48" />
                <SequencePoint vc="11" uspid="3177" ordinal="0" offset="56" sl="24" sc="9" el="24" ec="9" bec="0" bev="0" fileid="48" />
                <SequencePoint vc="11" uspid="3178" ordinal="0" offset="83" sl="26" sc="9" el="26" ec="9" bec="0" bev="0" fileid="48" />
                <SequencePoint vc="11" uspid="3179" ordinal="0" offset="110" sl="27" sc="9" el="27" ec="9" bec="0" bev="0" fileid="48" />
                <SequencePoint vc="11" uspid="3180" ordinal="0" offset="137" sl="28" sc="9" el="28" ec="9" bec="0" bev="0" fileid="48" />
                <SequencePoint vc="11" uspid="3181" ordinal="0" offset="164" sl="29" sc="9" el="29" ec="9" bec="0" bev="0" fileid="48" />
                <SequencePoint vc="11" uspid="3182" ordinal="0" offset="191" sl="30" sc="9" el="30" ec="9" bec="0" bev="0" fileid="48" />
                <SequencePoint vc="11" uspid="3183" ordinal="0" offset="218" sl="33" sc="9" el="33" ec="9" bec="0" bev="0" fileid="48" />
                <SequencePoint vc="11" uspid="3184" ordinal="0" offset="246" sl="34" sc="9" el="34" ec="9" bec="0" bev="0" fileid="48" />
                <SequencePoint vc="11" uspid="3185" ordinal="0" offset="274" sl="35" sc="9" el="35" ec="9" bec="0" bev="0" fileid="48" />
                <SequencePoint vc="11" uspid="3186" ordinal="0" offset="302" sl="36" sc="9" el="36" ec="9" bec="0" bev="0" fileid="48" />
                <SequencePoint vc="11" uspid="3187" ordinal="0" offset="330" sl="37" sc="9" el="37" ec="9" bec="0" bev="0" fileid="48" />
                <SequencePoint vc="11" uspid="3188" ordinal="0" offset="358" sl="38" sc="9" el="38" ec="9" bec="0" bev="0" fileid="48" />
                <SequencePoint vc="11" uspid="3189" ordinal="0" offset="381" sl="41" sc="9" el="41" ec="9" bec="0" bev="0" fileid="48" />
                <SequencePoint vc="11" uspid="3190" ordinal="0" offset="408" sl="42" sc="9" el="42" ec="9" bec="0" bev="0" fileid="48" />
                <SequencePoint vc="11" uspid="3191" ordinal="0" offset="435" sl="45" sc="9" el="45" ec="9" bec="0" bev="0" fileid="48" />
                <SequencePoint vc="11" uspid="3192" ordinal="0" offset="458" sl="47" sc="9" el="47" ec="9" bec="0" bev="0" fileid="48" />
                <SequencePoint vc="11" uspid="3193" ordinal="0" offset="481" sl="48" sc="5" el="48" ec="5" bec="0" bev="0" fileid="48" />
              </SequencePoints>
              <BranchPoints />
            </Method>
          </Methods>
        </Class>
        <Class>
          <Summary numSequencePoints="5" visitedSequencePoints="5" numBranchPoints="0" visitedBranchPoints="0" sequenceCoverage="100.0" branchCoverage="0.0" maxCyclomaticComplexity="0" minCyclomaticComplexity="0" maxCrapScore="0" minCrapScore="0" visitedClasses="1" numClasses="1" visitedMethods="1" numMethods="1" />
          <FullName>PlayerAttackPlayModeTests/&lt;TC01_Switch_ToFrost&gt;d__10</FullName>
          <Methods>
            <Method visited="true" cyclomaticComplexity="0" nPathComplexity="0" sequenceCoverage="100.0" branchCoverage="0" crapScore="0" isConstructor="false" isStatic="false" isGetter="false" isSetter="false">
              <Summary numSequencePoints="5" visitedSequencePoints="5" numBranchPoints="0" visitedBranchPoints="0" sequenceCoverage="100.0" branchCoverage="0" maxCyclomaticComplexity="0" minCyclomaticComplexity="0" maxCrapScore="0" minCrapScore="0" visitedClasses="0" numClasses="0" visitedMethods="1" numMethods="1" />
              <MetadataToken>100663345</MetadataToken>
              <Name>System.Boolean PlayerAttackPlayModeTests/&lt;TC01_Switch_ToFrost&gt;d__10::MoveNext()</Name>
              <FileRef uid="48" />
              <SequencePoints>
                <SequencePoint vc="1" uspid="3194" ordinal="0" offset="31" sl="68" sc="5" el="68" ec="5" bec="0" bev="0" fileid="48" />
                <SequencePoint vc="1" uspid="3195" ordinal="0" offset="32" sl="69" sc="9" el="69" ec="9" bec="0" bev="0" fileid="48" />
                <SequencePoint vc="1" uspid="3196" ordinal="0" offset="49" sl="70" sc="9" el="70" ec="9" bec="0" bev="0" fileid="48" />
                <SequencePoint vc="1" uspid="3197" ordinal="0" offset="72" sl="72" sc="9" el="72" ec="9" bec="0" bev="0" fileid="48" />
                <SequencePoint vc="1" uspid="3198" ordinal="0" offset="99" sl="73" sc="5" el="73" ec="5" bec="0" bev="0" fileid="48" />
              </SequencePoints>
              <BranchPoints />
            </Method>
          </Methods>
        </Class>
        <Class>
          <Summary numSequencePoints="8" visitedSequencePoints="8" numBranchPoints="0" visitedBranchPoints="0" sequenceCoverage="100.0" branchCoverage="0.0" maxCyclomaticComplexity="0" minCyclomaticComplexity="0" maxCrapScore="0" minCrapScore="0" visitedClasses="1" numClasses="1" visitedMethods="1" numMethods="1" />
          <FullName>PlayerAttackPlayModeTests/&lt;TC02_Switch_Loop_ToLightning&gt;d__11</FullName>
          <Methods>
            <Method visited="true" cyclomaticComplexity="0" nPathComplexity="0" sequenceCoverage="100.0" branchCoverage="0" crapScore="0" isConstructor="false" isStatic="false" isGetter="false" isSetter="false">
              <Summary numSequencePoints="8" visitedSequencePoints="8" numBranchPoints="0" visitedBranchPoints="0" sequenceCoverage="100.0" branchCoverage="0" maxCyclomaticComplexity="0" minCyclomaticComplexity="0" maxCrapScore="0" minCrapScore="0" visitedClasses="0" numClasses="0" visitedMethods="1" numMethods="1" />
              <MetadataToken>100663351</MetadataToken>
              <Name>System.Boolean PlayerAttackPlayModeTests/&lt;TC02_Switch_Loop_ToLightning&gt;d__11::MoveNext()</Name>
              <FileRef uid="48" />
              <SequencePoints>
                <SequencePoint vc="1" uspid="3199" ordinal="0" offset="31" sl="77" sc="5" el="77" ec="5" bec="0" bev="0" fileid="48" />
                <SequencePoint vc="1" uspid="3200" ordinal="0" offset="32" sl="78" sc="14" el="78" ec="14" bec="0" bev="0" fileid="48" />
                <SequencePoint vc="5" uspid="3201" ordinal="0" offset="41" sl="79" sc="13" el="79" ec="13" bec="0" bev="0" fileid="48" />
                <SequencePoint vc="5" uspid="3202" ordinal="0" offset="58" sl="78" sc="32" el="78" ec="32" bec="0" bev="0" fileid="48" />
                <SequencePoint vc="6" uspid="3203" ordinal="0" offset="74" sl="78" sc="25" el="78" ec="25" bec="0" bev="0" fileid="48" />
                <SequencePoint vc="1" uspid="3204" ordinal="0" offset="87" sl="81" sc="9" el="81" ec="9" bec="0" bev="0" fileid="48" />
                <SequencePoint vc="1" uspid="3205" ordinal="0" offset="110" sl="83" sc="9" el="83" ec="9" bec="0" bev="0" fileid="48" />
                <SequencePoint vc="1" uspid="3206" ordinal="0" offset="137" sl="84" sc="5" el="84" ec="5" bec="0" bev="0" fileid="48" />
              </SequencePoints>
              <BranchPoints />
            </Method>
          </Methods>
        </Class>
        <Class>
          <Summary numSequencePoints="5" visitedSequencePoints="5" numBranchPoints="0" visitedBranchPoints="0" sequenceCoverage="100.0" branchCoverage="0.0" maxCyclomaticComplexity="0" minCyclomaticComplexity="0" maxCrapScore="0" minCrapScore="0" visitedClasses="1" numClasses="1" visitedMethods="1" numMethods="1" />
          <FullName>PlayerAttackPlayModeTests/&lt;TC03_Fire_Lightning&gt;d__12</FullName>
          <Methods>
            <Method visited="true" cyclomaticComplexity="0" nPathComplexity="0" sequenceCoverage="100.0" branchCoverage="0" crapScore="0" isConstructor="false" isStatic="false" isGetter="false" isSetter="false">
              <Summary numSequencePoints="5" visitedSequencePoints="5" numBranchPoints="0" visitedBranchPoints="0" sequenceCoverage="100.0" branchCoverage="0" maxCyclomaticComplexity="0" minCyclomaticComplexity="0" maxCrapScore="0" minCrapScore="0" visitedClasses="0" numClasses="0" visitedMethods="1" numMethods="1" />
              <MetadataToken>100663357</MetadataToken>
              <Name>System.Boolean PlayerAttackPlayModeTests/&lt;TC03_Fire_Lightning&gt;d__12::MoveNext()</Name>
              <FileRef uid="48" />
              <SequencePoints>
                <SequencePoint vc="1" uspid="3207" ordinal="0" offset="31" sl="90" sc="5" el="90" ec="5" bec="0" bev="0" fileid="48" />
                <SequencePoint vc="1" uspid="3208" ordinal="0" offset="32" sl="91" sc="9" el="91" ec="9" bec="0" bev="0" fileid="48" />
                <SequencePoint vc="1" uspid="3209" ordinal="0" offset="49" sl="92" sc="9" el="92" ec="9" bec="0" bev="0" fileid="48" />
                <SequencePoint vc="1" uspid="3210" ordinal="0" offset="72" sl="94" sc="9" el="94" ec="9" bec="0" bev="0" fileid="48" />
                <SequencePoint vc="1" uspid="3211" ordinal="0" offset="94" sl="95" sc="5" el="95" ec="5" bec="0" bev="0" fileid="48" />
              </SequencePoints>
              <BranchPoints />
            </Method>
          </Methods>
        </Class>
        <Class>
          <Summary numSequencePoints="6" visitedSequencePoints="6" numBranchPoints="0" visitedBranchPoints="0" sequenceCoverage="100.0" branchCoverage="0.0" maxCyclomaticComplexity="0" minCyclomaticComplexity="0" maxCrapScore="0" minCrapScore="0" visitedClasses="1" numClasses="1" visitedMethods="1" numMethods="1" />
          <FullName>PlayerAttackPlayModeTests/&lt;TC04_Fire_Frost&gt;d__13</FullName>
          <Methods>
            <Method visited="true" cyclomaticComplexity="0" nPathComplexity="0" sequenceCoverage="100.0" branchCoverage="0" crapScore="0" isConstructor="false" isStatic="false" isGetter="false" isSetter="false">
              <Summary numSequencePoints="6" visitedSequencePoints="6" numBranchPoints="0" visitedBranchPoints="0" sequenceCoverage="100.0" branchCoverage="0" maxCyclomaticComplexity="0" minCyclomaticComplexity="0" maxCrapScore="0" minCrapScore="0" visitedClasses="0" numClasses="0" visitedMethods="1" numMethods="1" />
              <MetadataToken>100663363</MetadataToken>
              <Name>System.Boolean PlayerAttackPlayModeTests/&lt;TC04_Fire_Frost&gt;d__13::MoveNext()</Name>
              <FileRef uid="48" />
              <SequencePoints>
                <SequencePoint vc="1" uspid="3212" ordinal="0" offset="31" sl="99" sc="5" el="99" ec="5" bec="0" bev="0" fileid="48" />
                <SequencePoint vc="1" uspid="3213" ordinal="0" offset="32" sl="100" sc="9" el="100" ec="9" bec="0" bev="0" fileid="48" />
                <SequencePoint vc="1" uspid="3214" ordinal="0" offset="49" sl="101" sc="9" el="101" ec="9" bec="0" bev="0" fileid="48" />
                <SequencePoint vc="1" uspid="3215" ordinal="0" offset="66" sl="103" sc="9" el="103" ec="9" bec="0" bev="0" fileid="48" />
                <SequencePoint vc="1" uspid="3216" ordinal="0" offset="89" sl="105" sc="9" el="105" ec="9" bec="0" bev="0" fileid="48" />
                <SequencePoint vc="1" uspid="3217" ordinal="0" offset="111" sl="106" sc="5" el="106" ec="5" bec="0" bev="0" fileid="48" />
              </SequencePoints>
              <BranchPoints />
            </Method>
          </Methods>
        </Class>
        <Class>
          <Summary numSequencePoints="7" visitedSequencePoints="7" numBranchPoints="0" visitedBranchPoints="0" sequenceCoverage="100.0" branchCoverage="0.0" maxCyclomaticComplexity="0" minCyclomaticComplexity="0" maxCrapScore="0" minCrapScore="0" visitedClasses="1" numClasses="1" visitedMethods="1" numMethods="1" />
          <FullName>PlayerAttackPlayModeTests/&lt;TC05_Stop_Frost&gt;d__14</FullName>
          <Methods>
            <Method visited="true" cyclomaticComplexity="0" nPathComplexity="0" sequenceCoverage="100.0" branchCoverage="0" crapScore="0" isConstructor="false" isStatic="false" isGetter="false" isSetter="false">
              <Summary numSequencePoints="7" visitedSequencePoints="7" numBranchPoints="0" visitedBranchPoints="0" sequenceCoverage="100.0" branchCoverage="0" maxCyclomaticComplexity="0" minCyclomaticComplexity="0" maxCrapScore="0" minCrapScore="0" visitedClasses="0" numClasses="0" visitedMethods="1" numMethods="1" />
              <MetadataToken>100663369</MetadataToken>
              <Name>System.Boolean PlayerAttackPlayModeTests/&lt;TC05_Stop_Frost&gt;d__14::MoveNext()</Name>
              <FileRef uid="48" />
              <SequencePoints>
                <SequencePoint vc="1" uspid="3218" ordinal="0" offset="31" sl="112" sc="5" el="112" ec="5" bec="0" bev="0" fileid="48" />
                <SequencePoint vc="1" uspid="3219" ordinal="0" offset="32" sl="113" sc="9" el="113" ec="9" bec="0" bev="0" fileid="48" />
                <SequencePoint vc="1" uspid="3220" ordinal="0" offset="49" sl="114" sc="9" el="114" ec="9" bec="0" bev="0" fileid="48" />
                <SequencePoint vc="1" uspid="3221" ordinal="0" offset="66" sl="115" sc="9" el="115" ec="9" bec="0" bev="0" fileid="48" />
                <SequencePoint vc="1" uspid="3222" ordinal="0" offset="83" sl="117" sc="9" el="117" ec="9" bec="0" bev="0" fileid="48" />
                <SequencePoint vc="1" uspid="3223" ordinal="0" offset="106" sl="119" sc="9" el="119" ec="9" bec="0" bev="0" fileid="48" />
                <SequencePoint vc="1" uspid="3224" ordinal="0" offset="128" sl="120" sc="5" el="120" ec="5" bec="0" bev="0" fileid="48" />
              </SequencePoints>
              <BranchPoints />
            </Method>
          </Methods>
        </Class>
        <Class>
          <Summary numSequencePoints="7" visitedSequencePoints="6" numBranchPoints="0" visitedBranchPoints="0" sequenceCoverage="85.71" branchCoverage="0.0" maxCyclomaticComplexity="0" minCyclomaticComplexity="0" maxCrapScore="0" minCrapScore="0" visitedClasses="1" numClasses="1" visitedMethods="1" numMethods="1" />
          <FullName>PlayerAttackPlayModeTests/&lt;TC06_Stop_Stink&gt;d__15</FullName>
          <Methods>
            <Method visited="true" cyclomaticComplexity="0" nPathComplexity="0" sequenceCoverage="85.71" branchCoverage="0" crapScore="0" isConstructor="false" isStatic="false" isGetter="false" isSetter="false">
              <Summary numSequencePoints="7" visitedSequencePoints="6" numBranchPoints="0" visitedBranchPoints="0" sequenceCoverage="85.71" branchCoverage="0" maxCyclomaticComplexity="0" minCyclomaticComplexity="0" maxCrapScore="0" minCrapScore="0" visitedClasses="0" numClasses="0" visitedMethods="1" numMethods="1" />
              <MetadataToken>100663375</MetadataToken>
              <Name>System.Boolean PlayerAttackPlayModeTests/&lt;TC06_Stop_Stink&gt;d__15::MoveNext()</Name>
              <FileRef uid="48" />
              <SequencePoints>
                <SequencePoint vc="1" uspid="3225" ordinal="0" offset="31" sl="124" sc="5" el="124" ec="5" bec="0" bev="0" fileid="48" />
                <SequencePoint vc="1" uspid="3226" ordinal="0" offset="32" sl="125" sc="9" el="125" ec="9" bec="0" bev="0" fileid="48" />
                <SequencePoint vc="1" uspid="3227" ordinal="0" offset="49" sl="126" sc="9" el="126" ec="9" bec="0" bev="0" fileid="48" />
                <SequencePoint vc="1" uspid="3228" ordinal="0" offset="66" sl="128" sc="9" el="128" ec="9" bec="0" bev="0" fileid="48" />
                <SequencePoint vc="1" uspid="3229" ordinal="0" offset="83" sl="130" sc="9" el="130" ec="9" bec="0" bev="0" fileid="48" />
                <SequencePoint vc="1" uspid="3230" ordinal="0" offset="106" sl="132" sc="9" el="132" ec="9" bec="0" bev="0" fileid="48" />
                <SequencePoint vc="0" uspid="3231" ordinal="0" offset="128" sl="133" sc="5" el="133" ec="5" bec="0" bev="0" fileid="48" />
              </SequencePoints>
              <BranchPoints />
            </Method>
          </Methods>
        </Class>
        <Class>
          <Summary numSequencePoints="8" visitedSequencePoints="8" numBranchPoints="0" visitedBranchPoints="0" sequenceCoverage="100.0" branchCoverage="0.0" maxCyclomaticComplexity="0" minCyclomaticComplexity="0" maxCrapScore="0" minCrapScore="0" visitedClasses="1" numClasses="1" visitedMethods="1" numMethods="1" />
          <FullName>PlayerAttackPlayModeTests/&lt;TC07_Stop_Slime&gt;d__16</FullName>
          <Methods>
            <Method visited="true" cyclomaticComplexity="0" nPathComplexity="0" sequenceCoverage="100.0" branchCoverage="0" crapScore="0" isConstructor="false" isStatic="false" isGetter="false" isSetter="false">
              <Summary numSequencePoints="8" visitedSequencePoints="8" numBranchPoints="0" visitedBranchPoints="0" sequenceCoverage="100.0" branchCoverage="0" maxCyclomaticComplexity="0" minCyclomaticComplexity="0" maxCrapScore="0" minCrapScore="0" visitedClasses="0" numClasses="0" visitedMethods="1" numMethods="1" />
              <MetadataToken>100663381</MetadataToken>
              <Name>System.Boolean PlayerAttackPlayModeTests/&lt;TC07_Stop_Slime&gt;d__16::MoveNext()</Name>
              <FileRef uid="48" />
              <SequencePoints>
                <SequencePoint vc="1" uspid="3232" ordinal="0" offset="31" sl="137" sc="5" el="137" ec="5" bec="0" bev="0" fileid="48" />
                <SequencePoint vc="1" uspid="3233" ordinal="0" offset="32" sl="138" sc="9" el="138" ec="9" bec="0" bev="0" fileid="48" />
                <SequencePoint vc="1" uspid="3234" ordinal="0" offset="49" sl="139" sc="9" el="139" ec="9" bec="0" bev="0" fileid="48" />
                <SequencePoint vc="1" uspid="3235" ordinal="0" offset="66" sl="140" sc="9" el="140" ec="9" bec="0" bev="0" fileid="48" />
                <SequencePoint vc="1" uspid="3236" ordinal="0" offset="83" sl="142" sc="9" el="142" ec="9" bec="0" bev="0" fileid="48" />
                <SequencePoint vc="1" uspid="3237" ordinal="0" offset="100" sl="144" sc="9" el="144" ec="9" bec="0" bev="0" fileid="48" />
                <SequencePoint vc="1" uspid="3238" ordinal="0" offset="123" sl="146" sc="9" el="146" ec="9" bec="0" bev="0" fileid="48" />
                <SequencePoint vc="1" uspid="3239" ordinal="0" offset="145" sl="147" sc="5" el="147" ec="5" bec="0" bev="0" fileid="48" />
              </SequencePoints>
              <BranchPoints />
            </Method>
          </Methods>
        </Class>
        <Class>
          <Summary numSequencePoints="5" visitedSequencePoints="5" numBranchPoints="0" visitedBranchPoints="0" sequenceCoverage="100.0" branchCoverage="0.0" maxCyclomaticComplexity="0" minCyclomaticComplexity="0" maxCrapScore="0" minCrapScore="0" visitedClasses="1" numClasses="1" visitedMethods="1" numMethods="1" />
          <FullName>PlayerAttackPlayModeTests/&lt;TC08_Cooldown_Start&gt;d__17</FullName>
          <Methods>
            <Method visited="true" cyclomaticComplexity="0" nPathComplexity="0" sequenceCoverage="100.0" branchCoverage="0" crapScore="0" isConstructor="false" isStatic="false" isGetter="false" isSetter="false">
              <Summary numSequencePoints="5" visitedSequencePoints="5" numBranchPoints="0" visitedBranchPoints="0" sequenceCoverage="100.0" branchCoverage="0" maxCyclomaticComplexity="0" minCyclomaticComplexity="0" maxCrapScore="0" minCrapScore="0" visitedClasses="0" numClasses="0" visitedMethods="1" numMethods="1" />
              <MetadataToken>100663387</MetadataToken>
              <Name>System.Boolean PlayerAttackPlayModeTests/&lt;TC08_Cooldown_Start&gt;d__17::MoveNext()</Name>
              <FileRef uid="48" />
              <SequencePoints>
                <SequencePoint vc="1" uspid="3240" ordinal="0" offset="31" sl="153" sc="5" el="153" ec="5" bec="0" bev="0" fileid="48" />
                <SequencePoint vc="1" uspid="3241" ordinal="0" offset="32" sl="154" sc="9" el="154" ec="9" bec="0" bev="0" fileid="48" />
                <SequencePoint vc="1" uspid="3242" ordinal="0" offset="49" sl="156" sc="9" el="156" ec="9" bec="0" bev="0" fileid="48" />
                <SequencePoint vc="1" uspid="3243" ordinal="0" offset="72" sl="158" sc="9" el="158" ec="9" bec="0" bev="0" fileid="48" />
                <SequencePoint vc="1" uspid="3244" ordinal="0" offset="94" sl="159" sc="5" el="159" ec="5" bec="0" bev="0" fileid="48" />
              </SequencePoints>
              <BranchPoints />
            </Method>
          </Methods>
        </Class>
        <Class>
          <Summary numSequencePoints="7" visitedSequencePoints="6" numBranchPoints="0" visitedBranchPoints="0" sequenceCoverage="85.71" branchCoverage="0.0" maxCyclomaticComplexity="0" minCyclomaticComplexity="0" maxCrapScore="0" minCrapScore="0" visitedClasses="1" numClasses="1" visitedMethods="1" numMethods="1" />
          <FullName>PlayerAttackPlayModeTests/&lt;TC09_CannotAttack_DuringCooldown&gt;d__18</FullName>
          <Methods>
            <Method visited="true" cyclomaticComplexity="0" nPathComplexity="0" sequenceCoverage="85.71" branchCoverage="0" crapScore="0" isConstructor="false" isStatic="false" isGetter="false" isSetter="false">
              <Summary numSequencePoints="7" visitedSequencePoints="6" numBranchPoints="0" visitedBranchPoints="0" sequenceCoverage="85.71" branchCoverage="0" maxCyclomaticComplexity="0" minCyclomaticComplexity="0" maxCrapScore="0" minCrapScore="0" visitedClasses="0" numClasses="0" visitedMethods="1" numMethods="1" />
              <MetadataToken>100663393</MetadataToken>
              <Name>System.Boolean PlayerAttackPlayModeTests/&lt;TC09_CannotAttack_DuringCooldown&gt;d__18::MoveNext()</Name>
              <FileRef uid="48" />
              <SequencePoints>
                <SequencePoint vc="1" uspid="3245" ordinal="0" offset="31" sl="163" sc="5" el="163" ec="5" bec="0" bev="0" fileid="48" />
                <SequencePoint vc="1" uspid="3246" ordinal="0" offset="32" sl="164" sc="9" el="164" ec="9" bec="0" bev="0" fileid="48" />
                <SequencePoint vc="1" uspid="3247" ordinal="0" offset="49" sl="165" sc="9" el="165" ec="9" bec="0" bev="0" fileid="48" />
                <SequencePoint vc="1" uspid="3248" ordinal="0" offset="66" sl="167" sc="9" el="167" ec="9" bec="0" bev="0" fileid="48" />
                <SequencePoint vc="1" uspid="3249" ordinal="0" offset="83" sl="169" sc="9" el="169" ec="9" bec="0" bev="0" fileid="48" />
                <SequencePoint vc="1" uspid="3250" ordinal="0" offset="106" sl="171" sc="9" el="171" ec="9" bec="0" bev="0" fileid="48" />
                <SequencePoint vc="0" uspid="3251" ordinal="0" offset="128" sl="172" sc="5" el="172" ec="5" bec="0" bev="0" fileid="48" />
              </SequencePoints>
              <BranchPoints />
            </Method>
          </Methods>
        </Class>
        <Class>
          <Summary numSequencePoints="6" visitedSequencePoints="6" numBranchPoints="0" visitedBranchPoints="0" sequenceCoverage="100.0" branchCoverage="0.0" maxCyclomaticComplexity="0" minCyclomaticComplexity="0" maxCrapScore="0" minCrapScore="0" visitedClasses="1" numClasses="1" visitedMethods="1" numMethods="1" />
          <FullName>PlayerAttackPlayModeTests/&lt;TC10_CannotAttack_WhenDefeated&gt;d__19</FullName>
          <Methods>
            <Method visited="true" cyclomaticComplexity="0" nPathComplexity="0" sequenceCoverage="100.0" branchCoverage="0" crapScore="0" isConstructor="false" isStatic="false" isGetter="false" isSetter="false">
              <Summary numSequencePoints="6" visitedSequencePoints="6" numBranchPoints="0" visitedBranchPoints="0" sequenceCoverage="100.0" branchCoverage="0" maxCyclomaticComplexity="0" minCyclomaticComplexity="0" maxCrapScore="0" minCrapScore="0" visitedClasses="0" numClasses="0" visitedMethods="1" numMethods="1" />
              <MetadataToken>100663399</MetadataToken>
              <Name>System.Boolean PlayerAttackPlayModeTests/&lt;TC10_CannotAttack_WhenDefeated&gt;d__19::MoveNext()</Name>
              <FileRef uid="48" />
              <SequencePoints>
                <SequencePoint vc="1" uspid="3252" ordinal="0" offset="31" sl="178" sc="5" el="178" ec="5" bec="0" bev="0" fileid="48" />
                <SequencePoint vc="1" uspid="3253" ordinal="0" offset="32" sl="179" sc="9" el="179" ec="9" bec="0" bev="0" fileid="48" />
                <SequencePoint vc="1" uspid="3254" ordinal="0" offset="49" sl="180" sc="9" el="180" ec="9" bec="0" bev="0" fileid="48" />
                <SequencePoint vc="1" uspid="3255" ordinal="0" offset="66" sl="182" sc="9" el="182" ec="9" bec="0" bev="0" fileid="48" />
                <SequencePoint vc="1" uspid="3256" ordinal="0" offset="89" sl="184" sc="9" el="184" ec="9" bec="0" bev="0" fileid="48" />
                <SequencePoint vc="1" uspid="3257" ordinal="0" offset="111" sl="185" sc="5" el="185" ec="5" bec="0" bev="0" fileid="48" />
              </SequencePoints>
              <BranchPoints />
            </Method>
          </Methods>
        </Class>
        <Class>
          <Summary numSequencePoints="8" visitedSequencePoints="8" numBranchPoints="0" visitedBranchPoints="0" sequenceCoverage="100.0" branchCoverage="0.0" maxCyclomaticComplexity="0" minCyclomaticComplexity="0" maxCrapScore="0" minCrapScore="0" visitedClasses="1" numClasses="1" visitedMethods="1" numMethods="1" />
          <FullName>PlayerAttackPlayModeTests/&lt;TC11_DisableAllAttacks_WhenDefeated&gt;d__20</FullName>
          <Methods>
            <Method visited="true" cyclomaticComplexity="0" nPathComplexity="0" sequenceCoverage="100.0" branchCoverage="0" crapScore="0" isConstructor="false" isStatic="false" isGetter="false" isSetter="false">
              <Summary numSequencePoints="8" visitedSequencePoints="8" numBranchPoints="0" visitedBranchPoints="0" sequenceCoverage="100.0" branchCoverage="0" maxCyclomaticComplexity="0" minCyclomaticComplexity="0" maxCrapScore="0" minCrapScore="0" visitedClasses="0" numClasses="0" visitedMethods="1" numMethods="1" />
              <MetadataToken>100663405</MetadataToken>
              <Name>System.Boolean PlayerAttackPlayModeTests/&lt;TC11_DisableAllAttacks_WhenDefeated&gt;d__20::MoveNext()</Name>
              <FileRef uid="48" />
              <SequencePoints>
                <SequencePoint vc="1" uspid="3258" ordinal="0" offset="31" sl="189" sc="5" el="189" ec="5" bec="0" bev="0" fileid="48" />
                <SequencePoint vc="1" uspid="3259" ordinal="0" offset="32" sl="190" sc="9" el="190" ec="9" bec="0" bev="0" fileid="48" />
                <SequencePoint vc="1" uspid="3260" ordinal="0" offset="49" sl="192" sc="9" el="192" ec="9" bec="0" bev="0" fileid="48" />
                <SequencePoint vc="1" uspid="3261" ordinal="0" offset="72" sl="194" sc="9" el="194" ec="9" bec="0" bev="0" fileid="48" />
                <SequencePoint vc="1" uspid="3262" ordinal="0" offset="99" sl="195" sc="9" el="195" ec="9" bec="0" bev="0" fileid="48" />
                <SequencePoint vc="1" uspid="3263" ordinal="0" offset="126" sl="196" sc="9" el="196" ec="9" bec="0" bev="0" fileid="48" />
                <SequencePoint vc="1" uspid="3264" ordinal="0" offset="153" sl="197" sc="9" el="197" ec="9" bec="0" bev="0" fileid="48" />
                <SequencePoint vc="1" uspid="3265" ordinal="0" offset="180" sl="198" sc="5" el="198" ec="5" bec="0" bev="0" fileid="48" />
              </SequencePoints>
              <BranchPoints />
            </Method>
          </Methods>
        </Class>
        <Class>
          <Summary numSequencePoints="4" visitedSequencePoints="4" numBranchPoints="0" visitedBranchPoints="0" sequenceCoverage="100.0" branchCoverage="0.0" maxCyclomaticComplexity="0" minCyclomaticComplexity="0" maxCrapScore="0" minCrapScore="0" visitedClasses="1" numClasses="1" visitedMethods="1" numMethods="1" />
          <FullName>PlayerAttackPlayModeTests/&lt;TearDown&gt;d__9</FullName>
          <Methods>
            <Method visited="true" cyclomaticComplexity="0" nPathComplexity="0" sequenceCoverage="100.0" branchCoverage="0" crapScore="0" isConstructor="false" isStatic="false" isGetter="false" isSetter="false">
              <Summary numSequencePoints="4" visitedSequencePoints="4" numBranchPoints="0" visitedBranchPoints="0" sequenceCoverage="100.0" branchCoverage="0" maxCyclomaticComplexity="0" minCyclomaticComplexity="0" maxCrapScore="0" minCrapScore="0" visitedClasses="0" numClasses="0" visitedMethods="1" numMethods="1" />
              <MetadataToken>100663411</MetadataToken>
              <Name>System.Boolean PlayerAttackPlayModeTests/&lt;TearDown&gt;d__9::MoveNext()</Name>
              <FileRef uid="48" />
              <SequencePoints>
                <SequencePoint vc="11" uspid="3266" ordinal="0" offset="31" sl="59" sc="5" el="59" ec="5" bec="0" bev="0" fileid="48" />
                <SequencePoint vc="11" uspid="3267" ordinal="0" offset="32" sl="60" sc="9" el="60" ec="9" bec="0" bev="0" fileid="48" />
                <SequencePoint vc="11" uspid="3268" ordinal="0" offset="49" sl="61" sc="9" el="61" ec="9" bec="0" bev="0" fileid="48" />
                <SequencePoint vc="11" uspid="3269" ordinal="0" offset="72" sl="62" sc="5" el="62" ec="5" bec="0" bev="0" fileid="48" />
              </SequencePoints>
              <BranchPoints />
            </Method>
          </Methods>
        </Class>
      </Classes>
    </Module>
  </Modules>
</CoverageSession>