<?xml version="1.0" encoding="utf-8"?>
<CoverageSession xmlns:xsd="http://www.w3.org/2001/XMLSchema" xmlns:xsi="http://www.w3.org/2001/XMLSchema-instance" Version="0.0.0.0">
  <Summary numSequencePoints="903" visitedSequencePoints="850" numBranchPoints="0" visitedBranchPoints="0" sequenceCoverage="94.13" branchCoverage="0.0" maxCyclomaticComplexity="0" minCyclomaticComplexity="0" maxCrapScore="0" minCrapScore="0" visitedClasses="36" numClasses="36" visitedMethods="135" numMethods="135" />
  <Modules>
    <Module>
      <Summary numSequencePoints="903" visitedSequencePoints="850" numBranchPoints="0" visitedBranchPoints="0" sequenceCoverage="94.13" branchCoverage="0.0" maxCyclomaticComplexity="0" minCyclomaticComplexity="0" maxCrapScore="0" minCrapScore="0" visitedClasses="36" numClasses="36" visitedMethods="135" numMethods="135" />
      <ModuleTime>0001-01-01T00:00:00</ModuleTime>
      <ModuleName>Assembly-CSharp</ModuleName>
      <Files>
        <File uid="1" fullPath="E:/Game_3D-Update/3D_Nang_Cao/Assets/Scripts/Attacks/FrostAttack.cs" />
        <File uid="2" fullPath="E:/Game_3D-Update/3D_Nang_Cao/Assets/Scripts/Attacks/FrostDebuff.cs" />
        <File uid="3" fullPath="E:/Game_3D-Update/3D_Nang_Cao/Assets/Scripts/Attacks/LightningAttack.cs" />
        <File uid="4" fullPath="E:/Game_3D-Update/3D_Nang_Cao/Assets/Scripts/Attacks/LightningBolt.cs" />
        <File uid="5" fullPath="E:/Game_3D-Update/3D_Nang_Cao/Assets/Scripts/Attacks/SlimeAttack.cs" />
        <File uid="6" fullPath="E:/Game_3D-Update/3D_Nang_Cao/Assets/Scripts/Attacks/SlimeDebuff.cs" />
        <File uid="7" fullPath="E:/Game_3D-Update/3D_Nang_Cao/Assets/Scripts/Attacks/SlimeProjectile.cs" />
        <File uid="8" fullPath="E:/Game_3D-Update/3D_Nang_Cao/Assets/Scripts/Attacks/StinkAttack.cs" />
        <File uid="9" fullPath="E:/Game_3D-Update/3D_Nang_Cao/Assets/Scripts/Attacks/StinkHit.cs" />
        <File uid="10" fullPath="E:/Game_3D-Update/3D_Nang_Cao/Assets/Scripts/Attacks/StinkProjectile.cs" />
        <File uid="11" fullPath="E:/Game_3D-Update/3D_Nang_Cao/Assets/Scripts/Enemy/EnemyAttack.cs" />
        <File uid="12" fullPath="E:/Game_3D-Update/3D_Nang_Cao/Assets/Scripts/Enemy/EnemyHealth.cs" />
        <File uid="13" fullPath="E:/Game_3D-Update/3D_Nang_Cao/Assets/Scripts/Enemy/EnemyMovement.cs" />
        <File uid="14" fullPath="E:/Game_3D-Update/3D_Nang_Cao/Assets/Scripts/Helpers/AnimatorDisabler.cs" />
        <File uid="15" fullPath="E:/Game_3D-Update/3D_Nang_Cao/Assets/Scripts/Helpers/AVPlayer.cs" />
        <File uid="16" fullPath="E:/Game_3D-Update/3D_Nang_Cao/Assets/Scripts/Helpers/CameraFollow.cs" />
        <File uid="17" fullPath="E:/Game_3D-Update/3D_Nang_Cao/Assets/Scripts/Helpers/CharacterSpotlight.cs" />
        <File uid="18" fullPath="E:/Game_3D-Update/3D_Nang_Cao/Assets/Scripts/Helpers/LookAtMouse.cs" />
        <File uid="19" fullPath="E:/Game_3D-Update/3D_Nang_Cao/Assets/Scripts/Helpers/MouseLocation.cs" />
        <File uid="20" fullPath="E:/Game_3D-Update/3D_Nang_Cao/Assets/Scripts/Inventory/InventoryManager.cs" />
        <File uid="21" fullPath="E:/Game_3D-Update/3D_Nang_Cao/Assets/Scripts/Inventory/Item.cs" />
        <File uid="22" fullPath="E:/Game_3D-Update/3D_Nang_Cao/Assets/Scripts/Inventory/ItempicKup.cs" />
        <File uid="23" fullPath="E:/Game_3D-Update/3D_Nang_Cao/Assets/Scripts/Inventory/ItemUIController.cs" />
        <File uid="24" fullPath="E:/Game_3D-Update/3D_Nang_Cao/Assets/Scripts/MainMenu.cs" />
        <File uid="25" fullPath="E:/Game_3D-Update/3D_Nang_Cao/Assets/Scripts/Managers/AllyManager.cs" />
        <File uid="26" fullPath="E:/Game_3D-Update/3D_Nang_Cao/Assets/Scripts/Managers/EnemySpawner.cs" />
        <File uid="27" fullPath="E:/Game_3D-Update/3D_Nang_Cao/Assets/Scripts/Managers/GameManager.cs" />
        <File uid="28" fullPath="E:/Game_3D-Update/3D_Nang_Cao/Assets/Scripts/Minimap.cs" />
        <File uid="29" fullPath="E:/Game_3D-Update/3D_Nang_Cao/Assets/Scripts/NPC/DialogueManager.cs" />
        <File uid="30" fullPath="E:/Game_3D-Update/3D_Nang_Cao/Assets/Scripts/NPC/NPCTalkSimple.cs" />
        <File uid="31" fullPath="E:/Game_3D-Update/3D_Nang_Cao/Assets/Scripts/Pause/PauseMenu.cs" />
        <File uid="32" fullPath="E:/Game_3D-Update/3D_Nang_Cao/Assets/Scripts/PlayAgainButton.cs" />
        <File uid="33" fullPath="E:/Game_3D-Update/3D_Nang_Cao/Assets/Scripts/Player/Ally.cs" />
        <File uid="34" fullPath="E:/Game_3D-Update/3D_Nang_Cao/Assets/Scripts/Player/PlayerAttack.cs" />
        <File uid="35" fullPath="E:/Game_3D-Update/3D_Nang_Cao/Assets/Scripts/Player/PlayerHealth.cs" />
        <File uid="36" fullPath="E:/Game_3D-Update/3D_Nang_Cao/Assets/Scripts/Player/PlayerInputPC.cs" />
        <File uid="37" fullPath="E:/Game_3D-Update/3D_Nang_Cao/Assets/Scripts/Player/PlayerInputTouch.cs" />
        <File uid="38" fullPath="E:/Game_3D-Update/3D_Nang_Cao/Assets/Scripts/Player/PlayerMovement.cs" />
        <File uid="39" fullPath="E:/Game_3D-Update/3D_Nang_Cao/Assets/Scripts/Player/PlayerSelect.cs" />
        <File uid="40" fullPath="E:/Game_3D-Update/3D_Nang_Cao/Assets/Scripts/QuitButton.cs" />
        <File uid="41" fullPath="E:/Game_3D-Update/3D_Nang_Cao/Assets/Scripts/RetryButton.cs" />
        <File uid="42" fullPath="E:/Game_3D-Update/3D_Nang_Cao/Assets/Scripts/UI/Countdown.cs" />
        <File uid="43" fullPath="E:/Game_3D-Update/3D_Nang_Cao/Assets/Scripts/UI/FlashFade.cs" />
        <File uid="44" fullPath="E:/Game_3D-Update/3D_Nang_Cao/Assets/Scripts/UI/MobileInterface.cs" />
        <File uid="45" fullPath="E:/Game_3D-Update/3D_Nang_Cao/Assets/Scripts/UI/PauseMenu.cs" />
        <File uid="46" fullPath="E:/Game_3D-Update/3D_Nang_Cao/Assets/Scripts/UI/Touchpad.cs" />
      </Files>
      <Classes>
        <Class>
          <Summary numSequencePoints="65" visitedSequencePoints="65" numBranchPoints="0" visitedBranchPoints="0" sequenceCoverage="100.0" branchCoverage="0.0" maxCyclomaticComplexity="0" minCyclomaticComplexity="0" maxCrapScore="0" minCrapScore="0" visitedClasses="1" numClasses="1" visitedMethods="8" numMethods="8" />
          <FullName>FrostAttack</FullName>
          <Methods>
            <Method visited="true" cyclomaticComplexity="0" nPathComplexity="0" sequenceCoverage="100.0" branchCoverage="0" crapScore="0" isConstructor="false" isStatic="false" isGetter="false" isSetter="false">
              <Summary numSequencePoints="11" visitedSequencePoints="11" numBranchPoints="0" visitedBranchPoints="0" sequenceCoverage="100.0" branchCoverage="0" maxCyclomaticComplexity="0" minCyclomaticComplexity="0" maxCrapScore="0" minCrapScore="0" visitedClasses="0" numClasses="0" visitedMethods="1" numMethods="1" />
              <MetadataToken>100663298</MetadataToken>
              <Name>System.Void FrostAttack::Awake()</Name>
              <FileRef uid="1" />
              <SequencePoints>
                <SequencePoint vc="3" uspid="5" ordinal="0" offset="0" sl="30" sc="2" el="30" ec="2" bec="0" bev="0" fileid="1" />
                <SequencePoint vc="3" uspid="6" ordinal="0" offset="1" sl="32" sc="3" el="32" ec="3" bec="0" bev="0" fileid="1" />
                <SequencePoint vc="3" uspid="7" ordinal="0" offset="18" sl="34" sc="7" el="34" ec="7" bec="0" bev="0" fileid="1" />
                <SequencePoint vc="60" uspid="8" ordinal="0" offset="22" sl="35" sc="3" el="35" ec="3" bec="0" bev="0" fileid="1" />
                <SequencePoint vc="60" uspid="9" ordinal="0" offset="23" sl="37" sc="4" el="37" ec="4" bec="0" bev="0" fileid="1" />
                <SequencePoint vc="60" uspid="10" ordinal="0" offset="35" sl="39" sc="4" el="39" ec="4" bec="0" bev="0" fileid="1" />
                <SequencePoint vc="60" uspid="11" ordinal="0" offset="43" sl="41" sc="4" el="41" ec="4" bec="0" bev="0" fileid="1" />
                <SequencePoint vc="60" uspid="12" ordinal="0" offset="57" sl="42" sc="3" el="42" ec="3" bec="0" bev="0" fileid="1" />
                <SequencePoint vc="60" uspid="13" ordinal="0" offset="58" sl="34" sc="43" el="34" ec="43" bec="0" bev="0" fileid="1" />
                <SequencePoint vc="63" uspid="14" ordinal="0" offset="62" sl="34" sc="18" el="34" ec="18" bec="0" bev="0" fileid="1" />
                <SequencePoint vc="3" uspid="15" ordinal="0" offset="75" sl="43" sc="2" el="43" ec="2" bec="0" bev="0" fileid="1" />
              </SequencePoints>
              <BranchPoints />
            </Method>
            <Method visited="true" cyclomaticComplexity="0" nPathComplexity="0" sequenceCoverage="100.0" branchCoverage="0" crapScore="0" isConstructor="false" isStatic="false" isGetter="false" isSetter="false">
              <Summary numSequencePoints="3" visitedSequencePoints="3" numBranchPoints="0" visitedBranchPoints="0" sequenceCoverage="100.0" branchCoverage="0" maxCyclomaticComplexity="0" minCyclomaticComplexity="0" maxCrapScore="0" minCrapScore="0" visitedClasses="0" numClasses="0" visitedMethods="1" numMethods="1" />
              <MetadataToken>100663299</MetadataToken>
              <Name>System.Void FrostAttack::OnDisable()</Name>
              <FileRef uid="1" />
              <SequencePoints>
                <SequencePoint vc="5" uspid="16" ordinal="0" offset="0" sl="47" sc="2" el="47" ec="2" bec="0" bev="0" fileid="1" />
                <SequencePoint vc="5" uspid="17" ordinal="0" offset="1" sl="48" sc="3" el="48" ec="3" bec="0" bev="0" fileid="1" />
                <SequencePoint vc="5" uspid="18" ordinal="0" offset="8" sl="49" sc="2" el="49" ec="2" bec="0" bev="0" fileid="1" />
              </SequencePoints>
              <BranchPoints />
            </Method>
            <Method visited="true" cyclomaticComplexity="0" nPathComplexity="0" sequenceCoverage="100.0" branchCoverage="0" crapScore="0" isConstructor="false" isStatic="false" isGetter="false" isSetter="false">
              <Summary numSequencePoints="8" visitedSequencePoints="8" numBranchPoints="0" visitedBranchPoints="0" sequenceCoverage="100.0" branchCoverage="0" maxCyclomaticComplexity="0" minCyclomaticComplexity="0" maxCrapScore="0" minCrapScore="0" visitedClasses="0" numClasses="0" visitedMethods="1" numMethods="1" />
              <MetadataToken>100663300</MetadataToken>
              <Name>System.Void FrostAttack::Fire()</Name>
              <FileRef uid="1" />
              <SequencePoints>
                <SequencePoint vc="720" uspid="19" ordinal="0" offset="0" sl="53" sc="2" el="53" ec="2" bec="0" bev="0" fileid="1" />
                <SequencePoint vc="720" uspid="20" ordinal="0" offset="1" sl="55" sc="3" el="55" ec="3" bec="0" bev="0" fileid="1" />
                <SequencePoint vc="7" uspid="21" ordinal="0" offset="14" sl="56" sc="3" el="56" ec="3" bec="0" bev="0" fileid="1" />
                <SequencePoint vc="7" uspid="22" ordinal="0" offset="15" sl="58" sc="4" el="58" ec="4" bec="0" bev="0" fileid="1" />
                <SequencePoint vc="7" uspid="23" ordinal="0" offset="28" sl="59" sc="4" el="59" ec="4" bec="0" bev="0" fileid="1" />
                <SequencePoint vc="7" uspid="24" ordinal="0" offset="41" sl="62" sc="4" el="62" ec="4" bec="0" bev="0" fileid="1" />
                <SequencePoint vc="7" uspid="25" ordinal="0" offset="48" sl="63" sc="3" el="63" ec="3" bec="0" bev="0" fileid="1" />
                <SequencePoint vc="720" uspid="26" ordinal="0" offset="49" sl="64" sc="2" el="64" ec="2" bec="0" bev="0" fileid="1" />
              </SequencePoints>
              <BranchPoints />
            </Method>
            <Method visited="true" cyclomaticComplexity="0" nPathComplexity="0" sequenceCoverage="100.0" branchCoverage="0" crapScore="0" isConstructor="false" isStatic="false" isGetter="false" isSetter="false">
              <Summary numSequencePoints="14" visitedSequencePoints="14" numBranchPoints="0" visitedBranchPoints="0" sequenceCoverage="100.0" branchCoverage="0" maxCyclomaticComplexity="0" minCyclomaticComplexity="0" maxCrapScore="0" minCrapScore="0" visitedClasses="0" numClasses="0" visitedMethods="1" numMethods="1" />
              <MetadataToken>100663301</MetadataToken>
              <Name>System.Void FrostAttack::StopFiring()</Name>
              <FileRef uid="1" />
              <SequencePoints>
                <SequencePoint vc="11" uspid="27" ordinal="0" offset="0" sl="68" sc="2" el="68" ec="2" bec="0" bev="0" fileid="1" />
                <SequencePoint vc="11" uspid="28" ordinal="0" offset="1" sl="70" sc="3" el="70" ec="3" bec="0" bev="0" fileid="1" />
                <SequencePoint vc="4" uspid="29" ordinal="0" offset="14" sl="71" sc="4" el="71" ec="4" bec="0" bev="0" fileid="1" />
                <SequencePoint vc="7" uspid="30" ordinal="0" offset="16" sl="74" sc="3" el="74" ec="3" bec="0" bev="0" fileid="1" />
                <SequencePoint vc="7" uspid="31" ordinal="0" offset="29" sl="75" sc="3" el="75" ec="3" bec="0" bev="0" fileid="1" />
                <SequencePoint vc="7" uspid="32" ordinal="0" offset="42" sl="78" sc="3" el="78" ec="3" bec="0" bev="0" fileid="1" />
                <SequencePoint vc="7" uspid="33" ordinal="0" offset="49" sl="81" sc="8" el="81" ec="8" bec="0" bev="0" fileid="1" />
                <SequencePoint vc="140" uspid="34" ordinal="0" offset="53" sl="82" sc="3" el="82" ec="3" bec="0" bev="0" fileid="1" />
                <SequencePoint vc="140" uspid="35" ordinal="0" offset="54" sl="85" sc="4" el="85" ec="4" bec="0" bev="0" fileid="1" />
                <SequencePoint vc="19" uspid="36" ordinal="0" offset="76" sl="86" sc="5" el="86" ec="5" bec="0" bev="0" fileid="1" />
                <SequencePoint vc="140" uspid="37" ordinal="0" offset="90" sl="87" sc="3" el="87" ec="3" bec="0" bev="0" fileid="1" />
                <SequencePoint vc="140" uspid="38" ordinal="0" offset="91" sl="81" sc="39" el="81" ec="39" bec="0" bev="0" fileid="1" />
                <SequencePoint vc="147" uspid="39" ordinal="0" offset="95" sl="81" sc="19" el="81" ec="19" bec="0" bev="0" fileid="1" />
                <SequencePoint vc="11" uspid="40" ordinal="0" offset="110" sl="88" sc="2" el="88" ec="2" bec="0" bev="0" fileid="1" />
              </SequencePoints>
              <BranchPoints />
            </Method>
            <Method visited="true" cyclomaticComplexity="0" nPathComplexity="0" sequenceCoverage="100.0" branchCoverage="0" crapScore="0" isConstructor="false" isStatic="false" isGetter="false" isSetter="false">
              <Summary numSequencePoints="12" visitedSequencePoints="12" numBranchPoints="0" visitedBranchPoints="0" sequenceCoverage="100.0" branchCoverage="0" maxCyclomaticComplexity="0" minCyclomaticComplexity="0" maxCrapScore="0" minCrapScore="0" visitedClasses="0" numClasses="0" visitedMethods="1" numMethods="1" />
              <MetadataToken>100663302</MetadataToken>
              <Name>System.Void FrostAttack::AttachDebuffToEnemy(EnemyMovement)</Name>
              <FileRef uid="1" />
              <SequencePoints>
                <SequencePoint vc="22" uspid="41" ordinal="0" offset="0" sl="92" sc="2" el="92" ec="2" bec="0" bev="0" fileid="1" />
                <SequencePoint vc="22" uspid="42" ordinal="0" offset="1" sl="94" sc="8" el="94" ec="8" bec="0" bev="0" fileid="1" />
                <SequencePoint vc="83" uspid="43" ordinal="0" offset="5" sl="95" sc="3" el="95" ec="3" bec="0" bev="0" fileid="1" />
                <SequencePoint vc="83" uspid="44" ordinal="0" offset="6" sl="97" sc="4" el="97" ec="4" bec="0" bev="0" fileid="1" />
                <SequencePoint vc="22" uspid="45" ordinal="0" offset="31" sl="98" sc="4" el="98" ec="4" bec="0" bev="0" fileid="1" />
                <SequencePoint vc="22" uspid="46" ordinal="0" offset="32" sl="100" sc="5" el="100" ec="5" bec="0" bev="0" fileid="1" />
                <SequencePoint vc="22" uspid="47" ordinal="0" offset="52" sl="101" sc="5" el="101" ec="5" bec="0" bev="0" fileid="1" />
                <SequencePoint vc="22" uspid="48" ordinal="0" offset="67" sl="103" sc="5" el="103" ec="5" bec="0" bev="0" fileid="1" />
                <SequencePoint vc="61" uspid="49" ordinal="0" offset="69" sl="105" sc="3" el="105" ec="3" bec="0" bev="0" fileid="1" />
                <SequencePoint vc="61" uspid="50" ordinal="0" offset="70" sl="94" sc="39" el="94" ec="39" bec="0" bev="0" fileid="1" />
                <SequencePoint vc="83" uspid="51" ordinal="0" offset="74" sl="94" sc="19" el="94" ec="19" bec="0" bev="0" fileid="1" />
                <SequencePoint vc="22" uspid="52" ordinal="0" offset="89" sl="106" sc="2" el="106" ec="2" bec="0" bev="0" fileid="1" />
              </SequencePoints>
              <BranchPoints />
            </Method>
            <Method visited="true" cyclomaticComplexity="0" nPathComplexity="0" sequenceCoverage="100.0" branchCoverage="0" crapScore="0" isConstructor="false" isStatic="false" isGetter="false" isSetter="false">
              <Summary numSequencePoints="8" visitedSequencePoints="8" numBranchPoints="0" visitedBranchPoints="0" sequenceCoverage="100.0" branchCoverage="0" maxCyclomaticComplexity="0" minCyclomaticComplexity="0" maxCrapScore="0" minCrapScore="0" visitedClasses="0" numClasses="0" visitedMethods="1" numMethods="1" />
              <MetadataToken>100663303</MetadataToken>
              <Name>System.Void FrostAttack::OnTriggerEnter(UnityEngine.Collider)</Name>
              <FileRef uid="1" />
              <SequencePoints>
                <SequencePoint vc="62" uspid="53" ordinal="0" offset="0" sl="110" sc="2" el="110" ec="2" bec="0" bev="0" fileid="1" />
                <SequencePoint vc="62" uspid="54" ordinal="0" offset="1" sl="112" sc="3" el="112" ec="3" bec="0" bev="0" fileid="1" />
                <SequencePoint vc="62" uspid="55" ordinal="0" offset="8" sl="114" sc="3" el="114" ec="3" bec="0" bev="0" fileid="1" />
                <SequencePoint vc="15" uspid="56" ordinal="0" offset="19" sl="115" sc="4" el="115" ec="4" bec="0" bev="0" fileid="1" />
                <SequencePoint vc="47" uspid="57" ordinal="0" offset="21" sl="119" sc="3" el="119" ec="3" bec="0" bev="0" fileid="1" />
                <SequencePoint vc="25" uspid="58" ordinal="0" offset="37" sl="120" sc="4" el="120" ec="4" bec="0" bev="0" fileid="1" />
                <SequencePoint vc="22" uspid="59" ordinal="0" offset="52" sl="123" sc="4" el="123" ec="4" bec="0" bev="0" fileid="1" />
                <SequencePoint vc="62" uspid="60" ordinal="0" offset="60" sl="124" sc="2" el="124" ec="2" bec="0" bev="0" fileid="1" />
              </SequencePoints>
              <BranchPoints />
            </Method>
            <Method visited="true" cyclomaticComplexity="0" nPathComplexity="0" sequenceCoverage="100.0" branchCoverage="0" crapScore="0" isConstructor="false" isStatic="false" isGetter="false" isSetter="false">
              <Summary numSequencePoints="7" visitedSequencePoints="7" numBranchPoints="0" visitedBranchPoints="0" sequenceCoverage="100.0" branchCoverage="0" maxCyclomaticComplexity="0" minCyclomaticComplexity="0" maxCrapScore="0" minCrapScore="0" visitedClasses="0" numClasses="0" visitedMethods="1" numMethods="1" />
              <MetadataToken>100663304</MetadataToken>
              <Name>System.Void FrostAttack::OnTriggerExit(UnityEngine.Collider)</Name>
              <FileRef uid="1" />
              <SequencePoints>
                <SequencePoint vc="32" uspid="61" ordinal="0" offset="0" sl="128" sc="2" el="128" ec="2" bec="0" bev="0" fileid="1" />
                <SequencePoint vc="32" uspid="62" ordinal="0" offset="1" sl="130" sc="3" el="130" ec="3" bec="0" bev="0" fileid="1" />
                <SequencePoint vc="32" uspid="63" ordinal="0" offset="8" sl="132" sc="3" el="132" ec="3" bec="0" bev="0" fileid="1" />
                <SequencePoint vc="9" uspid="64" ordinal="0" offset="19" sl="133" sc="4" el="133" ec="4" bec="0" bev="0" fileid="1" />
                <SequencePoint vc="23" uspid="65" ordinal="0" offset="21" sl="137" sc="3" el="137" ec="3" bec="0" bev="0" fileid="1" />
                <SequencePoint vc="18" uspid="66" ordinal="0" offset="37" sl="138" sc="4" el="138" ec="4" bec="0" bev="0" fileid="1" />
                <SequencePoint vc="32" uspid="67" ordinal="0" offset="49" sl="139" sc="2" el="139" ec="2" bec="0" bev="0" fileid="1" />
              </SequencePoints>
              <BranchPoints />
            </Method>
            <Method visited="true" cyclomaticComplexity="0" nPathComplexity="0" sequenceCoverage="100.0" branchCoverage="0" crapScore="0" isConstructor="true" isStatic="false" isGetter="false" isSetter="false">
              <Summary numSequencePoints="2" visitedSequencePoints="2" numBranchPoints="0" visitedBranchPoints="0" sequenceCoverage="100.0" branchCoverage="0" maxCyclomaticComplexity="0" minCyclomaticComplexity="0" maxCrapScore="0" minCrapScore="0" visitedClasses="0" numClasses="0" visitedMethods="1" numMethods="1" />
              <MetadataToken>100663305</MetadataToken>
              <Name>FrostAttack::FrostAttack()</Name>
              <FileRef uid="1" />
              <SequencePoints>
                <SequencePoint vc="6" uspid="68" ordinal="0" offset="0" sl="10" sc="19" el="10" ec="19" bec="0" bev="0" fileid="1" />
                <SequencePoint vc="6" uspid="69" ordinal="0" offset="8" sl="18" sc="2" el="18" ec="2" bec="0" bev="0" fileid="1" />
              </SequencePoints>
              <BranchPoints />
            </Method>
          </Methods>
        </Class>
        <Class>
          <Summary numSequencePoints="63" visitedSequencePoints="62" numBranchPoints="0" visitedBranchPoints="0" sequenceCoverage="98.41" branchCoverage="0.0" maxCyclomaticComplexity="0" minCyclomaticComplexity="0" maxCrapScore="0" minCrapScore="0" visitedClasses="1" numClasses="1" visitedMethods="9" numMethods="9" />
          <FullName>FrostDebuff</FullName>
          <Methods>
            <Method visited="true" cyclomaticComplexity="0" nPathComplexity="0" sequenceCoverage="100.0" branchCoverage="0" crapScore="0" isConstructor="false" isStatic="false" isGetter="false" isSetter="false">
              <Summary numSequencePoints="6" visitedSequencePoints="6" numBranchPoints="0" visitedBranchPoints="0" sequenceCoverage="100.0" branchCoverage="0" maxCyclomaticComplexity="0" minCyclomaticComplexity="0" maxCrapScore="0" minCrapScore="0" visitedClasses="0" numClasses="0" visitedMethods="1" numMethods="1" />
              <MetadataToken>100663306</MetadataToken>
              <Name>System.Void FrostDebuff::OnEnable()</Name>
              <FileRef uid="2" />
              <SequencePoints>
                <SequencePoint vc="82" uspid="70" ordinal="0" offset="0" sl="22" sc="2" el="22" ec="2" bec="0" bev="0" fileid="2" />
                <SequencePoint vc="82" uspid="71" ordinal="0" offset="1" sl="24" sc="3" el="24" ec="3" bec="0" bev="0" fileid="2" />
                <SequencePoint vc="82" uspid="72" ordinal="0" offset="14" sl="25" sc="3" el="25" ec="3" bec="0" bev="0" fileid="2" />
                <SequencePoint vc="82" uspid="73" ordinal="0" offset="27" sl="28" sc="3" el="28" ec="3" bec="0" bev="0" fileid="2" />
                <SequencePoint vc="82" uspid="74" ordinal="0" offset="34" sl="29" sc="3" el="29" ec="3" bec="0" bev="0" fileid="2" />
                <SequencePoint vc="82" uspid="75" ordinal="0" offset="41" sl="30" sc="2" el="30" ec="2" bec="0" bev="0" fileid="2" />
              </SequencePoints>
              <BranchPoints />
            </Method>
            <Method visited="true" cyclomaticComplexity="0" nPathComplexity="0" sequenceCoverage="100.0" branchCoverage="0" crapScore="0" isConstructor="false" isStatic="false" isGetter="false" isSetter="false">
              <Summary numSequencePoints="18" visitedSequencePoints="18" numBranchPoints="0" visitedBranchPoints="0" sequenceCoverage="100.0" branchCoverage="0" maxCyclomaticComplexity="0" minCyclomaticComplexity="0" maxCrapScore="0" minCrapScore="0" visitedClasses="0" numClasses="0" visitedMethods="1" numMethods="1" />
              <MetadataToken>100663307</MetadataToken>
              <Name>System.Void FrostDebuff::Update()</Name>
              <FileRef uid="2" />
              <SequencePoints>
                <SequencePoint vc="3963" uspid="76" ordinal="0" offset="0" sl="33" sc="2" el="33" ec="2" bec="0" bev="0" fileid="2" />
                <SequencePoint vc="3963" uspid="77" ordinal="0" offset="1" sl="35" sc="3" el="35" ec="3" bec="0" bev="0" fileid="2" />
                <SequencePoint vc="3963" uspid="78" ordinal="0" offset="29" sl="38" sc="3" el="38" ec="3" bec="0" bev="0" fileid="2" />
                <SequencePoint vc="22" uspid="79" ordinal="0" offset="53" sl="39" sc="3" el="39" ec="3" bec="0" bev="0" fileid="2" />
                <SequencePoint vc="22" uspid="80" ordinal="0" offset="54" sl="41" sc="4" el="41" ec="4" bec="0" bev="0" fileid="2" />
                <SequencePoint vc="22" uspid="81" ordinal="0" offset="75" sl="42" sc="5" el="42" ec="5" bec="0" bev="0" fileid="2" />
                <SequencePoint vc="22" uspid="82" ordinal="0" offset="87" sl="45" sc="4" el="45" ec="4" bec="0" bev="0" fileid="2" />
                <SequencePoint vc="22" uspid="83" ordinal="0" offset="94" sl="46" sc="4" el="46" ec="4" bec="0" bev="0" fileid="2" />
                <SequencePoint vc="22" uspid="84" ordinal="0" offset="107" sl="47" sc="3" el="47" ec="3" bec="0" bev="0" fileid="2" />
                <SequencePoint vc="3941" uspid="85" ordinal="0" offset="110" sl="49" sc="8" el="49" ec="8" bec="0" bev="0" fileid="2" />
                <SequencePoint vc="1237" uspid="86" ordinal="0" offset="134" sl="50" sc="3" el="50" ec="3" bec="0" bev="0" fileid="2" />
                <SequencePoint vc="1237" uspid="87" ordinal="0" offset="135" sl="51" sc="4" el="51" ec="4" bec="0" bev="0" fileid="2" />
                <SequencePoint vc="1237" uspid="88" ordinal="0" offset="142" sl="52" sc="3" el="52" ec="3" bec="0" bev="0" fileid="2" />
                <SequencePoint vc="2704" uspid="89" ordinal="0" offset="145" sl="54" sc="8" el="54" ec="8" bec="0" bev="0" fileid="2" />
                <SequencePoint vc="2430" uspid="90" ordinal="0" offset="166" sl="55" sc="3" el="55" ec="3" bec="0" bev="0" fileid="2" />
                <SequencePoint vc="2430" uspid="91" ordinal="0" offset="167" sl="56" sc="4" el="56" ec="4" bec="0" bev="0" fileid="2" />
                <SequencePoint vc="2430" uspid="92" ordinal="0" offset="174" sl="57" sc="3" el="57" ec="3" bec="0" bev="0" fileid="2" />
                <SequencePoint vc="3963" uspid="93" ordinal="0" offset="175" sl="58" sc="2" el="58" ec="2" bec="0" bev="0" fileid="2" />
              </SequencePoints>
              <BranchPoints />
            </Method>
            <Method visited="true" cyclomaticComplexity="0" nPathComplexity="0" sequenceCoverage="100.0" branchCoverage="0" crapScore="0" isConstructor="false" isStatic="false" isGetter="false" isSetter="false">
              <Summary numSequencePoints="6" visitedSequencePoints="6" numBranchPoints="0" visitedBranchPoints="0" sequenceCoverage="100.0" branchCoverage="0" maxCyclomaticComplexity="0" minCyclomaticComplexity="0" maxCrapScore="0" minCrapScore="0" visitedClasses="0" numClasses="0" visitedMethods="1" numMethods="1" />
              <MetadataToken>100663308</MetadataToken>
              <Name>System.Void FrostDebuff::CheckForFreeze()</Name>
              <FileRef uid="2" />
              <SequencePoints>
                <SequencePoint vc="1237" uspid="94" ordinal="0" offset="0" sl="62" sc="2" el="62" ec="2" bec="0" bev="0" fileid="2" />
                <SequencePoint vc="1237" uspid="95" ordinal="0" offset="1" sl="64" sc="3" el="64" ec="3" bec="0" bev="0" fileid="2" />
                <SequencePoint vc="6" uspid="96" ordinal="0" offset="21" sl="65" sc="3" el="65" ec="3" bec="0" bev="0" fileid="2" />
                <SequencePoint vc="6" uspid="97" ordinal="0" offset="22" sl="67" sc="4" el="67" ec="4" bec="0" bev="0" fileid="2" />
                <SequencePoint vc="6" uspid="98" ordinal="0" offset="29" sl="68" sc="3" el="68" ec="3" bec="0" bev="0" fileid="2" />
                <SequencePoint vc="1237" uspid="99" ordinal="0" offset="30" sl="69" sc="2" el="69" ec="2" bec="0" bev="0" fileid="2" />
              </SequencePoints>
              <BranchPoints />
            </Method>
            <Method visited="true" cyclomaticComplexity="0" nPathComplexity="0" sequenceCoverage="100.0" branchCoverage="0" crapScore="0" isConstructor="false" isStatic="false" isGetter="false" isSetter="false">
              <Summary numSequencePoints="6" visitedSequencePoints="6" numBranchPoints="0" visitedBranchPoints="0" sequenceCoverage="100.0" branchCoverage="0" maxCyclomaticComplexity="0" minCyclomaticComplexity="0" maxCrapScore="0" minCrapScore="0" visitedClasses="0" numClasses="0" visitedMethods="1" numMethods="1" />
              <MetadataToken>100663309</MetadataToken>
              <Name>System.Void FrostDebuff::CheckForUnFreeze()</Name>
              <FileRef uid="2" />
              <SequencePoints>
                <SequencePoint vc="2430" uspid="100" ordinal="0" offset="0" sl="73" sc="2" el="73" ec="2" bec="0" bev="0" fileid="2" />
                <SequencePoint vc="2430" uspid="101" ordinal="0" offset="1" sl="75" sc="3" el="75" ec="3" bec="0" bev="0" fileid="2" />
                <SequencePoint vc="6" uspid="102" ordinal="0" offset="21" sl="76" sc="3" el="76" ec="3" bec="0" bev="0" fileid="2" />
                <SequencePoint vc="6" uspid="103" ordinal="0" offset="22" sl="78" sc="4" el="78" ec="4" bec="0" bev="0" fileid="2" />
                <SequencePoint vc="6" uspid="104" ordinal="0" offset="29" sl="79" sc="3" el="79" ec="3" bec="0" bev="0" fileid="2" />
                <SequencePoint vc="2430" uspid="105" ordinal="0" offset="30" sl="80" sc="2" el="80" ec="2" bec="0" bev="0" fileid="2" />
              </SequencePoints>
              <BranchPoints />
            </Method>
            <Method visited="true" cyclomaticComplexity="0" nPathComplexity="0" sequenceCoverage="100.0" branchCoverage="0" crapScore="0" isConstructor="false" isStatic="false" isGetter="false" isSetter="false">
              <Summary numSequencePoints="8" visitedSequencePoints="8" numBranchPoints="0" visitedBranchPoints="0" sequenceCoverage="100.0" branchCoverage="0" maxCyclomaticComplexity="0" minCyclomaticComplexity="0" maxCrapScore="0" minCrapScore="0" visitedClasses="0" numClasses="0" visitedMethods="1" numMethods="1" />
              <MetadataToken>100663310</MetadataToken>
              <Name>System.Void FrostDebuff::AttachToEnemy(EnemyMovement)</Name>
              <FileRef uid="2" />
              <SequencePoints>
                <SequencePoint vc="47" uspid="106" ordinal="0" offset="0" sl="84" sc="2" el="84" ec="2" bec="0" bev="0" fileid="2" />
                <SequencePoint vc="47" uspid="107" ordinal="0" offset="1" sl="86" sc="3" el="86" ec="3" bec="0" bev="0" fileid="2" />
                <SequencePoint vc="25" uspid="108" ordinal="0" offset="17" sl="87" sc="4" el="87" ec="4" bec="0" bev="0" fileid="2" />
                <SequencePoint vc="22" uspid="109" ordinal="0" offset="19" sl="90" sc="3" el="90" ec="3" bec="0" bev="0" fileid="2" />
                <SequencePoint vc="22" uspid="110" ordinal="0" offset="26" sl="92" sc="3" el="92" ec="3" bec="0" bev="0" fileid="2" />
                <SequencePoint vc="22" uspid="111" ordinal="0" offset="38" sl="94" sc="3" el="94" ec="3" bec="0" bev="0" fileid="2" />
                <SequencePoint vc="22" uspid="112" ordinal="0" offset="45" sl="96" sc="3" el="96" ec="3" bec="0" bev="0" fileid="2" />
                <SequencePoint vc="47" uspid="113" ordinal="0" offset="63" sl="97" sc="2" el="97" ec="2" bec="0" bev="0" fileid="2" />
              </SequencePoints>
              <BranchPoints />
            </Method>
            <Method visited="true" cyclomaticComplexity="0" nPathComplexity="0" sequenceCoverage="85.71" branchCoverage="0" crapScore="0" isConstructor="false" isStatic="false" isGetter="false" isSetter="false">
              <Summary numSequencePoints="7" visitedSequencePoints="6" numBranchPoints="0" visitedBranchPoints="0" sequenceCoverage="85.71" branchCoverage="0" maxCyclomaticComplexity="0" minCyclomaticComplexity="0" maxCrapScore="0" minCrapScore="0" visitedClasses="0" numClasses="0" visitedMethods="1" numMethods="1" />
              <MetadataToken>100663311</MetadataToken>
              <Name>System.Void FrostDebuff::ReleaseEnemy()</Name>
              <FileRef uid="2" />
              <SequencePoints>
                <SequencePoint vc="37" uspid="114" ordinal="0" offset="0" sl="101" sc="2" el="101" ec="2" bec="0" bev="0" fileid="2" />
                <SequencePoint vc="37" uspid="115" ordinal="0" offset="1" sl="103" sc="3" el="103" ec="3" bec="0" bev="0" fileid="2" />
                <SequencePoint vc="0" uspid="116" ordinal="0" offset="17" sl="104" sc="4" el="104" ec="4" bec="0" bev="0" fileid="2" />
                <SequencePoint vc="37" uspid="117" ordinal="0" offset="19" sl="107" sc="3" el="107" ec="3" bec="0" bev="0" fileid="2" />
                <SequencePoint vc="37" uspid="118" ordinal="0" offset="26" sl="109" sc="3" el="109" ec="3" bec="0" bev="0" fileid="2" />
                <SequencePoint vc="21" uspid="119" ordinal="0" offset="36" sl="110" sc="4" el="110" ec="4" bec="0" bev="0" fileid="2" />
                <SequencePoint vc="37" uspid="120" ordinal="0" offset="54" sl="111" sc="2" el="111" ec="2" bec="0" bev="0" fileid="2" />
              </SequencePoints>
              <BranchPoints />
            </Method>
            <Method visited="true" cyclomaticComplexity="0" nPathComplexity="0" sequenceCoverage="100.0" branchCoverage="0" crapScore="0" isConstructor="false" isStatic="false" isGetter="false" isSetter="false">
              <Summary numSequencePoints="6" visitedSequencePoints="6" numBranchPoints="0" visitedBranchPoints="0" sequenceCoverage="100.0" branchCoverage="0" maxCyclomaticComplexity="0" minCyclomaticComplexity="0" maxCrapScore="0" minCrapScore="0" visitedClasses="0" numClasses="0" visitedMethods="1" numMethods="1" />
              <MetadataToken>100663312</MetadataToken>
              <Name>System.Void FrostDebuff::FreezeTarget()</Name>
              <FileRef uid="2" />
              <SequencePoints>
                <SequencePoint vc="6" uspid="121" ordinal="0" offset="0" sl="115" sc="2" el="115" ec="2" bec="0" bev="0" fileid="2" />
                <SequencePoint vc="6" uspid="122" ordinal="0" offset="1" sl="117" sc="3" el="117" ec="3" bec="0" bev="0" fileid="2" />
                <SequencePoint vc="6" uspid="123" ordinal="0" offset="8" sl="119" sc="3" el="119" ec="3" bec="0" bev="0" fileid="2" />
                <SequencePoint vc="6" uspid="124" ordinal="0" offset="20" sl="122" sc="3" el="122" ec="3" bec="0" bev="0" fileid="2" />
                <SequencePoint vc="6" uspid="125" ordinal="0" offset="33" sl="123" sc="3" el="123" ec="3" bec="0" bev="0" fileid="2" />
                <SequencePoint vc="6" uspid="126" ordinal="0" offset="46" sl="124" sc="2" el="124" ec="2" bec="0" bev="0" fileid="2" />
              </SequencePoints>
              <BranchPoints />
            </Method>
            <Method visited="true" cyclomaticComplexity="0" nPathComplexity="0" sequenceCoverage="100.0" branchCoverage="0" crapScore="0" isConstructor="false" isStatic="false" isGetter="false" isSetter="false">
              <Summary numSequencePoints="4" visitedSequencePoints="4" numBranchPoints="0" visitedBranchPoints="0" sequenceCoverage="100.0" branchCoverage="0" maxCyclomaticComplexity="0" minCyclomaticComplexity="0" maxCrapScore="0" minCrapScore="0" visitedClasses="0" numClasses="0" visitedMethods="1" numMethods="1" />
              <MetadataToken>100663313</MetadataToken>
              <Name>System.Void FrostDebuff::UnFreezeTarget()</Name>
              <FileRef uid="2" />
              <SequencePoints>
                <SequencePoint vc="6" uspid="127" ordinal="0" offset="0" sl="128" sc="2" el="128" ec="2" bec="0" bev="0" fileid="2" />
                <SequencePoint vc="6" uspid="128" ordinal="0" offset="1" sl="130" sc="3" el="130" ec="3" bec="0" bev="0" fileid="2" />
                <SequencePoint vc="6" uspid="129" ordinal="0" offset="8" sl="132" sc="3" el="132" ec="3" bec="0" bev="0" fileid="2" />
                <SequencePoint vc="6" uspid="130" ordinal="0" offset="20" sl="133" sc="2" el="133" ec="2" bec="0" bev="0" fileid="2" />
              </SequencePoints>
              <BranchPoints />
            </Method>
            <Method visited="true" cyclomaticComplexity="0" nPathComplexity="0" sequenceCoverage="100.0" branchCoverage="0" crapScore="0" isConstructor="true" isStatic="false" isGetter="false" isSetter="false">
              <Summary numSequencePoints="2" visitedSequencePoints="2" numBranchPoints="0" visitedBranchPoints="0" sequenceCoverage="100.0" branchCoverage="0" maxCyclomaticComplexity="0" minCyclomaticComplexity="0" maxCrapScore="0" minCrapScore="0" visitedClasses="0" numClasses="0" visitedMethods="1" numMethods="1" />
              <MetadataToken>100663314</MetadataToken>
              <Name>FrostDebuff::FrostDebuff()</Name>
              <FileRef uid="2" />
              <SequencePoints>
                <SequencePoint vc="60" uspid="131" ordinal="0" offset="0" sl="12" sc="19" el="12" ec="19" bec="0" bev="0" fileid="2" />
                <SequencePoint vc="60" uspid="132" ordinal="0" offset="11" sl="13" sc="19" el="13" ec="19" bec="0" bev="0" fileid="2" />
              </SequencePoints>
              <BranchPoints />
            </Method>
          </Methods>
        </Class>
        <Class>
          <Summary numSequencePoints="21" visitedSequencePoints="21" numBranchPoints="0" visitedBranchPoints="0" sequenceCoverage="100.0" branchCoverage="0.0" maxCyclomaticComplexity="0" minCyclomaticComplexity="0" maxCrapScore="0" minCrapScore="0" visitedClasses="1" numClasses="1" visitedMethods="2" numMethods="2" />
          <FullName>LightningAttack</FullName>
          <Methods>
            <Method visited="true" cyclomaticComplexity="0" nPathComplexity="0" sequenceCoverage="100.0" branchCoverage="0" crapScore="0" isConstructor="false" isStatic="false" isGetter="false" isSetter="false">
              <Summary numSequencePoints="18" visitedSequencePoints="18" numBranchPoints="0" visitedBranchPoints="0" sequenceCoverage="100.0" branchCoverage="0" maxCyclomaticComplexity="0" minCyclomaticComplexity="0" maxCrapScore="0" minCrapScore="0" visitedClasses="0" numClasses="0" visitedMethods="1" numMethods="1" />
              <MetadataToken>100663315</MetadataToken>
              <Name>System.Void LightningAttack::Fire()</Name>
              <FileRef uid="3" />
              <SequencePoints>
                <SequencePoint vc="78" uspid="133" ordinal="0" offset="0" sl="21" sc="2" el="21" ec="2" bec="0" bev="0" fileid="3" />
                <SequencePoint vc="78" uspid="134" ordinal="0" offset="1" sl="23" sc="3" el="23" ec="3" bec="0" bev="0" fileid="3" />
                <SequencePoint vc="78" uspid="135" ordinal="0" offset="30" sl="28" sc="3" el="28" ec="3" bec="0" bev="0" fileid="3" />
                <SequencePoint vc="72" uspid="136" ordinal="0" offset="59" sl="29" sc="3" el="29" ec="3" bec="0" bev="0" fileid="3" />
                <SequencePoint vc="72" uspid="137" ordinal="0" offset="60" sl="31" sc="4" el="31" ec="4" bec="0" bev="0" fileid="3" />
                <SequencePoint vc="72" uspid="138" ordinal="0" offset="84" sl="33" sc="4" el="33" ec="4" bec="0" bev="0" fileid="3" />
                <SequencePoint vc="72" uspid="139" ordinal="0" offset="96" sl="35" sc="4" el="35" ec="4" bec="0" bev="0" fileid="3" />
                <SequencePoint vc="72" uspid="140" ordinal="0" offset="114" sl="37" sc="4" el="37" ec="4" bec="0" bev="0" fileid="3" />
                <SequencePoint vc="72" uspid="141" ordinal="0" offset="127" sl="39" sc="4" el="39" ec="4" bec="0" bev="0" fileid="3" />
                <SequencePoint vc="59" uspid="142" ordinal="0" offset="140" sl="40" sc="4" el="40" ec="4" bec="0" bev="0" fileid="3" />
                <SequencePoint vc="59" uspid="143" ordinal="0" offset="141" sl="42" sc="5" el="42" ec="5" bec="0" bev="0" fileid="3" />
                <SequencePoint vc="59" uspid="144" ordinal="0" offset="154" sl="43" sc="4" el="43" ec="4" bec="0" bev="0" fileid="3" />
                <SequencePoint vc="72" uspid="145" ordinal="0" offset="155" sl="44" sc="3" el="44" ec="3" bec="0" bev="0" fileid="3" />
                <SequencePoint vc="6" uspid="146" ordinal="0" offset="158" sl="47" sc="3" el="47" ec="3" bec="0" bev="0" fileid="3" />
                <SequencePoint vc="6" uspid="147" ordinal="0" offset="159" sl="49" sc="4" el="49" ec="4" bec="0" bev="0" fileid="3" />
                <SequencePoint vc="6" uspid="148" ordinal="0" offset="183" sl="50" sc="3" el="50" ec="3" bec="0" bev="0" fileid="3" />
                <SequencePoint vc="78" uspid="149" ordinal="0" offset="184" sl="52" sc="3" el="52" ec="3" bec="0" bev="0" fileid="3" />
                <SequencePoint vc="78" uspid="150" ordinal="0" offset="202" sl="53" sc="2" el="53" ec="2" bec="0" bev="0" fileid="3" />
              </SequencePoints>
              <BranchPoints />
            </Method>
            <Method visited="true" cyclomaticComplexity="0" nPathComplexity="0" sequenceCoverage="100.0" branchCoverage="0" crapScore="0" isConstructor="true" isStatic="false" isGetter="false" isSetter="false">
              <Summary numSequencePoints="3" visitedSequencePoints="3" numBranchPoints="0" visitedBranchPoints="0" sequenceCoverage="100.0" branchCoverage="0" maxCyclomaticComplexity="0" minCyclomaticComplexity="0" maxCrapScore="0" minCrapScore="0" visitedClasses="0" numClasses="0" visitedMethods="1" numMethods="1" />
              <MetadataToken>100663316</MetadataToken>
              <Name>LightningAttack::LightningAttack()</Name>
              <FileRef uid="3" />
              <SequencePoints>
                <SequencePoint vc="6" uspid="151" ordinal="0" offset="0" sl="9" sc="2" el="9" ec="2" bec="0" bev="0" fileid="3" />
                <SequencePoint vc="6" uspid="152" ordinal="0" offset="11" sl="11" sc="19" el="11" ec="19" bec="0" bev="0" fileid="3" />
                <SequencePoint vc="6" uspid="153" ordinal="0" offset="19" sl="12" sc="19" el="12" ec="19" bec="0" bev="0" fileid="3" />
              </SequencePoints>
              <BranchPoints />
            </Method>
          </Methods>
        </Class>
        <Class>
          <Summary numSequencePoints="35" visitedSequencePoints="35" numBranchPoints="0" visitedBranchPoints="0" sequenceCoverage="100.0" branchCoverage="0.0" maxCyclomaticComplexity="0" minCyclomaticComplexity="0" maxCrapScore="0" minCrapScore="0" visitedClasses="1" numClasses="1" visitedMethods="4" numMethods="4" />
          <FullName>LightningBolt</FullName>
          <Methods>
            <Method visited="true" cyclomaticComplexity="0" nPathComplexity="0" sequenceCoverage="100.0" branchCoverage="0" crapScore="0" isConstructor="false" isStatic="false" isGetter="false" isSetter="false">
              <Summary numSequencePoints="4" visitedSequencePoints="4" numBranchPoints="0" visitedBranchPoints="0" sequenceCoverage="100.0" branchCoverage="0" maxCyclomaticComplexity="0" minCyclomaticComplexity="0" maxCrapScore="0" minCrapScore="0" visitedClasses="0" numClasses="0" visitedMethods="1" numMethods="1" />
              <MetadataToken>100663317</MetadataToken>
              <Name>System.Void LightningBolt::OnEnable()</Name>
              <FileRef uid="4" />
              <SequencePoints>
                <SequencePoint vc="78" uspid="154" ordinal="0" offset="0" sl="26" sc="2" el="26" ec="2" bec="0" bev="0" fileid="4" />
                <SequencePoint vc="78" uspid="155" ordinal="0" offset="1" sl="27" sc="3" el="27" ec="3" bec="0" bev="0" fileid="4" />
                <SequencePoint vc="78" uspid="156" ordinal="0" offset="12" sl="28" sc="3" el="28" ec="3" bec="0" bev="0" fileid="4" />
                <SequencePoint vc="78" uspid="157" ordinal="0" offset="23" sl="29" sc="2" el="29" ec="2" bec="0" bev="0" fileid="4" />
              </SequencePoints>
              <BranchPoints />
            </Method>
            <Method visited="true" cyclomaticComplexity="0" nPathComplexity="0" sequenceCoverage="100.0" branchCoverage="0" crapScore="0" isConstructor="false" isStatic="false" isGetter="false" isSetter="false">
              <Summary numSequencePoints="11" visitedSequencePoints="11" numBranchPoints="0" visitedBranchPoints="0" sequenceCoverage="100.0" branchCoverage="0" maxCyclomaticComplexity="0" minCyclomaticComplexity="0" maxCrapScore="0" minCrapScore="0" visitedClasses="0" numClasses="0" visitedMethods="1" numMethods="1" />
              <MetadataToken>100663318</MetadataToken>
              <Name>System.Void LightningBolt::Update()</Name>
              <FileRef uid="4" />
              <SequencePoints>
                <SequencePoint vc="7394" uspid="158" ordinal="0" offset="0" sl="32" sc="2" el="32" ec="2" bec="0" bev="0" fileid="4" />
                <SequencePoint vc="7394" uspid="159" ordinal="0" offset="1" sl="34" sc="3" el="34" ec="3" bec="0" bev="0" fileid="4" />
                <SequencePoint vc="7394" uspid="160" ordinal="0" offset="19" sl="36" sc="3" el="36" ec="3" bec="0" bev="0" fileid="4" />
                <SequencePoint vc="76" uspid="161" ordinal="0" offset="40" sl="37" sc="4" el="37" ec="4" bec="0" bev="0" fileid="4" />
                <SequencePoint vc="7394" uspid="162" ordinal="0" offset="53" sl="41" sc="3" el="41" ec="3" bec="0" bev="0" fileid="4" />
                <SequencePoint vc="7394" uspid="163" ordinal="0" offset="81" sl="44" sc="3" el="44" ec="3" bec="0" bev="0" fileid="4" />
                <SequencePoint vc="3852" uspid="164" ordinal="0" offset="102" sl="45" sc="3" el="45" ec="3" bec="0" bev="0" fileid="4" />
                <SequencePoint vc="3852" uspid="165" ordinal="0" offset="103" sl="47" sc="4" el="47" ec="4" bec="0" bev="0" fileid="4" />
                <SequencePoint vc="3852" uspid="166" ordinal="0" offset="122" sl="49" sc="4" el="49" ec="4" bec="0" bev="0" fileid="4" />
                <SequencePoint vc="3852" uspid="167" ordinal="0" offset="129" sl="50" sc="3" el="50" ec="3" bec="0" bev="0" fileid="4" />
                <SequencePoint vc="7394" uspid="168" ordinal="0" offset="130" sl="51" sc="2" el="51" ec="2" bec="0" bev="0" fileid="4" />
              </SequencePoints>
              <BranchPoints />
            </Method>
            <Method visited="true" cyclomaticComplexity="0" nPathComplexity="0" sequenceCoverage="100.0" branchCoverage="0" crapScore="0" isConstructor="false" isStatic="false" isGetter="false" isSetter="false">
              <Summary numSequencePoints="16" visitedSequencePoints="16" numBranchPoints="0" visitedBranchPoints="0" sequenceCoverage="100.0" branchCoverage="0" maxCyclomaticComplexity="0" minCyclomaticComplexity="0" maxCrapScore="0" minCrapScore="0" visitedClasses="0" numClasses="0" visitedMethods="1" numMethods="1" />
              <MetadataToken>100663319</MetadataToken>
              <Name>System.Void LightningBolt::ChangePhase()</Name>
              <FileRef uid="4" />
              <SequencePoints>
                <SequencePoint vc="3852" uspid="169" ordinal="0" offset="0" sl="55" sc="2" el="55" ec="2" bec="0" bev="0" fileid="4" />
                <SequencePoint vc="3852" uspid="170" ordinal="0" offset="1" sl="57" sc="3" el="57" ec="3" bec="0" bev="0" fileid="4" />
                <SequencePoint vc="3852" uspid="171" ordinal="0" offset="15" sl="59" sc="3" el="59" ec="3" bec="0" bev="0" fileid="4" />
                <SequencePoint vc="641" uspid="172" ordinal="0" offset="38" sl="60" sc="4" el="60" ec="4" bec="0" bev="0" fileid="4" />
                <SequencePoint vc="3852" uspid="173" ordinal="0" offset="45" sl="63" sc="3" el="63" ec="3" bec="0" bev="0" fileid="4" />
                <SequencePoint vc="3852" uspid="174" ordinal="0" offset="59" sl="65" sc="3" el="65" ec="3" bec="0" bev="0" fileid="4" />
                <SequencePoint vc="3852" uspid="175" ordinal="0" offset="79" sl="67" sc="8" el="67" ec="8" bec="0" bev="0" fileid="4" />
                <SequencePoint vc="86016" uspid="176" ordinal="0" offset="83" sl="68" sc="3" el="68" ec="3" bec="0" bev="0" fileid="4" />
                <SequencePoint vc="86016" uspid="177" ordinal="0" offset="84" sl="70" sc="4" el="70" ec="4" bec="0" bev="0" fileid="4" />
                <SequencePoint vc="86016" uspid="178" ordinal="0" offset="97" sl="74" sc="4" el="74" ec="4" bec="0" bev="0" fileid="4" />
                <SequencePoint vc="86016" uspid="179" ordinal="0" offset="133" sl="76" sc="4" el="76" ec="4" bec="0" bev="0" fileid="4" />
                <SequencePoint vc="86016" uspid="180" ordinal="0" offset="170" sl="78" sc="13" el="78" ec="13" bec="0" bev="0" fileid="4" />
                <SequencePoint vc="86016" uspid="181" ordinal="0" offset="185" sl="79" sc="3" el="79" ec="3" bec="0" bev="0" fileid="4" />
                <SequencePoint vc="86016" uspid="182" ordinal="0" offset="186" sl="67" sc="50" el="67" ec="50" bec="0" bev="0" fileid="4" />
                <SequencePoint vc="89868" uspid="183" ordinal="0" offset="190" sl="67" sc="23" el="67" ec="23" bec="0" bev="0" fileid="4" />
                <SequencePoint vc="3852" uspid="184" ordinal="0" offset="207" sl="80" sc="2" el="80" ec="2" bec="0" bev="0" fileid="4" />
              </SequencePoints>
              <BranchPoints />
            </Method>
            <Method visited="true" cyclomaticComplexity="0" nPathComplexity="0" sequenceCoverage="100.0" branchCoverage="0" crapScore="0" isConstructor="true" isStatic="false" isGetter="false" isSetter="false">
              <Summary numSequencePoints="4" visitedSequencePoints="4" numBranchPoints="0" visitedBranchPoints="0" sequenceCoverage="100.0" branchCoverage="0" maxCyclomaticComplexity="0" minCyclomaticComplexity="0" maxCrapScore="0" minCrapScore="0" visitedClasses="0" numClasses="0" visitedMethods="1" numMethods="1" />
              <MetadataToken>100663320</MetadataToken>
              <Name>LightningBolt::LightningBolt()</Name>
              <FileRef uid="4" />
              <SequencePoints>
                <SequencePoint vc="6" uspid="185" ordinal="0" offset="0" sl="11" sc="19" el="11" ec="19" bec="0" bev="0" fileid="4" />
                <SequencePoint vc="6" uspid="186" ordinal="0" offset="11" sl="12" sc="19" el="12" ec="19" bec="0" bev="0" fileid="4" />
                <SequencePoint vc="6" uspid="187" ordinal="0" offset="22" sl="13" sc="19" el="13" ec="19" bec="0" bev="0" fileid="4" />
                <SequencePoint vc="6" uspid="188" ordinal="0" offset="33" sl="19" sc="2" el="19" ec="2" bec="0" bev="0" fileid="4" />
              </SequencePoints>
              <BranchPoints />
            </Method>
          </Methods>
        </Class>
        <Class>
          <Summary numSequencePoints="38" visitedSequencePoints="37" numBranchPoints="0" visitedBranchPoints="0" sequenceCoverage="97.37" branchCoverage="0.0" maxCyclomaticComplexity="0" minCyclomaticComplexity="0" maxCrapScore="0" minCrapScore="0" visitedClasses="1" numClasses="1" visitedMethods="5" numMethods="5" />
          <FullName>SlimeAttack</FullName>
          <Methods>
            <Method visited="true" cyclomaticComplexity="0" nPathComplexity="0" sequenceCoverage="85.71" branchCoverage="0" crapScore="0" isConstructor="false" isStatic="false" isGetter="false" isSetter="false">
              <Summary numSequencePoints="7" visitedSequencePoints="6" numBranchPoints="0" visitedBranchPoints="0" sequenceCoverage="85.71" branchCoverage="0" maxCyclomaticComplexity="0" minCyclomaticComplexity="0" maxCrapScore="0" minCrapScore="0" visitedClasses="0" numClasses="0" visitedMethods="1" numMethods="1" />
              <MetadataToken>100663321</MetadataToken>
              <Name>System.Boolean SlimeAttack::Fire()</Name>
              <FileRef uid="5" />
              <SequencePoints>
                <SequencePoint vc="1" uspid="189" ordinal="0" offset="0" sl="31" sc="2" el="31" ec="2" bec="0" bev="0" fileid="5" />
                <SequencePoint vc="1" uspid="190" ordinal="0" offset="1" sl="33" sc="3" el="33" ec="3" bec="0" bev="0" fileid="5" />
                <SequencePoint vc="1" uspid="191" ordinal="0" offset="17" sl="34" sc="3" el="34" ec="3" bec="0" bev="0" fileid="5" />
                <SequencePoint vc="1" uspid="192" ordinal="0" offset="18" sl="36" sc="4" el="36" ec="4" bec="0" bev="0" fileid="5" />
                <SequencePoint vc="1" uspid="193" ordinal="0" offset="25" sl="37" sc="4" el="37" ec="4" bec="0" bev="0" fileid="5" />
                <SequencePoint vc="0" uspid="194" ordinal="0" offset="29" sl="40" sc="3" el="40" ec="3" bec="0" bev="0" fileid="5" />
                <SequencePoint vc="1" uspid="195" ordinal="0" offset="33" sl="41" sc="2" el="41" ec="2" bec="0" bev="0" fileid="5" />
              </SequencePoints>
              <BranchPoints />
            </Method>
            <Method visited="true" cyclomaticComplexity="0" nPathComplexity="0" sequenceCoverage="100.0" branchCoverage="0" crapScore="0" isConstructor="false" isStatic="false" isGetter="false" isSetter="false">
              <Summary numSequencePoints="8" visitedSequencePoints="8" numBranchPoints="0" visitedBranchPoints="0" sequenceCoverage="100.0" branchCoverage="0" maxCyclomaticComplexity="0" minCyclomaticComplexity="0" maxCrapScore="0" minCrapScore="0" visitedClasses="0" numClasses="0" visitedMethods="1" numMethods="1" />
              <MetadataToken>100663322</MetadataToken>
              <Name>System.Void SlimeAttack::Update()</Name>
              <FileRef uid="5" />
              <SequencePoints>
                <SequencePoint vc="9273" uspid="196" ordinal="0" offset="0" sl="44" sc="2" el="44" ec="2" bec="0" bev="0" fileid="5" />
                <SequencePoint vc="9273" uspid="197" ordinal="0" offset="1" sl="46" sc="3" el="46" ec="3" bec="0" bev="0" fileid="5" />
                <SequencePoint vc="3" uspid="198" ordinal="0" offset="34" sl="47" sc="4" el="47" ec="4" bec="0" bev="0" fileid="5" />
                <SequencePoint vc="9270" uspid="199" ordinal="0" offset="36" sl="50" sc="3" el="50" ec="3" bec="0" bev="0" fileid="5" />
                <SequencePoint vc="9270" uspid="200" ordinal="0" offset="52" sl="54" sc="3" el="54" ec="3" bec="0" bev="0" fileid="5" />
                <SequencePoint vc="1234" uspid="201" ordinal="0" offset="90" sl="55" sc="4" el="55" ec="4" bec="0" bev="0" fileid="5" />
                <SequencePoint vc="9270" uspid="202" ordinal="0" offset="103" sl="57" sc="3" el="57" ec="3" bec="0" bev="0" fileid="5" />
                <SequencePoint vc="9273" uspid="203" ordinal="0" offset="110" sl="58" sc="2" el="58" ec="2" bec="0" bev="0" fileid="5" />
              </SequencePoints>
              <BranchPoints />
            </Method>
            <Method visited="true" cyclomaticComplexity="0" nPathComplexity="0" sequenceCoverage="100.0" branchCoverage="0" crapScore="0" isConstructor="false" isStatic="false" isGetter="false" isSetter="false">
              <Summary numSequencePoints="10" visitedSequencePoints="10" numBranchPoints="0" visitedBranchPoints="0" sequenceCoverage="100.0" branchCoverage="0" maxCyclomaticComplexity="0" minCyclomaticComplexity="0" maxCrapScore="0" minCrapScore="0" visitedClasses="0" numClasses="0" visitedMethods="1" numMethods="1" />
              <MetadataToken>100663323</MetadataToken>
              <Name>System.Void SlimeAttack::UpdateReticule()</Name>
              <FileRef uid="5" />
              <SequencePoints>
                <SequencePoint vc="9270" uspid="204" ordinal="0" offset="0" sl="62" sc="2" el="62" ec="2" bec="0" bev="0" fileid="5" />
                <SequencePoint vc="9270" uspid="205" ordinal="0" offset="1" sl="64" sc="3" el="64" ec="3" bec="0" bev="0" fileid="5" />
                <SequencePoint vc="8813" uspid="206" ordinal="0" offset="17" sl="65" sc="4" el="65" ec="4" bec="0" bev="0" fileid="5" />
                <SequencePoint vc="457" uspid="207" ordinal="0" offset="47" sl="68" sc="4" el="68" ec="4" bec="0" bev="0" fileid="5" />
                <SequencePoint vc="9270" uspid="208" ordinal="0" offset="70" sl="71" sc="3" el="71" ec="3" bec="0" bev="0" fileid="5" />
                <SequencePoint vc="457" uspid="209" ordinal="0" offset="86" sl="72" sc="4" el="72" ec="4" bec="0" bev="0" fileid="5" />
                <SequencePoint vc="8813" uspid="210" ordinal="0" offset="116" sl="74" sc="8" el="74" ec="8" bec="0" bev="0" fileid="5" />
                <SequencePoint vc="382" uspid="211" ordinal="0" offset="140" sl="75" sc="4" el="75" ec="4" bec="0" bev="0" fileid="5" />
                <SequencePoint vc="8431" uspid="212" ordinal="0" offset="170" sl="78" sc="4" el="78" ec="4" bec="0" bev="0" fileid="5" />
                <SequencePoint vc="9270" uspid="213" ordinal="0" offset="198" sl="79" sc="2" el="79" ec="2" bec="0" bev="0" fileid="5" />
              </SequencePoints>
              <BranchPoints />
            </Method>
            <Method visited="true" cyclomaticComplexity="0" nPathComplexity="0" sequenceCoverage="100.0" branchCoverage="0" crapScore="0" isConstructor="false" isStatic="false" isGetter="false" isSetter="false">
              <Summary numSequencePoints="7" visitedSequencePoints="7" numBranchPoints="0" visitedBranchPoints="0" sequenceCoverage="100.0" branchCoverage="0" maxCyclomaticComplexity="0" minCyclomaticComplexity="0" maxCrapScore="0" minCrapScore="0" visitedClasses="0" numClasses="0" visitedMethods="1" numMethods="1" />
              <MetadataToken>100663324</MetadataToken>
              <Name>System.Void SlimeAttack::LaunchProjectile()</Name>
              <FileRef uid="5" />
              <SequencePoints>
                <SequencePoint vc="1" uspid="214" ordinal="0" offset="0" sl="83" sc="2" el="83" ec="2" bec="0" bev="0" fileid="5" />
                <SequencePoint vc="1" uspid="215" ordinal="0" offset="1" sl="85" sc="3" el="85" ec="3" bec="0" bev="0" fileid="5" />
                <SequencePoint vc="1" uspid="216" ordinal="0" offset="12" sl="87" sc="3" el="87" ec="3" bec="0" bev="0" fileid="5" />
                <SequencePoint vc="1" uspid="217" ordinal="0" offset="40" sl="89" sc="3" el="89" ec="3" bec="0" bev="0" fileid="5" />
                <SequencePoint vc="1" uspid="218" ordinal="0" offset="58" sl="91" sc="3" el="91" ec="3" bec="0" bev="0" fileid="5" />
                <SequencePoint vc="1" uspid="219" ordinal="0" offset="76" sl="94" sc="3" el="94" ec="3" bec="0" bev="0" fileid="5" />
                <SequencePoint vc="1" uspid="220" ordinal="0" offset="83" sl="95" sc="2" el="95" ec="2" bec="0" bev="0" fileid="5" />
              </SequencePoints>
              <BranchPoints />
            </Method>
            <Method visited="true" cyclomaticComplexity="0" nPathComplexity="0" sequenceCoverage="100.0" branchCoverage="0" crapScore="0" isConstructor="true" isStatic="false" isGetter="false" isSetter="false">
              <Summary numSequencePoints="6" visitedSequencePoints="6" numBranchPoints="0" visitedBranchPoints="0" sequenceCoverage="100.0" branchCoverage="0" maxCyclomaticComplexity="0" minCyclomaticComplexity="0" maxCrapScore="0" minCrapScore="0" visitedClasses="0" numClasses="0" visitedMethods="1" numMethods="1" />
              <MetadataToken>100663325</MetadataToken>
              <Name>SlimeAttack::SlimeAttack()</Name>
              <FileRef uid="5" />
              <SequencePoints>
                <SequencePoint vc="6" uspid="221" ordinal="0" offset="0" sl="10" sc="2" el="10" ec="2" bec="0" bev="0" fileid="5" />
                <SequencePoint vc="6" uspid="222" ordinal="0" offset="11" sl="19" sc="19" el="19" ec="19" bec="0" bev="0" fileid="5" />
                <SequencePoint vc="6" uspid="223" ordinal="0" offset="22" sl="20" sc="19" el="20" ec="19" bec="0" bev="0" fileid="5" />
                <SequencePoint vc="6" uspid="224" ordinal="0" offset="33" sl="21" sc="19" el="21" ec="19" bec="0" bev="0" fileid="5" />
                <SequencePoint vc="6" uspid="225" ordinal="0" offset="44" sl="23" sc="2" el="23" ec="2" bec="0" bev="0" fileid="5" />
                <SequencePoint vc="6" uspid="226" ordinal="0" offset="55" sl="24" sc="2" el="24" ec="2" bec="0" bev="0" fileid="5" />
              </SequencePoints>
              <BranchPoints />
            </Method>
          </Methods>
        </Class>
        <Class>
          <Summary numSequencePoints="20" visitedSequencePoints="20" numBranchPoints="0" visitedBranchPoints="0" sequenceCoverage="100.0" branchCoverage="0.0" maxCyclomaticComplexity="0" minCyclomaticComplexity="0" maxCrapScore="0" minCrapScore="0" visitedClasses="1" numClasses="1" visitedMethods="4" numMethods="4" />
          <FullName>SlimeDebuff</FullName>
          <Methods>
            <Method visited="true" cyclomaticComplexity="0" nPathComplexity="0" sequenceCoverage="100.0" branchCoverage="0" crapScore="0" isConstructor="false" isStatic="false" isGetter="false" isSetter="false">
              <Summary numSequencePoints="3" visitedSequencePoints="3" numBranchPoints="0" visitedBranchPoints="0" sequenceCoverage="100.0" branchCoverage="0" maxCyclomaticComplexity="0" minCyclomaticComplexity="0" maxCrapScore="0" minCrapScore="0" visitedClasses="0" numClasses="0" visitedMethods="1" numMethods="1" />
              <MetadataToken>100663326</MetadataToken>
              <Name>System.Void SlimeDebuff::Awake()</Name>
              <FileRef uid="6" />
              <SequencePoints>
                <SequencePoint vc="1" uspid="227" ordinal="0" offset="0" sl="19" sc="2" el="19" ec="2" bec="0" bev="0" fileid="6" />
                <SequencePoint vc="1" uspid="228" ordinal="0" offset="1" sl="22" sc="3" el="22" ec="3" bec="0" bev="0" fileid="6" />
                <SequencePoint vc="1" uspid="229" ordinal="0" offset="25" sl="23" sc="2" el="23" ec="2" bec="0" bev="0" fileid="6" />
              </SequencePoints>
              <BranchPoints />
            </Method>
            <Method visited="true" cyclomaticComplexity="0" nPathComplexity="0" sequenceCoverage="100.0" branchCoverage="0" crapScore="0" isConstructor="false" isStatic="false" isGetter="false" isSetter="false">
              <Summary numSequencePoints="8" visitedSequencePoints="8" numBranchPoints="0" visitedBranchPoints="0" sequenceCoverage="100.0" branchCoverage="0" maxCyclomaticComplexity="0" minCyclomaticComplexity="0" maxCrapScore="0" minCrapScore="0" visitedClasses="0" numClasses="0" visitedMethods="1" numMethods="1" />
              <MetadataToken>100663327</MetadataToken>
              <Name>System.Void SlimeDebuff::AttachToEnemy(EnemyAttack)</Name>
              <FileRef uid="6" />
              <SequencePoints>
                <SequencePoint vc="1" uspid="230" ordinal="0" offset="0" sl="27" sc="2" el="27" ec="2" bec="0" bev="0" fileid="6" />
                <SequencePoint vc="1" uspid="231" ordinal="0" offset="1" sl="29" sc="3" el="29" ec="3" bec="0" bev="0" fileid="6" />
                <SequencePoint vc="1" uspid="232" ordinal="0" offset="8" sl="31" sc="3" el="31" ec="3" bec="0" bev="0" fileid="6" />
                <SequencePoint vc="1" uspid="233" ordinal="0" offset="25" sl="33" sc="3" el="33" ec="3" bec="0" bev="0" fileid="6" />
                <SequencePoint vc="1" uspid="234" ordinal="0" offset="37" sl="35" sc="3" el="35" ec="3" bec="0" bev="0" fileid="6" />
                <SequencePoint vc="1" uspid="235" ordinal="0" offset="60" sl="37" sc="3" el="37" ec="3" bec="0" bev="0" fileid="6" />
                <SequencePoint vc="1" uspid="236" ordinal="0" offset="92" sl="39" sc="3" el="39" ec="3" bec="0" bev="0" fileid="6" />
                <SequencePoint vc="1" uspid="237" ordinal="0" offset="104" sl="40" sc="2" el="40" ec="2" bec="0" bev="0" fileid="6" />
              </SequencePoints>
              <BranchPoints />
            </Method>
            <Method visited="true" cyclomaticComplexity="0" nPathComplexity="0" sequenceCoverage="100.0" branchCoverage="0" crapScore="0" isConstructor="false" isStatic="false" isGetter="false" isSetter="false">
              <Summary numSequencePoints="6" visitedSequencePoints="6" numBranchPoints="0" visitedBranchPoints="0" sequenceCoverage="100.0" branchCoverage="0" maxCyclomaticComplexity="0" minCyclomaticComplexity="0" maxCrapScore="0" minCrapScore="0" visitedClasses="0" numClasses="0" visitedMethods="1" numMethods="1" />
              <MetadataToken>100663328</MetadataToken>
              <Name>System.Void SlimeDebuff::ReleaseEnemy()</Name>
              <FileRef uid="6" />
              <SequencePoints>
                <SequencePoint vc="1" uspid="238" ordinal="0" offset="0" sl="44" sc="2" el="44" ec="2" bec="0" bev="0" fileid="6" />
                <SequencePoint vc="1" uspid="239" ordinal="0" offset="1" sl="46" sc="3" el="46" ec="3" bec="0" bev="0" fileid="6" />
                <SequencePoint vc="1" uspid="240" ordinal="0" offset="8" sl="47" sc="3" el="47" ec="3" bec="0" bev="0" fileid="6" />
                <SequencePoint vc="1" uspid="241" ordinal="0" offset="15" sl="48" sc="3" el="48" ec="3" bec="0" bev="0" fileid="6" />
                <SequencePoint vc="1" uspid="242" ordinal="0" offset="28" sl="50" sc="3" el="50" ec="3" bec="0" bev="0" fileid="6" />
                <SequencePoint vc="1" uspid="243" ordinal="0" offset="41" sl="51" sc="2" el="51" ec="2" bec="0" bev="0" fileid="6" />
              </SequencePoints>
              <BranchPoints />
            </Method>
            <Method visited="true" cyclomaticComplexity="0" nPathComplexity="0" sequenceCoverage="100.0" branchCoverage="0" crapScore="0" isConstructor="true" isStatic="false" isGetter="false" isSetter="false">
              <Summary numSequencePoints="3" visitedSequencePoints="3" numBranchPoints="0" visitedBranchPoints="0" sequenceCoverage="100.0" branchCoverage="0" maxCyclomaticComplexity="0" minCyclomaticComplexity="0" maxCrapScore="0" minCrapScore="0" visitedClasses="0" numClasses="0" visitedMethods="1" numMethods="1" />
              <MetadataToken>100663330</MetadataToken>
              <Name>SlimeDebuff::SlimeDebuff()</Name>
              <FileRef uid="6" />
              <SequencePoints>
                <SequencePoint vc="6" uspid="244" ordinal="0" offset="0" sl="12" sc="19" el="12" ec="19" bec="0" bev="0" fileid="6" />
                <SequencePoint vc="6" uspid="245" ordinal="0" offset="11" sl="13" sc="19" el="13" ec="19" bec="0" bev="0" fileid="6" />
                <SequencePoint vc="6" uspid="246" ordinal="0" offset="18" sl="14" sc="19" el="14" ec="19" bec="0" bev="0" fileid="6" />
              </SequencePoints>
              <BranchPoints />
            </Method>
          </Methods>
        </Class>
        <Class>
          <Summary numSequencePoints="31" visitedSequencePoints="29" numBranchPoints="0" visitedBranchPoints="0" sequenceCoverage="93.55" branchCoverage="0.0" maxCyclomaticComplexity="0" minCyclomaticComplexity="0" maxCrapScore="0" minCrapScore="0" visitedClasses="1" numClasses="1" visitedMethods="5" numMethods="5" />
          <FullName>SlimeProjectile</FullName>
          <Methods>
            <Method visited="true" cyclomaticComplexity="0" nPathComplexity="0" sequenceCoverage="100.0" branchCoverage="0" crapScore="0" isConstructor="false" isStatic="false" isGetter="false" isSetter="false">
              <Summary numSequencePoints="3" visitedSequencePoints="3" numBranchPoints="0" visitedBranchPoints="0" sequenceCoverage="100.0" branchCoverage="0" maxCyclomaticComplexity="0" minCyclomaticComplexity="0" maxCrapScore="0" minCrapScore="0" visitedClasses="0" numClasses="0" visitedMethods="1" numMethods="1" />
              <MetadataToken>100663331</MetadataToken>
              <Name>System.Void SlimeProjectile::OnEnable()</Name>
              <FileRef uid="7" />
              <SequencePoints>
                <SequencePoint vc="1" uspid="247" ordinal="0" offset="0" sl="21" sc="2" el="21" ec="2" bec="0" bev="0" fileid="7" />
                <SequencePoint vc="1" uspid="248" ordinal="0" offset="1" sl="22" sc="3" el="22" ec="3" bec="0" bev="0" fileid="7" />
                <SequencePoint vc="1" uspid="249" ordinal="0" offset="8" sl="23" sc="2" el="23" ec="2" bec="0" bev="0" fileid="7" />
              </SequencePoints>
              <BranchPoints />
            </Method>
            <Method visited="true" cyclomaticComplexity="0" nPathComplexity="0" sequenceCoverage="100.0" branchCoverage="0" crapScore="0" isConstructor="false" isStatic="false" isGetter="false" isSetter="false">
              <Summary numSequencePoints="4" visitedSequencePoints="4" numBranchPoints="0" visitedBranchPoints="0" sequenceCoverage="100.0" branchCoverage="0" maxCyclomaticComplexity="0" minCyclomaticComplexity="0" maxCrapScore="0" minCrapScore="0" visitedClasses="0" numClasses="0" visitedMethods="1" numMethods="1" />
              <MetadataToken>100663332</MetadataToken>
              <Name>System.Void SlimeProjectile::StartPath(UnityEngine.Transform)</Name>
              <FileRef uid="7" />
              <SequencePoints>
                <SequencePoint vc="1" uspid="250" ordinal="0" offset="0" sl="27" sc="2" el="27" ec="2" bec="0" bev="0" fileid="7" />
                <SequencePoint vc="1" uspid="251" ordinal="0" offset="1" sl="29" sc="3" el="29" ec="3" bec="0" bev="0" fileid="7" />
                <SequencePoint vc="1" uspid="252" ordinal="0" offset="8" sl="30" sc="3" el="30" ec="3" bec="0" bev="0" fileid="7" />
                <SequencePoint vc="1" uspid="253" ordinal="0" offset="15" sl="31" sc="2" el="31" ec="2" bec="0" bev="0" fileid="7" />
              </SequencePoints>
              <BranchPoints />
            </Method>
            <Method visited="true" cyclomaticComplexity="0" nPathComplexity="0" sequenceCoverage="80.00" branchCoverage="0" crapScore="0" isConstructor="false" isStatic="false" isGetter="false" isSetter="false">
              <Summary numSequencePoints="10" visitedSequencePoints="8" numBranchPoints="0" visitedBranchPoints="0" sequenceCoverage="80.00" branchCoverage="0" maxCyclomaticComplexity="0" minCyclomaticComplexity="0" maxCrapScore="0" minCrapScore="0" visitedClasses="0" numClasses="0" visitedMethods="1" numMethods="1" />
              <MetadataToken>100663333</MetadataToken>
              <Name>System.Void SlimeProjectile::Update()</Name>
              <FileRef uid="7" />
              <SequencePoints>
                <SequencePoint vc="23" uspid="254" ordinal="0" offset="0" sl="34" sc="2" el="34" ec="2" bec="0" bev="0" fileid="7" />
                <SequencePoint vc="23" uspid="255" ordinal="0" offset="1" sl="36" sc="3" el="36" ec="3" bec="0" bev="0" fileid="7" />
                <SequencePoint vc="0" uspid="256" ordinal="0" offset="14" sl="37" sc="4" el="37" ec="4" bec="0" bev="0" fileid="7" />
                <SequencePoint vc="23" uspid="257" ordinal="0" offset="19" sl="40" sc="3" el="40" ec="3" bec="0" bev="0" fileid="7" />
                <SequencePoint vc="0" uspid="258" ordinal="0" offset="35" sl="41" sc="4" el="41" ec="4" bec="0" bev="0" fileid="7" />
                <SequencePoint vc="23" uspid="259" ordinal="0" offset="48" sl="43" sc="3" el="43" ec="3" bec="0" bev="0" fileid="7" />
                <SequencePoint vc="23" uspid="260" ordinal="0" offset="66" sl="45" sc="3" el="45" ec="3" bec="0" bev="0" fileid="7" />
                <SequencePoint vc="23" uspid="261" ordinal="0" offset="100" sl="47" sc="3" el="47" ec="3" bec="0" bev="0" fileid="7" />
                <SequencePoint vc="1" uspid="262" ordinal="0" offset="142" sl="48" sc="4" el="48" ec="4" bec="0" bev="0" fileid="7" />
                <SequencePoint vc="23" uspid="263" ordinal="0" offset="149" sl="49" sc="2" el="49" ec="2" bec="0" bev="0" fileid="7" />
              </SequencePoints>
              <BranchPoints />
            </Method>
            <Method visited="true" cyclomaticComplexity="0" nPathComplexity="0" sequenceCoverage="100.0" branchCoverage="0" crapScore="0" isConstructor="false" isStatic="false" isGetter="false" isSetter="false">
              <Summary numSequencePoints="12" visitedSequencePoints="12" numBranchPoints="0" visitedBranchPoints="0" sequenceCoverage="100.0" branchCoverage="0" maxCyclomaticComplexity="0" minCyclomaticComplexity="0" maxCrapScore="0" minCrapScore="0" visitedClasses="0" numClasses="0" visitedMethods="1" numMethods="1" />
              <MetadataToken>100663334</MetadataToken>
              <Name>System.Void SlimeProjectile::Explode()</Name>
              <FileRef uid="7" />
              <SequencePoints>
                <SequencePoint vc="1" uspid="264" ordinal="0" offset="0" sl="53" sc="2" el="53" ec="2" bec="0" bev="0" fileid="7" />
                <SequencePoint vc="1" uspid="265" ordinal="0" offset="1" sl="55" sc="3" el="55" ec="3" bec="0" bev="0" fileid="7" />
                <SequencePoint vc="1" uspid="266" ordinal="0" offset="8" sl="57" sc="3" el="57" ec="3" bec="0" bev="0" fileid="7" />
                <SequencePoint vc="1" uspid="267" ordinal="0" offset="36" sl="59" sc="3" el="59" ec="3" bec="0" bev="0" fileid="7" />
                <SequencePoint vc="1" uspid="268" ordinal="0" offset="48" sl="61" sc="3" el="61" ec="3" bec="0" bev="0" fileid="7" />
                <SequencePoint vc="1" uspid="269" ordinal="0" offset="60" sl="63" sc="3" el="63" ec="3" bec="0" bev="0" fileid="7" />
                <SequencePoint vc="1" uspid="270" ordinal="0" offset="71" sl="64" sc="3" el="64" ec="3" bec="0" bev="0" fileid="7" />
                <SequencePoint vc="1" uspid="271" ordinal="0" offset="72" sl="66" sc="4" el="66" ec="4" bec="0" bev="0" fileid="7" />
                <SequencePoint vc="1" uspid="272" ordinal="0" offset="90" sl="67" sc="4" el="67" ec="4" bec="0" bev="0" fileid="7" />
                <SequencePoint vc="1" uspid="273" ordinal="0" offset="103" sl="68" sc="3" el="68" ec="3" bec="0" bev="0" fileid="7" />
                <SequencePoint vc="1" uspid="274" ordinal="0" offset="104" sl="70" sc="3" el="70" ec="3" bec="0" bev="0" fileid="7" />
                <SequencePoint vc="1" uspid="275" ordinal="0" offset="117" sl="71" sc="2" el="71" ec="2" bec="0" bev="0" fileid="7" />
              </SequencePoints>
              <BranchPoints />
            </Method>
            <Method visited="true" cyclomaticComplexity="0" nPathComplexity="0" sequenceCoverage="100.0" branchCoverage="0" crapScore="0" isConstructor="true" isStatic="false" isGetter="false" isSetter="false">
              <Summary numSequencePoints="2" visitedSequencePoints="2" numBranchPoints="0" visitedBranchPoints="0" sequenceCoverage="100.0" branchCoverage="0" maxCyclomaticComplexity="0" minCyclomaticComplexity="0" maxCrapScore="0" minCrapScore="0" visitedClasses="0" numClasses="0" visitedMethods="1" numMethods="1" />
              <MetadataToken>100663335</MetadataToken>
              <Name>SlimeProjectile::SlimeProjectile()</Name>
              <FileRef uid="7" />
              <SequencePoints>
                <SequencePoint vc="6" uspid="276" ordinal="0" offset="0" sl="9" sc="19" el="9" ec="19" bec="0" bev="0" fileid="7" />
                <SequencePoint vc="6" uspid="277" ordinal="0" offset="11" sl="10" sc="19" el="10" ec="19" bec="0" bev="0" fileid="7" />
              </SequencePoints>
              <BranchPoints />
            </Method>
          </Methods>
        </Class>
        <Class>
          <Summary numSequencePoints="34" visitedSequencePoints="34" numBranchPoints="0" visitedBranchPoints="0" sequenceCoverage="100.0" branchCoverage="0.0" maxCyclomaticComplexity="0" minCyclomaticComplexity="0" maxCrapScore="0" minCrapScore="0" visitedClasses="1" numClasses="1" visitedMethods="5" numMethods="5" />
          <FullName>StinkAttack</FullName>
          <Methods>
            <Method visited="true" cyclomaticComplexity="0" nPathComplexity="0" sequenceCoverage="100.0" branchCoverage="0" crapScore="0" isConstructor="false" isStatic="false" isGetter="false" isSetter="false">
              <Summary numSequencePoints="4" visitedSequencePoints="4" numBranchPoints="0" visitedBranchPoints="0" sequenceCoverage="100.0" branchCoverage="0" maxCyclomaticComplexity="0" minCyclomaticComplexity="0" maxCrapScore="0" minCrapScore="0" visitedClasses="0" numClasses="0" visitedMethods="1" numMethods="1" />
              <MetadataToken>100663336</MetadataToken>
              <Name>System.Void StinkAttack::Fire()</Name>
              <FileRef uid="8" />
              <SequencePoints>
                <SequencePoint vc="3" uspid="278" ordinal="0" offset="0" sl="29" sc="2" el="29" ec="2" bec="0" bev="0" fileid="8" />
                <SequencePoint vc="3" uspid="279" ordinal="0" offset="1" sl="31" sc="3" el="31" ec="3" bec="0" bev="0" fileid="8" />
                <SequencePoint vc="3" uspid="280" ordinal="0" offset="11" sl="32" sc="4" el="32" ec="4" bec="0" bev="0" fileid="8" />
                <SequencePoint vc="3" uspid="281" ordinal="0" offset="18" sl="33" sc="2" el="33" ec="2" bec="0" bev="0" fileid="8" />
              </SequencePoints>
              <BranchPoints />
            </Method>
            <Method visited="true" cyclomaticComplexity="0" nPathComplexity="0" sequenceCoverage="100.0" branchCoverage="0" crapScore="0" isConstructor="false" isStatic="false" isGetter="false" isSetter="false">
              <Summary numSequencePoints="10" visitedSequencePoints="10" numBranchPoints="0" visitedBranchPoints="0" sequenceCoverage="100.0" branchCoverage="0" maxCyclomaticComplexity="0" minCyclomaticComplexity="0" maxCrapScore="0" minCrapScore="0" visitedClasses="0" numClasses="0" visitedMethods="1" numMethods="1" />
              <MetadataToken>100663337</MetadataToken>
              <Name>System.Void StinkAttack::Update()</Name>
              <FileRef uid="8" />
              <SequencePoints>
                <SequencePoint vc="9436" uspid="282" ordinal="0" offset="0" sl="36" sc="2" el="36" ec="2" bec="0" bev="0" fileid="8" />
                <SequencePoint vc="9436" uspid="283" ordinal="0" offset="1" sl="38" sc="3" el="38" ec="3" bec="0" bev="0" fileid="8" />
                <SequencePoint vc="9436" uspid="284" ordinal="0" offset="8" sl="40" sc="3" el="40" ec="3" bec="0" bev="0" fileid="8" />
                <SequencePoint vc="3" uspid="285" ordinal="0" offset="41" sl="41" sc="4" el="41" ec="4" bec="0" bev="0" fileid="8" />
                <SequencePoint vc="9433" uspid="286" ordinal="0" offset="43" sl="44" sc="3" el="44" ec="3" bec="0" bev="0" fileid="8" />
                <SequencePoint vc="9433" uspid="287" ordinal="0" offset="59" sl="46" sc="3" el="46" ec="3" bec="0" bev="0" fileid="8" />
                <SequencePoint vc="9433" uspid="288" ordinal="0" offset="82" sl="48" sc="3" el="48" ec="3" bec="0" bev="0" fileid="8" />
                <SequencePoint vc="8879" uspid="289" ordinal="0" offset="98" sl="49" sc="4" el="49" ec="4" bec="0" bev="0" fileid="8" />
                <SequencePoint vc="9433" uspid="290" ordinal="0" offset="105" sl="51" sc="3" el="51" ec="3" bec="0" bev="0" fileid="8" />
                <SequencePoint vc="9436" uspid="291" ordinal="0" offset="112" sl="52" sc="2" el="52" ec="2" bec="0" bev="0" fileid="8" />
              </SequencePoints>
              <BranchPoints />
            </Method>
            <Method visited="true" cyclomaticComplexity="0" nPathComplexity="0" sequenceCoverage="100.0" branchCoverage="0" crapScore="0" isConstructor="false" isStatic="false" isGetter="false" isSetter="false">
              <Summary numSequencePoints="8" visitedSequencePoints="8" numBranchPoints="0" visitedBranchPoints="0" sequenceCoverage="100.0" branchCoverage="0" maxCyclomaticComplexity="0" minCyclomaticComplexity="0" maxCrapScore="0" minCrapScore="0" visitedClasses="0" numClasses="0" visitedMethods="1" numMethods="1" />
              <MetadataToken>100663338</MetadataToken>
              <Name>System.Void StinkAttack::UpdateReticule()</Name>
[...]
                <SequencePoint vc="6" uspid="1154" ordinal="0" offset="33" sl="15" sc="2" el="15" ec="2" bec="0" bev="0" fileid="38" />
              </SequencePoints>
              <BranchPoints />
            </Method>
          </Methods>
        </Class>
        <Class>
          <Summary numSequencePoints="4" visitedSequencePoints="4" numBranchPoints="0" visitedBranchPoints="0" sequenceCoverage="100.0" branchCoverage="0.0" maxCyclomaticComplexity="0" minCyclomaticComplexity="0" maxCrapScore="0" minCrapScore="0" visitedClasses="1" numClasses="1" visitedMethods="1" numMethods="1" />
          <FullName>QuitButton</FullName>
          <Methods>
            <Method visited="true" cyclomaticComplexity="0" nPathComplexity="0" sequenceCoverage="100.0" branchCoverage="0" crapScore="0" isConstructor="false" isStatic="false" isGetter="false" isSetter="false">
              <Summary numSequencePoints="4" visitedSequencePoints="4" numBranchPoints="0" visitedBranchPoints="0" sequenceCoverage="100.0" branchCoverage="0" maxCyclomaticComplexity="0" minCyclomaticComplexity="0" maxCrapScore="0" minCrapScore="0" visitedClasses="0" numClasses="0" visitedMethods="1" numMethods="1" />
              <MetadataToken>100663507</MetadataToken>
              <Name>System.Void QuitButton::QuitGame()</Name>
              <FileRef uid="40" />
              <SequencePoints>
                <SequencePoint vc="1" uspid="1177" ordinal="0" offset="0" sl="6" sc="5" el="6" ec="5" bec="0" bev="0" fileid="40" />
                <SequencePoint vc="1" uspid="1178" ordinal="0" offset="1" sl="7" sc="9" el="7" ec="9" bec="0" bev="0" fileid="40" />
                <SequencePoint vc="1" uspid="1179" ordinal="0" offset="12" sl="9" sc="9" el="9" ec="9" bec="0" bev="0" fileid="40" />
                <SequencePoint vc="1" uspid="1180" ordinal="0" offset="18" sl="10" sc="5" el="10" ec="5" bec="0" bev="0" fileid="40" />
              </SequencePoints>
              <BranchPoints />
            </Method>
          </Methods>
        </Class>
        <Class>
          <Summary numSequencePoints="5" visitedSequencePoints="5" numBranchPoints="0" visitedBranchPoints="0" sequenceCoverage="100.0" branchCoverage="0.0" maxCyclomaticComplexity="0" minCyclomaticComplexity="0" maxCrapScore="0" minCrapScore="0" visitedClasses="1" numClasses="1" visitedMethods="2" numMethods="2" />
          <FullName>RetryButton</FullName>
          <Methods>
            <Method visited="true" cyclomaticComplexity="0" nPathComplexity="0" sequenceCoverage="100.0" branchCoverage="0" crapScore="0" isConstructor="false" isStatic="false" isGetter="false" isSetter="false">
              <Summary numSequencePoints="4" visitedSequencePoints="4" numBranchPoints="0" visitedBranchPoints="0" sequenceCoverage="100.0" branchCoverage="0" maxCyclomaticComplexity="0" minCyclomaticComplexity="0" maxCrapScore="0" minCrapScore="0" visitedClasses="0" numClasses="0" visitedMethods="1" numMethods="1" />
              <MetadataToken>100663509</MetadataToken>
              <Name>System.Void RetryButton::Retry()</Name>
              <FileRef uid="41" />
              <SequencePoints>
                <SequencePoint vc="2" uspid="1181" ordinal="0" offset="0" sl="9" sc="5" el="9" ec="5" bec="0" bev="0" fileid="41" />
                <SequencePoint vc="2" uspid="1182" ordinal="0" offset="1" sl="10" sc="9" el="10" ec="9" bec="0" bev="0" fileid="41" />
                <SequencePoint vc="2" uspid="1183" ordinal="0" offset="12" sl="11" sc="9" el="11" ec="9" bec="0" bev="0" fileid="41" />
                <SequencePoint vc="2" uspid="1184" ordinal="0" offset="24" sl="12" sc="5" el="12" ec="5" bec="0" bev="0" fileid="41" />
              </SequencePoints>
              <BranchPoints />
            </Method>
            <Method visited="true" cyclomaticComplexity="0" nPathComplexity="0" sequenceCoverage="100.0" branchCoverage="0" crapScore="0" isConstructor="true" isStatic="false" isGetter="false" isSetter="false">
              <Summary numSequencePoints="1" visitedSequencePoints="1" numBranchPoints="0" visitedBranchPoints="0" sequenceCoverage="100.0" branchCoverage="0" maxCyclomaticComplexity="0" minCyclomaticComplexity="0" maxCrapScore="0" minCrapScore="0" visitedClasses="0" numClasses="0" visitedMethods="1" numMethods="1" />
              <MetadataToken>100663510</MetadataToken>
              <Name>RetryButton::RetryButton()</Name>
              <FileRef uid="41" />
              <SequencePoints>
                <SequencePoint vc="2" uspid="1185" ordinal="0" offset="0" sl="6" sc="22" el="6" ec="22" bec="0" bev="0" fileid="41" />
              </SequencePoints>
              <BranchPoints />
            </Method>
          </Methods>
        </Class>
        <Class>
          <Summary numSequencePoints="11" visitedSequencePoints="9" numBranchPoints="0" visitedBranchPoints="0" sequenceCoverage="81.82" branchCoverage="0.0" maxCyclomaticComplexity="0" minCyclomaticComplexity="0" maxCrapScore="0" minCrapScore="0" visitedClasses="1" numClasses="1" visitedMethods="1" numMethods="1" />
          <FullName>SlimeDebuff/&lt;AttackEnemy&gt;d__9</FullName>
          <Methods>
            <Method visited="true" cyclomaticComplexity="0" nPathComplexity="0" sequenceCoverage="81.82" branchCoverage="0" crapScore="0" isConstructor="false" isStatic="false" isGetter="false" isSetter="false">
              <Summary numSequencePoints="11" visitedSequencePoints="9" numBranchPoints="0" visitedBranchPoints="0" sequenceCoverage="81.82" branchCoverage="0" maxCyclomaticComplexity="0" minCyclomaticComplexity="0" maxCrapScore="0" minCrapScore="0" visitedClasses="0" numClasses="0" visitedMethods="1" numMethods="1" />
              <MetadataToken>100663544</MetadataToken>
              <Name>System.Boolean SlimeDebuff/&lt;AttackEnemy&gt;d__9::MoveNext()</Name>
              <FileRef uid="6" />
              <SequencePoints>
                <SequencePoint vc="1" uspid="1325" ordinal="0" offset="31" sl="55" sc="2" el="55" ec="2" bec="0" bev="0" fileid="6" />
                <SequencePoint vc="1" uspid="1326" ordinal="0" offset="32" sl="57" sc="3" el="57" ec="3" bec="0" bev="0" fileid="6" />
                <SequencePoint vc="1" uspid="1327" ordinal="0" offset="67" sl="59" sc="8" el="59" ec="8" bec="0" bev="0" fileid="6" />
                <SequencePoint vc="5" uspid="1328" ordinal="0" offset="76" sl="60" sc="3" el="60" ec="3" bec="0" bev="0" fileid="6" />
                <SequencePoint vc="5" uspid="1329" ordinal="0" offset="77" sl="62" sc="4" el="62" ec="4" bec="0" bev="0" fileid="6" />
                <SequencePoint vc="5" uspid="1330" ordinal="0" offset="105" sl="64" sc="4" el="64" ec="4" bec="0" bev="0" fileid="6" />
                <SequencePoint vc="4" uspid="1331" ordinal="0" offset="138" sl="65" sc="3" el="65" ec="3" bec="0" bev="0" fileid="6" />
                <SequencePoint vc="4" uspid="1332" ordinal="0" offset="139" sl="59" sc="37" el="59" ec="37" bec="0" bev="0" fileid="6" />
                <SequencePoint vc="5" uspid="1333" ordinal="0" offset="155" sl="59" sc="19" el="59" ec="19" bec="0" bev="0" fileid="6" />
                <SequencePoint vc="0" uspid="1334" ordinal="0" offset="173" sl="68" sc="3" el="68" ec="3" bec="0" bev="0" fileid="6" />
                <SequencePoint vc="0" uspid="1335" ordinal="0" offset="185" sl="69" sc="2" el="69" ec="2" bec="0" bev="0" fileid="6" />
              </SequencePoints>
              <BranchPoints />
            </Method>
          </Methods>
        </Class>
        <Class>
          <Summary numSequencePoints="18" visitedSequencePoints="16" numBranchPoints="0" visitedBranchPoints="0" sequenceCoverage="88.89" branchCoverage="0.0" maxCyclomaticComplexity="0" minCyclomaticComplexity="0" maxCrapScore="0" minCrapScore="0" visitedClasses="1" numClasses="1" visitedMethods="1" numMethods="1" />
          <FullName>StinkProjectile/&lt;FollowPath&gt;d__9</FullName>
          <Methods>
            <Method visited="true" cyclomaticComplexity="0" nPathComplexity="0" sequenceCoverage="88.89" branchCoverage="0" crapScore="0" isConstructor="false" isStatic="false" isGetter="false" isSetter="false">
              <Summary numSequencePoints="18" visitedSequencePoints="16" numBranchPoints="0" visitedBranchPoints="0" sequenceCoverage="88.89" branchCoverage="0" maxCyclomaticComplexity="0" minCyclomaticComplexity="0" maxCrapScore="0" minCrapScore="0" visitedClasses="0" numClasses="0" visitedMethods="1" numMethods="1" />
              <MetadataToken>100663550</MetadataToken>
              <Name>System.Boolean StinkProjectile/&lt;FollowPath&gt;d__9::MoveNext()</Name>
              <FileRef uid="10" />
              <SequencePoints>
                <SequencePoint vc="3" uspid="1336" ordinal="0" offset="34" sl="40" sc="2" el="40" ec="2" bec="0" bev="0" fileid="10" />
                <SequencePoint vc="3" uspid="1337" ordinal="0" offset="35" sl="43" sc="3" el="43" ec="3" bec="0" bev="0" fileid="10" />
                <SequencePoint vc="3" uspid="1338" ordinal="0" offset="53" sl="45" sc="3" el="45" ec="3" bec="0" bev="0" fileid="10" />
                <SequencePoint vc="3" uspid="1339" ordinal="0" offset="81" sl="47" sc="3" el="47" ec="3" bec="0" bev="0" fileid="10" />
                <SequencePoint vc="3" uspid="1340" ordinal="0" offset="114" sl="49" sc="3" el="49" ec="3" bec="0" bev="0" fileid="10" />
                <SequencePoint vc="3" uspid="1341" ordinal="0" offset="131" sl="51" sc="3" el="51" ec="3" bec="0" bev="0" fileid="10" />
                <SequencePoint vc="3" uspid="1342" ordinal="0" offset="142" sl="53" sc="3" el="53" ec="3" bec="0" bev="0" fileid="10" />
                <SequencePoint vc="101" uspid="1343" ordinal="0" offset="165" sl="57" sc="3" el="57" ec="3" bec="0" bev="0" fileid="10" />
                <SequencePoint vc="101" uspid="1344" ordinal="0" offset="166" sl="59" sc="4" el="59" ec="4" bec="0" bev="0" fileid="10" />
                <SequencePoint vc="101" uspid="1345" ordinal="0" offset="196" sl="61" sc="4" el="61" ec="4" bec="0" bev="0" fileid="10" />
                <SequencePoint vc="101" uspid="1346" ordinal="0" offset="240" sl="63" sc="4" el="63" ec="4" bec="0" bev="0" fileid="10" />
                <SequencePoint vc="101" uspid="1347" ordinal="0" offset="275" sl="64" sc="4" el="64" ec="4" bec="0" bev="0" fileid="10" />
                <SequencePoint vc="101" uspid="1348" ordinal="0" offset="296" sl="66" sc="4" el="66" ec="4" bec="0" bev="0" fileid="10" />
                <SequencePoint vc="101" uspid="1349" ordinal="0" offset="319" sl="68" sc="4" el="68" ec="4" bec="0" bev="0" fileid="10" />
                <SequencePoint vc="98" uspid="1350" ordinal="0" offset="342" sl="69" sc="3" el="69" ec="3" bec="0" bev="0" fileid="10" />
                <SequencePoint vc="101" uspid="1351" ordinal="0" offset="355" sl="56" sc="3" el="56" ec="3" bec="0" bev="0" fileid="10" />
                <SequencePoint vc="0" uspid="1352" ordinal="0" offset="382" sl="72" sc="3" el="72" ec="3" bec="0" bev="0" fileid="10" />
                <SequencePoint vc="0" uspid="1353" ordinal="0" offset="394" sl="73" sc="2" el="73" ec="2" bec="0" bev="0" fileid="10" />
              </SequencePoints>
              <BranchPoints />
            </Method>
          </Methods>
        </Class>
        <Class>
          <Summary numSequencePoints="13" visitedSequencePoints="12" numBranchPoints="0" visitedBranchPoints="0" sequenceCoverage="92.31" branchCoverage="0.0" maxCyclomaticComplexity="0" minCyclomaticComplexity="0" maxCrapScore="0" minCrapScore="0" visitedClasses="1" numClasses="1" visitedMethods="1" numMethods="1" />
          <FullName>EnemyAttack/&lt;AttackPlayer&gt;d__12</FullName>
          <Methods>
            <Method visited="true" cyclomaticComplexity="0" nPathComplexity="0" sequenceCoverage="92.31" branchCoverage="0" crapScore="0" isConstructor="false" isStatic="false" isGetter="false" isSetter="false">
              <Summary numSequencePoints="13" visitedSequencePoints="12" numBranchPoints="0" visitedBranchPoints="0" sequenceCoverage="92.31" branchCoverage="0" maxCyclomaticComplexity="0" minCyclomaticComplexity="0" maxCrapScore="0" minCrapScore="0" visitedClasses="0" numClasses="0" visitedMethods="1" numMethods="1" />
              <MetadataToken>100663556</MetadataToken>
              <Name>System.Boolean EnemyAttack/&lt;AttackPlayer&gt;d__12::MoveNext()</Name>
              <FileRef uid="11" />
              <SequencePoints>
                <SequencePoint vc="85" uspid="1354" ordinal="0" offset="45" sl="75" sc="2" el="75" ec="2" bec="0" bev="0" fileid="11" />
                <SequencePoint vc="85" uspid="1355" ordinal="0" offset="46" sl="78" sc="3" el="78" ec="3" bec="0" bev="0" fileid="11" />
                <SequencePoint vc="46" uspid="1356" ordinal="0" offset="69" sl="82" sc="3" el="82" ec="3" bec="0" bev="0" fileid="11" />
                <SequencePoint vc="0" uspid="1357" ordinal="0" offset="84" sl="83" sc="4" el="83" ec="4" bec="0" bev="0" fileid="11" />
                <SequencePoint vc="1494" uspid="1358" ordinal="0" offset="88" sl="87" sc="3" el="87" ec="3" bec="0" bev="0" fileid="11" />
                <SequencePoint vc="1494" uspid="1359" ordinal="0" offset="89" sl="89" sc="4" el="89" ec="4" bec="0" bev="0" fileid="11" />
                <SequencePoint vc="9" uspid="1360" ordinal="0" offset="126" sl="90" sc="4" el="90" ec="4" bec="0" bev="0" fileid="11" />
                <SequencePoint vc="9" uspid="1361" ordinal="0" offset="127" sl="93" sc="5" el="93" ec="5" bec="0" bev="0" fileid="11" />
                <SequencePoint vc="9" uspid="1362" ordinal="0" offset="154" sl="94" sc="4" el="94" ec="4" bec="0" bev="0" fileid="11" />
                <SequencePoint vc="1494" uspid="1363" ordinal="0" offset="155" sl="96" sc="4" el="96" ec="4" bec="0" bev="0" fileid="11" />
                <SequencePoint vc="1482" uspid="1364" ordinal="0" offset="188" sl="97" sc="3" el="97" ec="3" bec="0" bev="0" fileid="11" />
                <SequencePoint vc="1528" uspid="1365" ordinal="0" offset="189" sl="86" sc="3" el="86" ec="3" bec="0" bev="0" fileid="11" />
                <SequencePoint vc="34" uspid="1366" ordinal="0" offset="223" sl="98" sc="2" el="98" ec="2" bec="0" bev="0" fileid="11" />
              </SequencePoints>
              <BranchPoints />
            </Method>
          </Methods>
        </Class>
        <Class>
          <Summary numSequencePoints="14" visitedSequencePoints="13" numBranchPoints="0" visitedBranchPoints="0" sequenceCoverage="92.86" branchCoverage="0.0" maxCyclomaticComplexity="0" minCyclomaticComplexity="0" maxCrapScore="0" minCrapScore="0" visitedClasses="1" numClasses="1" visitedMethods="1" numMethods="1" />
          <FullName>EnemyMovement/&lt;ChasePlayer&gt;d__10</FullName>
          <Methods>
            <Method visited="true" cyclomaticComplexity="0" nPathComplexity="0" sequenceCoverage="92.86" branchCoverage="0" crapScore="0" isConstructor="false" isStatic="false" isGetter="false" isSetter="false">
              <Summary numSequencePoints="14" visitedSequencePoints="13" numBranchPoints="0" visitedBranchPoints="0" sequenceCoverage="92.86" branchCoverage="0" maxCyclomaticComplexity="0" minCyclomaticComplexity="0" maxCrapScore="0" minCrapScore="0" visitedClasses="0" numClasses="0" visitedMethods="1" numMethods="1" />
              <MetadataToken>100663562</MetadataToken>
              <Name>System.Boolean EnemyMovement/&lt;ChasePlayer&gt;d__10::MoveNext()</Name>
              <FileRef uid="13" />
              <SequencePoints>
                <SequencePoint vc="85" uspid="1367" ordinal="0" offset="45" sl="49" sc="2" el="49" ec="2" bec="0" bev="0" fileid="13" />
                <SequencePoint vc="85" uspid="1368" ordinal="0" offset="46" sl="51" sc="3" el="51" ec="3" bec="0" bev="0" fileid="13" />
                <SequencePoint vc="46" uspid="1369" ordinal="0" offset="69" sl="54" sc="3" el="54" ec="3" bec="0" bev="0" fileid="13" />
                <SequencePoint vc="0" uspid="1370" ordinal="0" offset="84" sl="55" sc="4" el="55" ec="4" bec="0" bev="0" fileid="13" />
                <SequencePoint vc="2218" uspid="1371" ordinal="0" offset="91" sl="59" sc="3" el="59" ec="3" bec="0" bev="0" fileid="13" />
                <SequencePoint vc="2218" uspid="1372" ordinal="0" offset="92" sl="61" sc="4" el="61" ec="4" bec="0" bev="0" fileid="13" />
                <SequencePoint vc="2218" uspid="1373" ordinal="0" offset="108" sl="63" sc="4" el="63" ec="4" bec="0" bev="0" fileid="13" />
                <SequencePoint vc="87" uspid="1374" ordinal="0" offset="123" sl="64" sc="5" el="64" ec="5" bec="0" bev="0" fileid="13" />
                <SequencePoint vc="2131" uspid="1375" ordinal="0" offset="153" sl="66" sc="9" el="66" ec="9" bec="0" bev="0" fileid="13" />
                <SequencePoint vc="2066" uspid="1376" ordinal="0" offset="169" sl="67" sc="5" el="67" ec="5" bec="0" bev="0" fileid="13" />
                <SequencePoint vc="2218" uspid="1377" ordinal="0" offset="197" sl="69" sc="4" el="69" ec="4" bec="0" bev="0" fileid="13" />
                <SequencePoint vc="2189" uspid="1378" ordinal="0" offset="224" sl="70" sc="3" el="70" ec="3" bec="0" bev="0" fileid="13" />
                <SequencePoint vc="2235" uspid="1379" ordinal="0" offset="232" sl="58" sc="3" el="58" ec="3" bec="0" bev="0" fileid="13" />
                <SequencePoint vc="17" uspid="1380" ordinal="0" offset="257" sl="71" sc="2" el="71" ec="2" bec="0" bev="0" fileid="13" />
              </SequencePoints>
              <BranchPoints />
            </Method>
          </Methods>
        </Class>
        <Class>
          <Summary numSequencePoints="7" visitedSequencePoints="6" numBranchPoints="0" visitedBranchPoints="0" sequenceCoverage="85.71" branchCoverage="0.0" maxCyclomaticComplexity="0" minCyclomaticComplexity="0" maxCrapScore="0" minCrapScore="0" visitedClasses="1" numClasses="1" visitedMethods="1" numMethods="1" />
          <FullName>EnemySpawner/&lt;Start&gt;d__7</FullName>
          <Methods>
            <Method visited="true" cyclomaticComplexity="0" nPathComplexity="0" sequenceCoverage="85.71" branchCoverage="0" crapScore="0" isConstructor="false" isStatic="false" isGetter="false" isSetter="false">
              <Summary numSequencePoints="7" visitedSequencePoints="6" numBranchPoints="0" visitedBranchPoints="0" sequenceCoverage="85.71" branchCoverage="0" maxCyclomaticComplexity="0" minCyclomaticComplexity="0" maxCrapScore="0" minCrapScore="0" visitedClasses="0" numClasses="0" visitedMethods="1" numMethods="1" />
              <MetadataToken>100663568</MetadataToken>
              <Name>System.Boolean EnemySpawner/&lt;Start&gt;d__7::MoveNext()</Name>
              <FileRef uid="26" />
              <SequencePoints>
                <SequencePoint vc="15" uspid="1381" ordinal="0" offset="31" sl="50" sc="2" el="50" ec="2" bec="0" bev="0" fileid="26" />
                <SequencePoint vc="78" uspid="1382" ordinal="0" offset="34" sl="53" sc="3" el="53" ec="3" bec="0" bev="0" fileid="26" />
                <SequencePoint vc="78" uspid="1383" ordinal="0" offset="35" sl="55" sc="4" el="55" ec="4" bec="0" bev="0" fileid="26" />
                <SequencePoint vc="63" uspid="1384" ordinal="0" offset="68" sl="57" sc="4" el="57" ec="4" bec="0" bev="0" fileid="26" />
                <SequencePoint vc="63" uspid="1385" ordinal="0" offset="80" sl="63" sc="3" el="63" ec="3" bec="0" bev="0" fileid="26" />
                <SequencePoint vc="78" uspid="1386" ordinal="0" offset="81" sl="52" sc="3" el="52" ec="3" bec="0" bev="0" fileid="26" />
                <SequencePoint vc="0" uspid="1387" ordinal="0" offset="96" sl="64" sc="2" el="64" ec="2" bec="0" bev="0" fileid="26" />
              </SequencePoints>
              <BranchPoints />
            </Method>
          </Methods>
        </Class>
      </Classes>
    </Module>
  </Modules>
</CoverageSession>