<?xml version="1.0" encoding="utf-8"?>
<CoverageSession xmlns:xsd="http://www.w3.org/2001/XMLSchema" xmlns:xsi="http://www.w3.org/2001/XMLSchema-instance" Version="0.0.0.0">
  <Summary numSequencePoints="39" visitedSequencePoints="39" numBranchPoints="0" visitedBranchPoints="0" sequenceCoverage="100.0" branchCoverage="0.0" maxCyclomaticComplexity="0" minCyclomaticComplexity="0" maxCrapScore="0" minCrapScore="0" visitedClasses="4" numClasses="4" visitedMethods="10" numMethods="10" />
  <Modules>
    <Module>
      <Summary numSequencePoints="39" visitedSequencePoints="39" numBranchPoints="0" visitedBranchPoints="0" sequenceCoverage="100.0" branchCoverage="0.0" maxCyclomaticComplexity="0" minCyclomaticComplexity="0" maxCrapScore="0" minCrapScore="0" visitedClasses="4" numClasses="4" visitedMethods="10" numMethods="10" />
      <ModuleTime>0001-01-01T00:00:00</ModuleTime>
      <ModuleName>Tests</ModuleName>
      <Files>
        <File uid="49" fullPath="E:/Game_3D-Update/3D_Nang_Cao/Assets/Tests/EditMode/EditMode.asmdef.cs" />
        <File uid="50" fullPath="E:/Game_3D-Update/3D_Nang_Cao/Assets/Tests/EditMode/PlayerEditModeTest1.cs" />
        <File uid="51" fullPath="E:/Game_3D-Update/3D_Nang_Cao/Assets/Tests/EditMode/PlayerEditModeTest2.cs" />
      </Files>
      <Classes>
        <Class>
          <Summary numSequencePoints="2" visitedSequencePoints="2" numBranchPoints="0" visitedBranchPoints="0" sequenceCoverage="100.0" branchCoverage="0.0" maxCyclomaticComplexity="0" minCyclomaticComplexity="0" maxCrapScore="0" minCrapScore="0" visitedClasses="1" numClasses="1" visitedMethods="1" numMethods="1" />
          <FullName>NewTestScript</FullName>
          <Methods>
            <Method visited="true" cyclomaticComplexity="0" nPathComplexity="0" sequenceCoverage="100.0" branchCoverage="0" crapScore="0" isConstructor="false" isStatic="false" isGetter="false" isSetter="false">
              <Summary numSequencePoints="2" visitedSequencePoints="2" numBranchPoints="0" visitedBranchPoints="0" sequenceCoverage="100.0" branchCoverage="0" maxCyclomaticComplexity="0" minCyclomaticComplexity="0" maxCrapScore="0" minCrapScore="0" visitedClasses="0" numClasses="0" visitedMethods="1" numMethods="1" />
              <MetadataToken>100663297</MetadataToken>
              <Name>System.Void NewTestScript::NewTestScriptSimplePasses()</Name>
              <FileRef uid="49" />
              <SequencePoints>
                <SequencePoint vc="1" uspid="6706" ordinal="0" offset="0" sl="11" sc="5" el="11" ec="5" bec="0" bev="0" fileid="49" />
                <SequencePoint vc="1" uspid="6707" ordinal="0" offset="1" sl="13" sc="5" el="13" ec="5" bec="0" bev="0" fileid="49" />
              </SequencePoints>
              <BranchPoints />
            </Method>
          </Methods>
        </Class>
        <Class>
          <Summary numSequencePoints="26" visitedSequencePoints="26" numBranchPoints="0" visitedBranchPoints="0" sequenceCoverage="100.0" branchCoverage="0.0" maxCyclomaticComplexity="0" minCyclomaticComplexity="0" maxCrapScore="0" minCrapScore="0" visitedClasses="1" numClasses="1" visitedMethods="6" numMethods="6" />
          <FullName>PlayerEditModeTest</FullName>
          <Methods>
            <Method visited="true" cyclomaticComplexity="0" nPathComplexity="0" sequenceCoverage="100.0" branchCoverage="0" crapScore="0" isConstructor="false" isStatic="false" isGetter="false" isSetter="false">
              <Summary numSequencePoints="4" visitedSequencePoints="4" numBranchPoints="0" visitedBranchPoints="0" sequenceCoverage="100.0" branchCoverage="0" maxCyclomaticComplexity="0" minCyclomaticComplexity="0" maxCrapScore="0" minCrapScore="0" visitedClasses="0" numClasses="0" visitedMethods="1" numMethods="1" />
              <MetadataToken>100663300</MetadataToken>
              <Name>System.Void PlayerEditModeTest::Score_InitialValue_NotNegative()</Name>
              <FileRef uid="50" />
              <SequencePoints>
                <SequencePoint vc="1" uspid="6708" ordinal="0" offset="0" sl="15" sc="5" el="15" ec="5" bec="0" bev="0" fileid="50" />
                <SequencePoint vc="1" uspid="6709" ordinal="0" offset="1" sl="16" sc="9" el="16" ec="9" bec="0" bev="0" fileid="50" />
                <SequencePoint vc="1" uspid="6710" ordinal="0" offset="3" sl="19" sc="9" el="19" ec="9" bec="0" bev="0" fileid="50" />
                <SequencePoint vc="1" uspid="6711" ordinal="0" offset="21" sl="24" sc="5" el="24" ec="5" bec="0" bev="0" fileid="50" />
              </SequencePoints>
              <BranchPoints />
            </Method>
            <Method visited="true" cyclomaticComplexity="0" nPathComplexity="0" sequenceCoverage="100.0" branchCoverage="0" crapScore="0" isConstructor="false" isStatic="false" isGetter="false" isSetter="false">
              <Summary numSequencePoints="5" visitedSequencePoints="5" numBranchPoints="0" visitedBranchPoints="0" sequenceCoverage="100.0" branchCoverage="0" maxCyclomaticComplexity="0" minCyclomaticComplexity="0" maxCrapScore="0" minCrapScore="0" visitedClasses="0" numClasses="0" visitedMethods="1" numMethods="1" />
              <MetadataToken>100663301</MetadataToken>
              <Name>System.Void PlayerEditModeTest::Score_AddPoint_Correct()</Name>
              <FileRef uid="50" />
              <SequencePoints>
                <SequencePoint vc="1" uspid="6712" ordinal="0" offset="0" sl="30" sc="5" el="30" ec="5" bec="0" bev="0" fileid="50" />
                <SequencePoint vc="1" uspid="6713" ordinal="0" offset="1" sl="31" sc="9" el="31" ec="9" bec="0" bev="0" fileid="50" />
                <SequencePoint vc="1" uspid="6714" ordinal="0" offset="4" sl="32" sc="9" el="32" ec="9" bec="0" bev="0" fileid="50" />
                <SequencePoint vc="1" uspid="6715" ordinal="0" offset="8" sl="35" sc="9" el="35" ec="9" bec="0" bev="0" fileid="50" />
                <SequencePoint vc="1" uspid="6716" ordinal="0" offset="37" sl="40" sc="5" el="40" ec="5" bec="0" bev="0" fileid="50" />
              </SequencePoints>
              <BranchPoints />
            </Method>
            <Method visited="true" cyclomaticComplexity="0" nPathComplexity="0" sequenceCoverage="100.0" branchCoverage="0" crapScore="0" isConstructor="false" isStatic="false" isGetter="false" isSetter="false">
              <Summary numSequencePoints="5" visitedSequencePoints="5" numBranchPoints="0" visitedBranchPoints="0" sequenceCoverage="100.0" branchCoverage="0" maxCyclomaticComplexity="0" minCyclomaticComplexity="0" maxCrapScore="0" minCrapScore="0" visitedClasses="0" numClasses="0" visitedMethods="1" numMethods="1" />
              <MetadataToken>100663302</MetadataToken>
              <Name>System.Void PlayerEditModeTest::Score_AddNegative_NotAllowed()</Name>
              <FileRef uid="50" />
              <SequencePoints>
                <SequencePoint vc="1" uspid="6717" ordinal="0" offset="0" sl="46" sc="5" el="46" ec="5" bec="0" bev="0" fileid="50" />
                <SequencePoint vc="1" uspid="6718" ordinal="0" offset="1" sl="47" sc="9" el="47" ec="9" bec="0" bev="0" fileid="50" />
                <SequencePoint vc="1" uspid="6719" ordinal="0" offset="4" sl="48" sc="9" el="48" ec="9" bec="0" bev="0" fileid="50" />
                <SequencePoint vc="1" uspid="6720" ordinal="0" offset="6" sl="51" sc="9" el="51" ec="9" bec="0" bev="0" fileid="50" />
                <SequencePoint vc="1" uspid="6721" ordinal="0" offset="24" sl="56" sc="5" el="56" ec="5" bec="0" bev="0" fileid="50" />
              </SequencePoints>
              <BranchPoints />
            </Method>
            <Method visited="true" cyclomaticComplexity="0" nPathComplexity="0" sequenceCoverage="100.0" branchCoverage="0" crapScore="0" isConstructor="false" isStatic="false" isGetter="false" isSetter="false">
              <Summary numSequencePoints="4" visitedSequencePoints="4" numBranchPoints="0" visitedBranchPoints="0" sequenceCoverage="100.0" branchCoverage="0" maxCyclomaticComplexity="0" minCyclomaticComplexity="0" maxCrapScore="0" minCrapScore="0" visitedClasses="0" numClasses="0" visitedMethods="1" numMethods="1" />
              <MetadataToken>100663303</MetadataToken>
              <Name>System.Void PlayerEditModeTest::Player_MoveSpeed_GreaterThanZero()</Name>
              <FileRef uid="50" />
              <SequencePoints>
                <SequencePoint vc="1" uspid="6722" ordinal="0" offset="0" sl="67" sc="5" el="67" ec="5" bec="0" bev="0" fileid="50" />
                <SequencePoint vc="1" uspid="6723" ordinal="0" offset="1" sl="68" sc="9" el="68" ec="9" bec="0" bev="0" fileid="50" />
                <SequencePoint vc="1" uspid="6724" ordinal="0" offset="7" sl="71" sc="9" el="71" ec="9" bec="0" bev="0" fileid="50" />
                <SequencePoint vc="1" uspid="6725" ordinal="0" offset="29" sl="76" sc="5" el="76" ec="5" bec="0" bev="0" fileid="50" />
              </SequencePoints>
              <BranchPoints />
            </Method>
            <Method visited="true" cyclomaticComplexity="0" nPathComplexity="0" sequenceCoverage="100.0" branchCoverage="0" crapScore="0" isConstructor="false" isStatic="false" isGetter="false" isSetter="false">
              <Summary numSequencePoints="4" visitedSequencePoints="4" numBranchPoints="0" visitedBranchPoints="0" sequenceCoverage="100.0" branchCoverage="0" maxCyclomaticComplexity="0" minCyclomaticComplexity="0" maxCrapScore="0" minCrapScore="0" visitedClasses="0" numClasses="0" visitedMethods="1" numMethods="1" />
              <MetadataToken>100663304</MetadataToken>
              <Name>System.Void PlayerEditModeTest::Player_Health_NotNegative()</Name>
              <FileRef uid="50" />
              <SequencePoints>
                <SequencePoint vc="1" uspid="6726" ordinal="0" offset="0" sl="82" sc="5" el="82" ec="5" bec="0" bev="0" fileid="50" />
                <SequencePoint vc="1" uspid="6727" ordinal="0" offset="1" sl="83" sc="9" el="83" ec="9" bec="0" bev="0" fileid="50" />
                <SequencePoint vc="1" uspid="6728" ordinal="0" offset="4" sl="86" sc="9" el="86" ec="9" bec="0" bev="0" fileid="50" />
                <SequencePoint vc="1" uspid="6729" ordinal="0" offset="22" sl="91" sc="5" el="91" ec="5" bec="0" bev="0" fileid="50" />
              </SequencePoints>
              <BranchPoints />
            </Method>
            <Method visited="true" cyclomaticComplexity="0" nPathComplexity="0" sequenceCoverage="100.0" branchCoverage="0" crapScore="0" isConstructor="false" isStatic="false" isGetter="false" isSetter="false">
              <Summary numSequencePoints="4" visitedSequencePoints="4" numBranchPoints="0" visitedBranchPoints="0" sequenceCoverage="100.0" branchCoverage="0" maxCyclomaticComplexity="0" minCyclomaticComplexity="0" maxCrapScore="0" minCrapScore="0" visitedClasses="0" numClasses="0" visitedMethods="1" numMethods="1" />
              <MetadataToken>100663305</MetadataToken>
              <Name>System.Void PlayerEditModeTest::Damage_NotNegative()</Name>
              <FileRef uid="50" />
              <SequencePoints>
                <SequencePoint vc="1" uspid="6730" ordinal="0" offset="0" sl="97" sc="5" el="97" ec="5" bec="0" bev="0" fileid="50" />
                <SequencePoint vc="1" uspid="6731" ordinal="0" offset="1" sl="98" sc="9" el="98" ec="9" bec="0" bev="0" fileid="50" />
                <SequencePoint vc="1" uspid="6732" ordinal="0" offset="4" sl="101" sc="9" el="101" ec="9" bec="0" bev="0" fileid="50" />
                <SequencePoint vc="1" uspid="6733" ordinal="0" offset="22" sl="106" sc="5" el="106" ec="5" bec="0" bev="0" fileid="50" />
              </SequencePoints>
              <BranchPoints />
            </Method>
          </Methods>
        </Class>
        <Class>
          <Summary numSequencePoints="8" visitedSequencePoints="8" numBranchPoints="0" visitedBranchPoints="0" sequenceCoverage="100.0" branchCoverage="0.0" maxCyclomaticComplexity="0" minCyclomaticComplexity="0" maxCrapScore="0" minCrapScore="0" visitedClasses="1" numClasses="1" visitedMethods="2" numMethods="2" />
          <FullName>PlayerEditModeTest2</FullName>
          <Methods>
            <Method visited="true" cyclomaticComplexity="0" nPathComplexity="0" sequenceCoverage="100.0" branchCoverage="0" crapScore="0" isConstructor="false" isStatic="false" isGetter="false" isSetter="false">
              <Summary numSequencePoints="4" visitedSequencePoints="4" numBranchPoints="0" visitedBranchPoints="0" sequenceCoverage="100.0" branchCoverage="0" maxCyclomaticComplexity="0" minCyclomaticComplexity="0" maxCrapScore="0" minCrapScore="0" visitedClasses="0" numClasses="0" visitedMethods="1" numMethods="1" />
              <MetadataToken>100663307</MetadataToken>
              <Name>System.Void PlayerEditModeTest2::Player_MoveSpeed_GreaterThanZero()</Name>
              <FileRef uid="51" />
              <SequencePoints>
                <SequencePoint vc="1" uspid="6734" ordinal="0" offset="0" sl="9" sc="5" el="9" ec="5" bec="0" bev="0" fileid="51" />
                <SequencePoint vc="1" uspid="6735" ordinal="0" offset="1" sl="10" sc="9" el="10" ec="9" bec="0" bev="0" fileid="51" />
                <SequencePoint vc="1" uspid="6736" ordinal="0" offset="7" sl="13" sc="9" el="13" ec="9" bec="0" bev="0" fileid="51" />
                <SequencePoint vc="1" uspid="6737" ordinal="0" offset="29" sl="18" sc="5" el="18" ec="5" bec="0" bev="0" fileid="51" />
              </SequencePoints>
              <BranchPoints />
            </Method>
            <Method visited="true" cyclomaticComplexity="0" nPathComplexity="0" sequenceCoverage="100.0" branchCoverage="0" crapScore="0" isConstructor="false" isStatic="false" isGetter="false" isSetter="false">
              <Summary numSequencePoints="4" visitedSequencePoints="4" numBranchPoints="0" visitedBranchPoints="0" sequenceCoverage="100.0" branchCoverage="0" maxCyclomaticComplexity="0" minCyclomaticComplexity="0" maxCrapScore="0" minCrapScore="0" visitedClasses="0" numClasses="0" visitedMethods="1" numMethods="1" />
              <MetadataToken>100663308</MetadataToken>
              <Name>System.Void PlayerEditModeTest2::Player_MoveSpeed_NotNegative()</Name>
              <FileRef uid="51" />
              <SequencePoints>
                <SequencePoint vc="1" uspid="6738" ordinal="0" offset="0" sl="24" sc="5" el="24" ec="5" bec="0" bev="0" fileid="51" />
                <SequencePoint vc="1" uspid="6739" ordinal="0" offset="1" sl="25" sc="9" el="25" ec="9" bec="0" bev="0" fileid="51" />
                <SequencePoint vc="1" uspid="6740" ordinal="0" offset="7" sl="28" sc="9" el="28" ec="9" bec="0" bev="0" fileid="51" />
                <SequencePoint vc="1" uspid="6741" ordinal="0" offset="29" sl="33" sc="5" el="33" ec="5" bec="0" bev="0" fileid="51" />
              </SequencePoints>
              <BranchPoints />
            </Method>
          </Methods>
        </Class>
        <Class>
          <Summary numSequencePoints="3" visitedSequencePoints="3" numBranchPoints="0" visitedBranchPoints="0" sequenceCoverage="100.0" branchCoverage="0.0" maxCyclomaticComplexity="0" minCyclomaticComplexity="0" maxCrapScore="0" minCrapScore="0" visitedClasses="1" numClasses="1" visitedMethods="1" numMethods="1" />
          <FullName>NewTestScript/&lt;NewTestScriptWithEnumeratorPasses&gt;d__1</FullName>
          <Methods>
            <Method visited="true" cyclomaticComplexity="0" nPathComplexity="0" sequenceCoverage="100.0" branchCoverage="0" crapScore="0" isConstructor="false" isStatic="false" isGetter="false" isSetter="false">
              <Summary numSequencePoints="3" visitedSequencePoints="3" numBranchPoints="0" visitedBranchPoints="0" sequenceCoverage="100.0" branchCoverage="0" maxCyclomaticComplexity="0" minCyclomaticComplexity="0" maxCrapScore="0" minCrapScore="0" visitedClasses="0" numClasses="0" visitedMethods="1" numMethods="1" />
              <MetadataToken>100663314</MetadataToken>
              <Name>System.Boolean NewTestScript/&lt;NewTestScriptWithEnumeratorPasses&gt;d__1::MoveNext()</Name>
              <FileRef uid="49" />
              <SequencePoints>
                <SequencePoint vc="1" uspid="6742" ordinal="0" offset="31" sl="19" sc="5" el="19" ec="5" bec="0" bev="0" fileid="49" />
                <SequencePoint vc="1" uspid="6743" ordinal="0" offset="32" sl="22" sc="9" el="22" ec="9" bec="0" bev="0" fileid="49" />
                <SequencePoint vc="1" uspid="6744" ordinal="0" offset="55" sl="23" sc="5" el="23" ec="5" bec="0" bev="0" fileid="49" />
              </SequencePoints>
              <BranchPoints />
            </Method>
          </Methods>
        </Class>
      </Classes>
    </Module>
  </Modules>
</CoverageSession>